#
# There is insufficient memory for the Java Runtime Environment to continue.
# Native memory allocation (malloc) failed to allocate 2106960 bytes for Chunk::new
# Possible reasons:
#   The system is out of physical RAM or swap space
#   The process is running with CompressedOops enabled, and the Java Heap may be blocking the growth of the native heap
# Possible solutions:
#   Reduce memory load on the system
#   Increase physical memory or swap space
#   Check if swap backing store is full
#   Decrease Java heap size (-Xmx/-Xms)
#   Decrease number of Java threads
#   Decrease Java thread stack sizes (-Xss)
#   Set larger code cache with -XX:ReservedCodeCacheSize=
#   JVM is running with Unscaled Compressed Oops mode in which the Java heap is
#     placed in the first 4GB address space. The Java Heap base address is the
#     maximum limit for the native heap growth. Please use -XX:HeapBaseMinAddress
#     to set the Java Heap base and to place the Java Heap above 4GB virtual address.
# This output file may be truncated or incomplete.
#
#  Out of Memory Error (allocation.cpp:389), pid=852, tid=0x0000000000003658
#
# JRE version: Java(TM) SE Runtime Environment (8.0_251-b08) (build 1.8.0_251-b08)
# Java VM: Java HotSpot(TM) 64-Bit Server VM (25.251-b08 mixed mode windows-amd64 compressed oops)
# Failed to write core dump. Minidumps are not enabled by default on client versions of Windows
#

---------------  T H R E A D  ---------------

Current thread (0x000000001524d800):  JavaThread "C2 CompilerThread1" daemon [_thread_in_native, id=13912, stack(0x00000000169b0000,0x0000000016ab0000)]

Stack: [0x00000000169b0000,0x0000000016ab0000]
[error occurred during error reporting (printing stack bounds), id 0xc0000005]

Native frames: (J=compiled Java code, j=interpreted, Vv=VM code, C=native code)


Current CompileTask:
C2:   2848 1459       4       javassist.bytecode.stackmap.TypeData$TypeVar::dfs (230 bytes)


---------------  P R O C E S S  ---------------

Java Threads: ( => current thread )
  0x0000000017559000 JavaThread "ReaderThread" [_thread_in_native, id=1516, stack(0x0000000017df0000,0x0000000017ef0000)]
  0x000000001529d800 JavaThread "Service Thread" daemon [_thread_blocked, id=12200, stack(0x0000000016fb0000,0x00000000170b0000)]
  0x0000000015253800 JavaThread "C1 CompilerThread2" daemon [_thread_blocked, id=10284, stack(0x0000000016ab0000,0x0000000016bb0000)]
=>0x000000001524d800 JavaThread "C2 CompilerThread1" daemon [_thread_in_native, id=13912, stack(0x00000000169b0000,0x0000000016ab0000)]
  0x0000000015240000 JavaThread "C2 CompilerThread0" daemon [_thread_blocked, id=14156, stack(0x00000000168b0000,0x00000000169b0000)]
  0x000000001523e000 JavaThread "Attach Listener" daemon [_thread_blocked, id=1928, stack(0x00000000167b0000,0x00000000168b0000)]
  0x000000001524a800 JavaThread "Signal Dispatcher" daemon [_thread_blocked, id=788, stack(0x00000000166b0000,0x00000000167b0000)]
  0x000000001522a800 JavaThread "Finalizer" daemon [_thread_blocked, id=7844, stack(0x00000000164b0000,0x00000000165b0000)]
  0x0000000002c34000 JavaThread "Reference Handler" daemon [_thread_blocked, id=12468, stack(0x00000000163b0000,0x00000000164b0000)]
  0x0000000002b44800 JavaThread "main" [_thread_in_Java, id=10488, stack(0x0000000002a40000,0x0000000002b40000)]

Other Threads:
  0x0000000015208000 VMThread [stack: 0x00000000162b0000,0x00000000163b0000] [id=8656]
  0x0000000016bf2800 WatcherThread [stack: 0x00000000170b0000,0x00000000171b0000] [id=11924]

VM state:not at safepoint (normal execution)

VM Mutex/Monitor currently owned by a thread: None

heap address: 0x00000000c1600000, size: 1002 MB, Compressed Oops mode: 32-bit
Narrow klass base: 0x0000000000000000, Narrow klass shift: 3
Compressed class space size: 1073741824 Address: 0x0000000100000000

Heap:
 PSYoungGen      total 35328K, used 26732K [0x00000000eb200000, 0x00000000ed700000, 0x0000000100000000)
  eden space 32768K, 73% used [0x00000000eb200000,0x00000000ec99be88,0x00000000ed200000)
  from space 2560K, 99% used [0x00000000ed200000,0x00000000ed47f290,0x00000000ed480000)
  to   space 2560K, 0% used [0x00000000ed480000,0x00000000ed480000,0x00000000ed700000)
 ParOldGen       total 44032K, used 9249K [0x00000000c1600000, 0x00000000c4100000, 0x00000000eb200000)
  object space 44032K, 21% used [0x00000000c1600000,0x00000000c1f087e8,0x00000000c4100000)
 Metaspace       used 16892K, capacity 17254K, committed 17408K, reserved 1064960K
  class space    used 2363K, capacity 2487K, committed 2560K, reserved 1048576K

Card table byte_map: [0x0000000012000000,0x0000000012200000] byte_map_base: 0x00000000119f5000

Marking Bits: (ParMarkBitMap*) 0x000000006c5caf90
 Begin Bits: [0x0000000012750000, 0x00000000136f8000)
 End Bits:   [0x00000000136f8000, 0x00000000146a0000)

Polling page: 0x0000000000f50000

CodeCache: size=245760Kb used=6195Kb max_used=6206Kb free=239564Kb
 bounds [0x0000000002c40000, 0x0000000003260000, 0x0000000011c40000]
 total_blobs=2105 nmethods=1745 adapters=272
 compilation: enabled

Compilation events (10 events):
Event: 2.817 Thread 0x0000000015240000 1742       4       java.nio.DirectLongBufferU::put (18 bytes)
Event: 2.817 Thread 0x0000000015240000 nmethod 1742 0x000000000324d910 code [0x000000000324da40, 0x000000000324dad8]
Event: 2.822 Thread 0x0000000015240000 1743       4       java.io.File::exists (43 bytes)
Event: 2.826 Thread 0x0000000015240000 nmethod 1743 0x000000000324ef50 code [0x000000000324f0a0, 0x000000000324f2a8]
Event: 2.827 Thread 0x0000000015253800 1744       3       net.bytebuddy.description.ModifierReviewable$AbstractBase::<init> (5 bytes)
Event: 2.827 Thread 0x0000000015253800 nmethod 1744 0x0000000003246290 code [0x00000000032463e0, 0x0000000003246590]
Event: 2.831 Thread 0x0000000015240000 1745       4       java.util.jar.JarFile::maybeInstantiateVerifier (96 bytes)
Event: 2.838 Thread 0x0000000015240000 nmethod 1745 0x0000000003251050 code [0x00000000032511e0, 0x0000000003251638]
Event: 2.842 Thread 0x0000000015240000 1746   !   4       sun.misc.URLClassPath::check (123 bytes)
Event: 2.842 Thread 0x0000000015240000 nmethod 1746 0x000000000322d050 code [0x000000000322d180, 0x000000000322d1f8]

GC Heap History (10 events):
Event: 1.766 GC heap before
{Heap before GC invocations=3 (full 0):
 PSYoungGen      total 18944K, used 18942K [0x00000000eb200000, 0x00000000ed700000, 0x0000000100000000)
  eden space 16384K, 100% used [0x00000000eb200000,0x00000000ec200000,0x00000000ec200000)
  from space 2560K, 99% used [0x00000000ec480000,0x00000000ec6ffae8,0x00000000ec700000)
  to   space 2560K, 0% used [0x00000000ec200000,0x00000000ec200000,0x00000000ec480000)
 ParOldGen       total 44032K, used 2446K [0x00000000c1600000, 0x00000000c4100000, 0x00000000eb200000)
  object space 44032K, 5% used [0x00000000c1600000,0x00000000c18639b0,0x00000000c4100000)
 Metaspace       used 11594K, capacity 11856K, committed 12032K, reserved 1060864K
  class space    used 1364K, capacity 1464K, committed 1536K, reserved 1048576K
Event: 1.772 GC heap after
Heap after GC invocations=3 (full 0):
 PSYoungGen      total 18944K, used 2528K [0x00000000eb200000, 0x00000000ed700000, 0x0000000100000000)
  eden space 16384K, 0% used [0x00000000eb200000,0x00000000eb200000,0x00000000ec200000)
  from space 2560K, 98% used [0x00000000ec200000,0x00000000ec478030,0x00000000ec480000)
  to   space 2560K, 0% used [0x00000000ed480000,0x00000000ed480000,0x00000000ed700000)
 ParOldGen       total 44032K, used 3626K [0x00000000c1600000, 0x00000000c4100000, 0x00000000eb200000)
  object space 44032K, 8% used [0x00000000c1600000,0x00000000c198ab68,0x00000000c4100000)
 Metaspace       used 11594K, capacity 11856K, committed 12032K, reserved 1060864K
  class space    used 1364K, capacity 1464K, committed 1536K, reserved 1048576K
}
Event: 2.022 GC heap before
{Heap before GC invocations=4 (full 0):
 PSYoungGen      total 18944K, used 18912K [0x00000000eb200000, 0x00000000ed700000, 0x0000000100000000)
  eden space 16384K, 100% used [0x00000000eb200000,0x00000000ec200000,0x00000000ec200000)
  from space 2560K, 98% used [0x00000000ec200000,0x00000000ec478030,0x00000000ec480000)
  to   space 2560K, 0% used [0x00000000ed480000,0x00000000ed480000,0x00000000ed700000)
 ParOldGen       total 44032K, used 3626K [0x00000000c1600000, 0x00000000c4100000, 0x00000000eb200000)
  object space 44032K, 8% used [0x00000000c1600000,0x00000000c198ab68,0x00000000c4100000)
 Metaspace       used 12578K, capacity 12978K, committed 13184K, reserved 1060864K
  class space    used 1494K, capacity 1619K, committed 1664K, reserved 1048576K
Event: 2.029 GC heap after
Heap after GC invocations=4 (full 0):
 PSYoungGen      total 35328K, used 2528K [0x00000000eb200000, 0x00000000ed700000, 0x0000000100000000)
  eden space 32768K, 0% used [0x00000000eb200000,0x00000000eb200000,0x00000000ed200000)
  from space 2560K, 98% used [0x00000000ed480000,0x00000000ed6f8030,0x00000000ed700000)
  to   space 2560K, 0% used [0x00000000ed200000,0x00000000ed200000,0x00000000ed480000)
 ParOldGen       total 44032K, used 4875K [0x00000000c1600000, 0x00000000c4100000, 0x00000000eb200000)
  object space 44032K, 11% used [0x00000000c1600000,0x00000000c1ac2f30,0x00000000c4100000)
 Metaspace       used 12578K, capacity 12978K, committed 13184K, reserved 1060864K
  class space    used 1494K, capacity 1619K, committed 1664K, reserved 1048576K
}
Event: 2.266 GC heap before
{Heap before GC invocations=5 (full 0):
 PSYoungGen      total 35328K, used 35296K [0x00000000eb200000, 0x00000000ed700000, 0x0000000100000000)
  eden space 32768K, 100% used [0x00000000eb200000,0x00000000ed200000,0x00000000ed200000)
  from space 2560K, 98% used [0x00000000ed480000,0x00000000ed6f8030,0x00000000ed700000)
  to   space 2560K, 0% used [0x00000000ed200000,0x00000000ed200000,0x00000000ed480000)
 ParOldGen       total 44032K, used 4875K [0x00000000c1600000, 0x00000000c4100000, 0x00000000eb200000)
  object space 44032K, 11% used [0x00000000c1600000,0x00000000c1ac2f30,0x00000000c4100000)
 Metaspace       used 13780K, capacity 14130K, committed 14464K, reserved 1062912K
  class space    used 1681K, capacity 1811K, committed 1920K, reserved 1048576K
Event: 2.279 GC heap after
Heap after GC invocations=5 (full 0):
 PSYoungGen      total 35328K, used 2528K [0x00000000eb200000, 0x00000000ed700000, 0x0000000100000000)
  eden space 32768K, 0% used [0x00000000eb200000,0x00000000eb200000,0x00000000ed200000)
  from space 2560K, 98% used [0x00000000ed200000,0x00000000ed478030,0x00000000ed480000)
  to   space 2560K, 0% used [0x00000000ed480000,0x00000000ed480000,0x00000000ed700000)
 ParOldGen       total 44032K, used 6316K [0x00000000c1600000, 0x00000000c4100000, 0x00000000eb200000)
  object space 44032K, 14% used [0x00000000c1600000,0x00000000c1c2b2e8,0x00000000c4100000)
 Metaspace       used 13780K, capacity 14130K, committed 14464K, reserved 1062912K
  class space    used 1681K, capacity 1811K, committed 1920K, reserved 1048576K
}
Event: 2.515 GC heap before
{Heap before GC invocations=6 (full 0):
 PSYoungGen      total 35328K, used 35296K [0x00000000eb200000, 0x00000000ed700000, 0x0000000100000000)
  eden space 32768K, 100% used [0x00000000eb200000,0x00000000ed200000,0x00000000ed200000)
  from space 2560K, 98% used [0x00000000ed200000,0x00000000ed478030,0x00000000ed480000)
  to   space 2560K, 0% used [0x00000000ed480000,0x00000000ed480000,0x00000000ed700000)
 ParOldGen       total 44032K, used 6316K [0x00000000c1600000, 0x00000000c4100000, 0x00000000eb200000)
  object space 44032K, 14% used [0x00000000c1600000,0x00000000c1c2b2e8,0x00000000c4100000)
 Metaspace       used 14918K, capacity 15230K, committed 15488K, reserved 1062912K
  class space    used 1930K, capacity 2069K, committed 2176K, reserved 1048576K
Event: 2.523 GC heap after
Heap after GC invocations=6 (full 0):
 PSYoungGen      total 35328K, used 2544K [0x00000000eb200000, 0x00000000ed700000, 0x0000000100000000)
  eden space 32768K, 0% used [0x00000000eb200000,0x00000000eb200000,0x00000000ed200000)
  from space 2560K, 99% used [0x00000000ed480000,0x00000000ed6fc020,0x00000000ed700000)
  to   space 2560K, 0% used [0x00000000ed200000,0x00000000ed200000,0x00000000ed480000)
 ParOldGen       total 44032K, used 7810K [0x00000000c1600000, 0x00000000c4100000, 0x00000000eb200000)
  object space 44032K, 17% used [0x00000000c1600000,0x00000000c1da0bd8,0x00000000c4100000)
 Metaspace       used 14918K, capacity 15230K, committed 15488K, reserved 1062912K
  class space    used 1930K, capacity 2069K, committed 2176K, reserved 1048576K
}
Event: 2.721 GC heap before
{Heap before GC invocations=7 (full 0):
 PSYoungGen      total 35328K, used 35312K [0x00000000eb200000, 0x00000000ed700000, 0x0000000100000000)
  eden space 32768K, 100% used [0x00000000eb200000,0x00000000ed200000,0x00000000ed200000)
  from space 2560K, 99% used [0x00000000ed480000,0x00000000ed6fc020,0x00000000ed700000)
  to   space 2560K, 0% used [0x00000000ed200000,0x00000000ed200000,0x00000000ed480000)
 ParOldGen       total 44032K, used 7810K [0x00000000c1600000, 0x00000000c4100000, 0x00000000eb200000)
  object space 44032K, 17% used [0x00000000c1600000,0x00000000c1da0bd8,0x00000000c4100000)
 Metaspace       used 16041K, capacity 16390K, committed 16640K, reserved 1062912K
  class space    used 2147K, capacity 2263K, committed 2304K, reserved 1048576K
Event: 2.727 GC heap after
Heap after GC invocations=7 (full 0):
 PSYoungGen      total 35328K, used 2556K [0x00000000eb200000, 0x00000000ed700000, 0x0000000100000000)
  eden space 32768K, 0% used [0x00000000eb200000,0x00000000eb200000,0x00000000ed200000)
  from space 2560K, 99% used [0x00000000ed200000,0x00000000ed47f290,0x00000000ed480000)
  to   space 2560K, 0% used [0x00000000ed480000,0x00000000ed480000,0x00000000ed700000)
 ParOldGen       total 44032K, used 9249K [0x00000000c1600000, 0x00000000c4100000, 0x00000000eb200000)
  object space 44032K, 21% used [0x00000000c1600000,0x00000000c1f087e8,0x00000000c4100000)
 Metaspace       used 16041K, capacity 16390K, committed 16640K, reserved 1062912K
  class space    used 2147K, capacity 2263K, committed 2304K, reserved 1048576K
}

Deoptimization events (10 events):
Event: 1.300 Thread 0x0000000002b44800 Uncommon trap: reason=unstable_if action=reinterpret pc=0x0000000002f3c364 method=java.util.HashMap.getNode(ILjava/lang/Object;)Ljava/util/HashMap$Node; @ 84
Event: 1.324 Thread 0x0000000002b44800 Uncommon trap: reason=unstable_if action=reinterpret pc=0x0000000002ee8ad0 method=java.util.HashMap.getNode(ILjava/lang/Object;)Ljava/util/HashMap$Node; @ 84
Event: 1.568 Thread 0x0000000002b44800 Uncommon trap: reason=bimorphic action=maybe_recompile pc=0x0000000002fd57e8 method=java.util.HashMap.putVal(ILjava/lang/Object;Ljava/lang/Object;ZZ)Ljava/lang/Object; @ 253
Event: 1.576 Thread 0x0000000002b44800 Uncommon trap: reason=bimorphic action=maybe_recompile pc=0x0000000002fd57e8 method=java.util.HashMap.putVal(ILjava/lang/Object;Ljava/lang/Object;ZZ)Ljava/lang/Object; @ 253
Event: 1.579 Thread 0x0000000002b44800 Uncommon trap: reason=bimorphic action=maybe_recompile pc=0x0000000002fd57e8 method=java.util.HashMap.putVal(ILjava/lang/Object;Ljava/lang/Object;ZZ)Ljava/lang/Object; @ 253
Event: 1.580 Thread 0x0000000002b44800 Uncommon trap: reason=bimorphic action=maybe_recompile pc=0x0000000002fd57e8 method=java.util.HashMap.putVal(ILjava/lang/Object;Ljava/lang/Object;ZZ)Ljava/lang/Object; @ 253
Event: 1.655 Thread 0x0000000002b44800 Uncommon trap: reason=unstable_if action=reinterpret pc=0x00000000030c6d54 method=javassist.bytecode.ConstPool.addItem(Ljavassist/bytecode/ConstInfo;)I @ 4
Event: 1.786 Thread 0x0000000002b44800 Uncommon trap: reason=bimorphic action=maybe_recompile pc=0x0000000003005e70 method=java.util.HashMap.putVal(ILjava/lang/Object;Ljava/lang/Object;ZZ)Ljava/lang/Object; @ 203
Event: 1.931 Thread 0x0000000002b44800 Uncommon trap: reason=unstable_if action=reinterpret pc=0x0000000003113a28 method=java.util.HashMap.putVal(ILjava/lang/Object;Ljava/lang/Object;ZZ)Ljava/lang/Object; @ 236
Event: 2.662 Thread 0x0000000002b44800 Uncommon trap: reason=unstable_if action=reinterpret pc=0x00000000032339ac method=sun.misc.URLClassPath$FileLoader.findResource(Ljava/lang/String;Z)Ljava/net/URL; @ 8

Classes redefined (0 events):
No events

Internal exceptions (10 events):
Event: 1.130 Thread 0x0000000002b44800 Exception <a 'java/lang/ClassNotFoundException': org/powermock/configuration/PowerMockConfigurationCustomizer> (0x00000000ebbde6e8) thrown at [C:\jenkins\workspace\8-2-build-windows-amd64-cygwin\jdk8u251\737\hotspot\src\share\vm\classfile\systemDictionary
Event: 1.655 Thread 0x0000000002b44800 Implicit null exception at 0x00000000030c6959 to 0x00000000030c6d41
Event: 2.048 Thread 0x0000000002b44800 Exception <a 'java/lang/ClassNotFoundException': org/powermock/configuration/MockitoConfigurationBeanInfo> (0x00000000eb482df8) thrown at [C:\jenkins\workspace\8-2-build-windows-amd64-cygwin\jdk8u251\737\hotspot\src\share\vm\classfile\systemDictionary.cpp
Event: 2.049 Thread 0x0000000002b44800 Exception <a 'java/lang/ClassNotFoundException': org/powermock/configuration/MockitoConfigurationCustomizer> (0x00000000eb4b2da0) thrown at [C:\jenkins\workspace\8-2-build-windows-amd64-cygwin\jdk8u251\737\hotspot\src\share\vm\classfile\systemDictionary.c
Event: 2.060 Thread 0x0000000002b44800 Exception <a 'java/lang/ClassNotFoundException': org/powermock/configuration/MockitoConfigurationBeanInfo> (0x00000000eb6b6ae8) thrown at [C:\jenkins\workspace\8-2-build-windows-amd64-cygwin\jdk8u251\737\hotspot\src\share\vm\classfile\systemDictionary.cpp
Event: 2.061 Thread 0x0000000002b44800 Exception <a 'java/lang/ClassNotFoundException': org/powermock/configuration/MockitoConfigurationCustomizer> (0x00000000eb6e6a48) thrown at [C:\jenkins\workspace\8-2-build-windows-amd64-cygwin\jdk8u251\737\hotspot\src\share\vm\classfile\systemDictionary.c
Event: 2.062 Thread 0x0000000002b44800 Exception <a 'java/lang/ClassNotFoundException': org/powermock/configuration/PowerMockConfigurationBeanInfo> (0x00000000eb7344b8) thrown at [C:\jenkins\workspace\8-2-build-windows-amd64-cygwin\jdk8u251\737\hotspot\src\share\vm\classfile\systemDictionary.c
Event: 2.063 Thread 0x0000000002b44800 Exception <a 'java/lang/ClassNotFoundException': org/powermock/configuration/PowerMockConfigurationCustomizer> (0x00000000eb766160) thrown at [C:\jenkins\workspace\8-2-build-windows-amd64-cygwin\jdk8u251\737\hotspot\src\share\vm\classfile\systemDictionary
Event: 2.064 Thread 0x0000000002b44800 Exception <a 'java/lang/ClassNotFoundException': org/powermock/configuration/PowerMockConfigurationBeanInfo> (0x00000000eb7bae08) thrown at [C:\jenkins\workspace\8-2-build-windows-amd64-cygwin\jdk8u251\737\hotspot\src\share\vm\classfile\systemDictionary.c
Event: 2.065 Thread 0x0000000002b44800 Exception <a 'java/lang/ClassNotFoundException': org/powermock/configuration/PowerMockConfigurationCustomizer> (0x00000000eb7ecad0) thrown at [C:\jenkins\workspace\8-2-build-windows-amd64-cygwin\jdk8u251\737\hotspot\src\share\vm\classfile\systemDictionary

Events (10 events):
Event: 2.843 loading class net/bytebuddy/pool/TypePool$AbstractBase
Event: 2.843 loading class net/bytebuddy/pool/TypePool$AbstractBase done
Event: 2.843 loading class net/bytebuddy/pool/TypePool
Event: 2.843 loading class net/bytebuddy/pool/TypePool done
Event: 2.845 loading class net/bytebuddy/pool/TypePool$Resolution
Event: 2.845 loading class net/bytebuddy/pool/TypePool$Resolution done
Event: 2.846 loading class net/bytebuddy/pool/TypePool$CacheProvider
Event: 2.846 loading class net/bytebuddy/pool/TypePool$CacheProvider done
Event: 2.846 loading class net/bytebuddy/jar/asm/Type
Event: 2.846 loading class net/bytebuddy/jar/asm/Type done


Dynamic libraries:
0x00007ff7cab60000 - 0x00007ff7cab97000 	C:\Program Files\Java\jre1.8.0_251\bin\javaw.exe
0x00007ff8ba4e0000 - 0x00007ff8ba6d0000 	C:\WINDOWS\SYSTEM32\ntdll.dll
0x00007ff8ba240000 - 0x00007ff8ba2f2000 	C:\WINDOWS\System32\KERNEL32.DLL
0x00007ff8b7bf0000 - 0x00007ff8b7e94000 	C:\WINDOWS\System32\KERNELBASE.dll
0x00007ff8b8590000 - 0x00007ff8b8633000 	C:\WINDOWS\System32\ADVAPI32.dll
0x00007ff8b9ec0000 - 0x00007ff8b9f5e000 	C:\WINDOWS\System32\msvcrt.dll
0x00007ff8b9e20000 - 0x00007ff8b9eb7000 	C:\WINDOWS\System32\sechost.dll
0x00007ff8ba320000 - 0x00007ff8ba440000 	C:\WINDOWS\System32\RPCRT4.dll
0x00007ff8b9820000 - 0x00007ff8b99b4000 	C:\WINDOWS\System32\USER32.dll
0x00007ff8b7fd0000 - 0x00007ff8b7ff1000 	C:\WINDOWS\System32\win32u.dll
0x00007ff8b8640000 - 0x00007ff8b8666000 	C:\WINDOWS\System32\GDI32.dll
0x00007ff8b8390000 - 0x00007ff8b8525000 	C:\WINDOWS\System32\gdi32full.dll
0x00007ff8b8180000 - 0x00007ff8b821e000 	C:\WINDOWS\System32\msvcp_win.dll
0x00007ff8b8000000 - 0x00007ff8b80fa000 	C:\WINDOWS\System32\ucrtbase.dll
0x00007ff8a9ee0000 - 0x00007ff8aa164000 	C:\WINDOWS\WinSxS\amd64_microsoft.windows.common-controls_6595b64144ccf1df_6.0.18362.900_none_e6beb9d913147d17\COMCTL32.dll
0x00007ff8b8740000 - 0x00007ff8b8a75000 	C:\WINDOWS\System32\combase.dll
0x00007ff8b8100000 - 0x00007ff8b8180000 	C:\WINDOWS\System32\bcryptPrimitives.dll
0x00007ff8b8a90000 - 0x00007ff8b8abe000 	C:\WINDOWS\System32\IMM32.DLL
0x000000006bcc0000 - 0x000000006bd92000 	C:\Program Files\Java\jre1.8.0_251\bin\msvcr100.dll
0x000000006bda0000 - 0x000000006c64b000 	C:\Program Files\Java\jre1.8.0_251\bin\server\jvm.dll
0x00007ff8b8a80000 - 0x00007ff8b8a88000 	C:\WINDOWS\System32\PSAPI.DLL
0x00007ff8b36f0000 - 0x00007ff8b3714000 	C:\WINDOWS\SYSTEM32\WINMM.dll
0x00007ff8b2d10000 - 0x00007ff8b2d19000 	C:\WINDOWS\SYSTEM32\WSOCK32.dll
0x00007ff8b9b10000 - 0x00007ff8b9b7f000 	C:\WINDOWS\System32\WS2_32.dll
0x00007ff8acf20000 - 0x00007ff8acf2a000 	C:\WINDOWS\SYSTEM32\VERSION.dll
0x00007ff8b36c0000 - 0x00007ff8b36ed000 	C:\WINDOWS\SYSTEM32\WINMMBASE.dll
0x00007ff8b7ed0000 - 0x00007ff8b7f1a000 	C:\WINDOWS\System32\cfgmgr32.dll
0x00007ff8b2d00000 - 0x00007ff8b2d0f000 	C:\Program Files\Java\jre1.8.0_251\bin\verify.dll
0x00007ff8b2620000 - 0x00007ff8b2649000 	C:\Program Files\Java\jre1.8.0_251\bin\java.dll
0x00007ff8b2600000 - 0x00007ff8b2616000 	C:\Program Files\Java\jre1.8.0_251\bin\zip.dll
0x00007ff8b9130000 - 0x00007ff8b9816000 	C:\WINDOWS\System32\SHELL32.dll
0x00007ff8ba190000 - 0x00007ff8ba239000 	C:\WINDOWS\System32\shcore.dll
0x00007ff8b7470000 - 0x00007ff8b7bf0000 	C:\WINDOWS\System32\windows.storage.dll
0x00007ff8b73d0000 - 0x00007ff8b73f3000 	C:\WINDOWS\System32\profapi.dll
0x00007ff8b7400000 - 0x00007ff8b744a000 	C:\WINDOWS\System32\powrprof.dll
0x00007ff8b73a0000 - 0x00007ff8b73b0000 	C:\WINDOWS\System32\UMPDC.dll
0x00007ff8b86e0000 - 0x00007ff8b8732000 	C:\WINDOWS\System32\shlwapi.dll
0x00007ff8b73b0000 - 0x00007ff8b73c1000 	C:\WINDOWS\System32\kernel.appcore.dll
0x00007ff8b8220000 - 0x00007ff8b8237000 	C:\WINDOWS\System32\cryptsp.dll
0x00007ff8b0e40000 - 0x00007ff8b0e5a000 	C:\Program Files\Java\jre1.8.0_251\bin\net.dll
0x00007ff8b6c10000 - 0x00007ff8b6c77000 	C:\WINDOWS\system32\mswsock.dll
0x00007ff8b6960000 - 0x00007ff8b6a2b000 	C:\WINDOWS\SYSTEM32\DNSAPI.dll
0x00007ff8b9120000 - 0x00007ff8b9128000 	C:\WINDOWS\System32\NSI.dll
0x00007ff8b6920000 - 0x00007ff8b695a000 	C:\WINDOWS\SYSTEM32\IPHLPAPI.DLL
0x00007ff8a51d0000 - 0x00007ff8a51da000 	C:\Windows\System32\rasadhlp.dll
0x00007ff8acad0000 - 0x00007ff8acb47000 	C:\WINDOWS\System32\fwpuclnt.dll
0x00007ff8b7ea0000 - 0x00007ff8b7ec6000 	C:\WINDOWS\System32\bcrypt.dll
0x00007ff8b6780000 - 0x00007ff8b67b3000 	C:\WINDOWS\system32\rsaenh.dll
0x00007ff8b72c0000 - 0x00007ff8b72e5000 	C:\WINDOWS\SYSTEM32\USERENV.dll
0x00007ff8b6de0000 - 0x00007ff8b6dec000 	C:\WINDOWS\SYSTEM32\CRYPTBASE.dll
0x00007ff8acf30000 - 0x00007ff8acf46000 	C:\WINDOWS\SYSTEM32\dhcpcsvc6.DLL
0x00007ff8af400000 - 0x00007ff8af41c000 	C:\WINDOWS\SYSTEM32\dhcpcsvc.DLL
0x00007ff8b0e20000 - 0x00007ff8b0e32000 	C:\Program Files\Java\jre1.8.0_251\bin\nio.dll

VM Arguments:
jvm_args: -ea -Dfile.encoding=Cp1252 
java_command: org.testng.remote.RemoteTestNG -serport 51558 -protocol json -d D:\fpoly\Summer_2020\Testing_Advance\WorkSpace\03134_DuyLe_Assignment\test-output C:\Users\ASDZ\AppData\Local\Temp\testng-eclipse-1767710229\testng-customsuite.xml
java_class_path (initial): D:\Dev_Program\sts-4.5.0.RELEASE\configuration\org.eclipse.osgi\659\0\.cp\lib\testng-remote.jar;D:\fpoly\Summer_2020\Testing_Advance\WorkSpace\03134_DuyLe_Assignment\target\test-classes;D:\fpoly\Summer_2020\Testing_Advance\WorkSpace\03134_DuyLe_Assignment\target\classes;D:\fpoly\Summer_2020\Testing_Advance\WorkSpace\PolyPro\dist\lib\mssql-jdbc-6.2.2.jre8 - Copy.jar;D:\Dev_Program\sts-4.5.0.RELEASE\plugins\org.testng_7.2.0.r202003151902.jar;D:\Dev_Program\sts-4.5.0.RELEASE\plugins\com.beust.jcommander_1.72.0.jar;D:\Dev_Program\sts-4.5.0.RELEASE\plugins\org.apache-extras.beanshell.bsh_2.0.0.b6.jar;D:\Dev_Program\sts-4.5.0.RELEASE\plugins\org.yaml.snakeyaml_1.21.0.jar;C:\Users\ASDZ\.m2\repository\junit\junit\4.11\junit-4.11.jar;C:\Users\ASDZ\.m2\repository\org\hamcrest\hamcrest-core\1.3\hamcrest-core-1.3.jar;C:\Users\ASDZ\.m2\repository\org\mockito\mockito-core\2.28.2\mockito-core-2.28.2.jar;C:\Users\ASDZ\.m2\repository\net\bytebuddy\byte-buddy\1.9.10\byte-buddy-1.9.10.jar;C:\Users\ASDZ\.m2\repository\net\bytebuddy\byte-buddy-agent\1.9.10\byte-buddy-agent-1.9.10.jar;C:\Users\ASDZ\.m2\repository\org\powermock\powermock-core\2.0.2\powermock-core-2.0.2.jar;C:\Users\ASDZ\.m2\repository\org\javassist\javassist\3.24.0-GA\javassist-3.24.0-GA.jar;C:\Users\ASDZ\.m2\repository\org\powermock\powermock-api-mockito2\2.0.2\powermock-api-mockito2-2.0.2.jar;C:\Users\ASDZ\.m2\repository\org\powermock\powermock-module-junit4-common\2.0.2\powermock-module-junit4-common-2.0.2.jar;C:\Users\ASDZ\.m2\repository\org\powermock\powermock-module-junit4\2.0.2\powermock-module-junit4-2.0.2.jar;C:\Users\ASDZ\.m2\repository\org\powermock\powermock-api-support\2.0.2\powermock-api-support-2.0.2.jar;C:\Users\ASDZ\.m2\repository\org\powermock\powermock-module-testng\2.0.2\powermock-module-testng-2.0.2.jar;C:\Users\ASDZ\.m2\repository\org\powermock\powermock-module-testng-common\2.0.2\powermock-module-testng-common-2.0.2.jar;C:\Users\ASDZ\.m2\repository\org\powermock\powermoc
Launcher Type: SUN_STANDARD

Environment Variables:
JAVA_HOME=C:\Program Files\Java\jdk1.8.0_111
CLASSPATH=C:\Program Files\Java\jdk1.8.0_111
PATH=C:/Program Files/Java/jre1.8.0_251/bin/server;C:/Program Files/Java/jre1.8.0_251/bin;C:/Program Files/Java/jre1.8.0_251/lib/amd64;D:\Dev_Program\Python\Scripts\;D:\Dev_Program\Python\;C:\Program Files (x86)\Common Files\Oracle\Java\javapath;C:\ProgramData\Oracle\Java\javapath;C:\Windows\system32;C:\Windows;C:\Windows\System32\Wbem;C:\Windows\System32\WindowsPowerShell\v1.0\;C:\Windows\System32\OpenSSH\;C:\Program Files (x86)\NVIDIA Corporation\PhysX\Common;C:\Program Files\Microsoft SQL Server\110\Tools\Binn\;C:\Program Files (x86)\Microsoft SQL Server\110\Tools\Binn\;C:\Program Files\Microsoft SQL Server\110\DTS\Binn\;C:\Program Files (x86)\Microsoft SQL Server\110\Tools\Binn\ManagementStudio\;C:\Program Files (x86)\Microsoft Visual Studio 10.0\Common7\IDE\PrivateAssemblies\;C:\Program Files (x86)\Microsoft SQL Server\110\DTS\Binn\;C:\WINDOWS\system32;C:\WINDOWS;C:\WINDOWS\System32\Wbem;C:\WINDOWS\System32\WindowsPowerShell\v1.0\;C:\WINDOWS\System32\OpenSSH\;D:\Dev_Program\Git\cmd;C:\Program Files\Java\jdk1.8.0_111\bin;D:\Dev_Program\VisualCode\Microsoft VS Code\bin;D:\Dev_Program\sts-4.5.0.RELEASE;
USERNAME=Lee_Duy
OS=Windows_NT
PROCESSOR_IDENTIFIER=Intel64 Family 6 Model 69 Stepping 1, GenuineIntel



---------------  S Y S T E M  ---------------

OS: Windows 10.0 , 64 bit Build 18362 (10.0.18362.900)

CPU:total 4 (initial active 4) (2 cores per cpu, 2 threads per core) family 6 model 69 stepping 1, cmov, cx8, fxsr, mmx, sse, sse2, sse3, ssse3, sse4.1, sse4.2, popcnt, avx, avx2, aes, clmul, erms, lzcnt, ht, tsc, tscinvbit, bmi1, bmi2

Memory: 4k page, physical 4097340k(379936k free), swap 5526844k(6996k free)

vm_info: Java HotSpot(TM) 64-Bit Server VM (25.251-b08) for windows-amd64 JRE (1.8.0_251-b08), built on Mar 12 2020 06:31:49 by "" with MS VC++ 10.0 (VS2010)

time: Sun Jun 28 21:18:12 2020
timezone: SE Asia Standard Time
elapsed time: 2 seconds (0d 0h 0m 2s)

