#
# There is insufficient memory for the Java Runtime Environment to continue.
# Native memory allocation (malloc) failed to allocate 1048576 bytes for AllocateHeap
# Possible reasons:
#   The system is out of physical RAM or swap space
#   The process is running with CompressedOops enabled, and the Java Heap may be blocking the growth of the native heap
# Possible solutions:
#   Reduce memory load on the system
#   Increase physical memory or swap space
#   Check if swap backing store is full
#   Decrease Java heap size (-Xmx/-Xms)
#   Decrease number of Java threads
#   Decrease Java thread stack sizes (-Xss)
#   Set larger code cache with -XX:ReservedCodeCacheSize=
#   JVM is running with Unscaled Compressed Oops mode in which the Java heap is
#     placed in the first 4GB address space. The Java Heap base address is the
#     maximum limit for the native heap growth. Please use -XX:HeapBaseMinAddress
#     to set the Java Heap base and to place the Java Heap above 4GB virtual address.
# This output file may be truncated or incomplete.
#
#  Out of Memory Error (memory/allocation.inline.hpp:61), pid=2152, tid=0x00000000000008dc
#
# JRE version:  (8.0_251-b08) (build )
# Java VM: Java HotSpot(TM) 64-Bit Server VM (25.251-b08 mixed mode windows-amd64 compressed oops)
# Failed to write core dump. Minidumps are not enabled by default on client versions of Windows
#

---------------  T H R E A D  ---------------

Current thread (0x00000000027ce000):  JavaThread "Unknown thread" [_thread_in_vm, id=2268, stack(0x0000000002810000,0x0000000002910000)]

Stack: [0x0000000002810000,0x0000000002910000]
[error occurred during error reporting (printing stack bounds), id 0xc0000005]

Native frames: (J=compiled Java code, j=interpreted, Vv=VM code, C=native code)


---------------  P R O C E S S  ---------------

Java Threads: ( => current thread )

Other Threads:

=>0x00000000027ce000 (exited) JavaThread "Unknown thread" [_thread_in_vm, id=2268, stack(0x0000000002810000,0x0000000002910000)]

VM state:not at safepoint (normal execution)

VM Mutex/Monitor currently owned by a thread: None

heap address: 0x00000000c1600000, size: 1002 MB, Compressed Oops mode: 32-bit
Narrow klass base: 0x0000000000000000, Narrow klass shift: 3
Compressed class space size: 1073741824 Address: 0x0000000100000000

Heap:
 PSYoungGen      total 18944K, used 327K [0x00000000eb200000, 0x00000000ec700000, 0x0000000100000000)
  eden space 16384K, 2% used [0x00000000eb200000,0x00000000eb251ec8,0x00000000ec200000)
  from space 2560K, 0% used [0x00000000ec480000,0x00000000ec480000,0x00000000ec700000)
  to   space 2560K, 0% used [0x00000000ec200000,0x00000000ec200000,0x00000000ec480000)
 ParOldGen       total 44032K, used 0K [0x00000000c1600000, 0x00000000c4100000, 0x00000000eb200000)
  object space 44032K, 0% used [0x00000000c1600000,0x00000000c1600000,0x00000000c4100000)
 Metaspace       used 752K, capacity 4480K, committed 4480K, reserved 1056768K
  class space    used 76K, capacity 384K, committed 384K, reserved 1048576K

Card table byte_map: [0x0000000011dd0000,0x0000000011fd0000] byte_map_base: 0x00000000117c5000

Marking Bits: (ParMarkBitMap*) 0x0000000070c8af90
 Begin Bits: [0x0000000012520000, 0x00000000134c8000)
 End Bits:   [0x00000000134c8000, 0x0000000014470000)

Polling page: 0x0000000000b30000

CodeCache: size=245760Kb used=328Kb max_used=328Kb free=245431Kb
 bounds [0x0000000002a10000, 0x0000000002c80000, 0x0000000011a10000]
 total_blobs=58 nmethods=0 adapters=38
 compilation: enabled

Compilation events (0 events):
No events

GC Heap History (0 events):
No events

Deoptimization events (0 events):
No events

Classes redefined (0 events):
No events

Internal exceptions (0 events):
No events

Events (10 events):
Event: 0.088 loading class java/lang/Short
Event: 0.088 loading class java/lang/Short done
Event: 0.088 loading class java/lang/Integer
Event: 0.088 loading class java/lang/Integer done
Event: 0.088 loading class java/lang/Long
Event: 0.088 loading class java/lang/Long done
Event: 0.089 loading class java/lang/NullPointerException
Event: 0.089 loading class java/lang/NullPointerException done
Event: 0.089 loading class java/lang/ArithmeticException
Event: 0.089 loading class java/lang/ArithmeticException done


Dynamic libraries:
0x00007ff6c1380000 - 0x00007ff6c13b7000 	C:\Program Files\Java\jre1.8.0_251\bin\javaw.exe
0x00007ff803aa0000 - 0x00007ff803c90000 	C:\WINDOWS\SYSTEM32\ntdll.dll
0x00007ff802bc0000 - 0x00007ff802c72000 	C:\WINDOWS\System32\KERNEL32.DLL
0x00007ff800c30000 - 0x00007ff800ed4000 	C:\WINDOWS\System32\KERNELBASE.dll
0x00007ff801fd0000 - 0x00007ff802073000 	C:\WINDOWS\System32\ADVAPI32.dll
0x00007ff801b50000 - 0x00007ff801bee000 	C:\WINDOWS\System32\msvcrt.dll
0x00007ff802d60000 - 0x00007ff802df7000 	C:\WINDOWS\System32\sechost.dll
0x00007ff8027c0000 - 0x00007ff8028e0000 	C:\WINDOWS\System32\RPCRT4.dll
0x00007ff8038c0000 - 0x00007ff803a54000 	C:\WINDOWS\System32\USER32.dll
0x00007ff801080000 - 0x00007ff8010a1000 	C:\WINDOWS\System32\win32u.dll
0x00007ff8036b0000 - 0x00007ff8036d6000 	C:\WINDOWS\System32\GDI32.dll
0x00007ff801890000 - 0x00007ff801a25000 	C:\WINDOWS\System32\gdi32full.dll
0x00007ff801a30000 - 0x00007ff801ace000 	C:\WINDOWS\System32\msvcp_win.dll
0x00007ff800b30000 - 0x00007ff800c2a000 	C:\WINDOWS\System32\ucrtbase.dll
0x00007ffff34d0000 - 0x00007ffff3754000 	C:\WINDOWS\WinSxS\amd64_microsoft.windows.common-controls_6595b64144ccf1df_6.0.18362.900_none_e6beb9d913147d17\COMCTL32.dll
0x00007ff801c70000 - 0x00007ff801fa5000 	C:\WINDOWS\System32\combase.dll
0x00007ff801ad0000 - 0x00007ff801b50000 	C:\WINDOWS\System32\bcryptPrimitives.dll
0x00007ff8025d0000 - 0x00007ff8025fe000 	C:\WINDOWS\System32\IMM32.DLL
0x0000000070380000 - 0x0000000070452000 	C:\Program Files\Java\jre1.8.0_251\bin\msvcr100.dll
0x0000000070460000 - 0x0000000070d0b000 	C:\Program Files\Java\jre1.8.0_251\bin\server\jvm.dll
0x00007ff8025c0000 - 0x00007ff8025c8000 	C:\WINDOWS\System32\PSAPI.DLL
0x00007ffffd010000 - 0x00007ffffd019000 	C:\WINDOWS\SYSTEM32\WSOCK32.dll
0x00007ff802600000 - 0x00007ff80266f000 	C:\WINDOWS\System32\WS2_32.dll
0x00007ffffce20000 - 0x00007ffffce44000 	C:\WINDOWS\SYSTEM32\WINMM.dll
0x00007ffff64d0000 - 0x00007ffff64da000 	C:\WINDOWS\SYSTEM32\VERSION.dll
0x00007ffffcdf0000 - 0x00007ffffce1d000 	C:\WINDOWS\SYSTEM32\WINMMBASE.dll
0x00007ff800ae0000 - 0x00007ff800b2a000 	C:\WINDOWS\System32\cfgmgr32.dll
0x00007ffffd000000 - 0x00007ffffd00f000 	C:\Program Files\Java\jre1.8.0_251\bin\verify.dll
0x00007ffffc2b0000 - 0x00007ffffc2d9000 	C:\Program Files\Java\jre1.8.0_251\bin\java.dll
0x00007ffffa240000 - 0x00007ffffa256000 	C:\Program Files\Java\jre1.8.0_251\bin\zip.dll

VM Arguments:
jvm_args: -Dfile.encoding=UTF-8 
java_command: leeduy.Assignment.src.polypro.FrMain
java_class_path (initial): D:\fpoly\Summer_2020\Testing_Advance\WorkSpace\03134_DuyLe_Assignment\target\classes
Launcher Type: SUN_STANDARD

Environment Variables:
JAVA_HOME=C:\Program Files\Java\jdk1.8.0_111
CLASSPATH=C:\Program Files\Java\jdk1.8.0_111
PATH=C:/Program Files/Java/jre1.8.0_251/bin/server;C:/Program Files/Java/jre1.8.0_251/bin;C:/Program Files/Java/jre1.8.0_251/lib/amd64;D:\Dev_Program\Python\Scripts\;D:\Dev_Program\Python\;C:\Program Files (x86)\Common Files\Oracle\Java\javapath;C:\ProgramData\Oracle\Java\javapath;C:\Windows\system32;C:\Windows;C:\Windows\System32\Wbem;C:\Windows\System32\WindowsPowerShell\v1.0\;C:\Windows\System32\OpenSSH\;C:\Program Files (x86)\NVIDIA Corporation\PhysX\Common;C:\Program Files\Microsoft SQL Server\110\Tools\Binn\;C:\Program Files (x86)\Microsoft SQL Server\110\Tools\Binn\;C:\Program Files\Microsoft SQL Server\110\DTS\Binn\;C:\Program Files (x86)\Microsoft SQL Server\110\Tools\Binn\ManagementStudio\;C:\Program Files (x86)\Microsoft Visual Studio 10.0\Common7\IDE\PrivateAssemblies\;C:\Program Files (x86)\Microsoft SQL Server\110\DTS\Binn\;C:\WINDOWS\system32;C:\WINDOWS;C:\WINDOWS\System32\Wbem;C:\WINDOWS\System32\WindowsPowerShell\v1.0\;C:\WINDOWS\System32\OpenSSH\;D:\Dev_Program\Git\cmd;C:\Program Files\Java\jdk1.8.0_111\bin;D:\Dev_Program\VisualCode\Microsoft VS Code\bin;D:\Dev_Program\sts-4.5.0.RELEASE;
USERNAME=Lee_Duy
OS=Windows_NT
PROCESSOR_IDENTIFIER=Intel64 Family 6 Model 69 Stepping 1, GenuineIntel



---------------  S Y S T E M  ---------------

OS: Windows 10.0 , 64 bit Build 18362 (10.0.18362.900)

CPU:total 4 (initial active 4) (2 cores per cpu, 2 threads per core) family 6 model 69 stepping 1, cmov, cx8, fxsr, mmx, sse, sse2, sse3, ssse3, sse4.1, sse4.2, popcnt, avx, avx2, aes, clmul, erms, lzcnt, ht, tsc, tscinvbit, bmi1, bmi2

Memory: 4k page, physical 4097340k(444952k free), swap 5526844k(5500k free)

vm_info: Java HotSpot(TM) 64-Bit Server VM (25.251-b08) for windows-amd64 JRE (1.8.0_251-b08), built on Mar 12 2020 06:31:49 by "" with MS VC++ 10.0 (VS2010)

time: Thu Jun 18 00:31:51 2020
timezone: SE Asia Standard Time
elapsed time: 0 seconds (0d 0h 0m 0s)

