#
# There is insufficient memory for the Java Runtime Environment to continue.
# Native memory allocation (malloc) failed to allocate 262160 bytes for Chunk::new
# Possible reasons:
#   The system is out of physical RAM or swap space
#   The process is running with CompressedOops enabled, and the Java Heap may be blocking the growth of the native heap
# Possible solutions:
#   Reduce memory load on the system
#   Increase physical memory or swap space
#   Check if swap backing store is full
#   Decrease Java heap size (-Xmx/-Xms)
#   Decrease number of Java threads
#   Decrease Java thread stack sizes (-Xss)
#   Set larger code cache with -XX:ReservedCodeCacheSize=
#   JVM is running with Unscaled Compressed Oops mode in which the Java heap is
#     placed in the first 4GB address space. The Java Heap base address is the
#     maximum limit for the native heap growth. Please use -XX:HeapBaseMinAddress
#     to set the Java Heap base and to place the Java Heap above 4GB virtual address.
# This output file may be truncated or incomplete.
#
#  Out of Memory Error (allocation.cpp:389), pid=3504, tid=0x0000000000000334
#
# JRE version: Java(TM) SE Runtime Environment (8.0_251-b08) (build 1.8.0_251-b08)
# Java VM: Java HotSpot(TM) 64-Bit Server VM (25.251-b08 mixed mode windows-amd64 compressed oops)
# Failed to write core dump. Minidumps are not enabled by default on client versions of Windows
#

---------------  T H R E A D  ---------------

Current thread (0x0000000014c02000):  JavaThread "C2 CompilerThread0" daemon [_thread_in_native, id=820, stack(0x0000000016350000,0x0000000016450000)]

Stack: [0x0000000016350000,0x0000000016450000]
[error occurred during error reporting (printing stack bounds), id 0xc0000005]

Native frames: (J=compiled Java code, j=interpreted, Vv=VM code, C=native code)


Current CompileTask:
C2:   2054  915       4       javassist.bytecode.stackmap.TypeData$TypeVar::dfs (230 bytes)


---------------  P R O C E S S  ---------------

Java Threads: ( => current thread )
  0x0000000016e6e800 JavaThread "ReaderThread" [_thread_in_native, id=11632, stack(0x0000000017550000,0x0000000017650000)]
  0x0000000016698000 JavaThread "Service Thread" daemon [_thread_blocked, id=660, stack(0x0000000016a50000,0x0000000016b50000)]
  0x0000000014c5a800 JavaThread "C1 CompilerThread2" daemon [_thread_blocked, id=9292, stack(0x0000000016550000,0x0000000016650000)]
  0x0000000014c12800 JavaThread "C2 CompilerThread1" daemon [_thread_in_native, id=656, stack(0x0000000016450000,0x0000000016550000)]
=>0x0000000014c02000 JavaThread "C2 CompilerThread0" daemon [_thread_in_native, id=820, stack(0x0000000016350000,0x0000000016450000)]
  0x0000000014c00000 JavaThread "Attach Listener" daemon [_thread_blocked, id=8776, stack(0x0000000016250000,0x0000000016350000)]
  0x0000000014c09800 JavaThread "Signal Dispatcher" daemon [_thread_blocked, id=8632, stack(0x0000000016150000,0x0000000016250000)]
  0x0000000014bea800 JavaThread "Finalizer" daemon [_thread_blocked, id=4112, stack(0x0000000015e50000,0x0000000015f50000)]
  0x00000000025f4000 JavaThread "Reference Handler" daemon [_thread_blocked, id=5080, stack(0x0000000015d50000,0x0000000015e50000)]
  0x0000000002505800 JavaThread "main" [_thread_in_Java, id=3356, stack(0x0000000002400000,0x0000000002500000)]

Other Threads:
  0x0000000014bc8000 VMThread [stack: 0x0000000015c50000,0x0000000015d50000] [id=12612]
  0x000000001669a000 WatcherThread [stack: 0x0000000016b50000,0x0000000016c50000] [id=13092]

VM state:not at safepoint (normal execution)

VM Mutex/Monitor currently owned by a thread: None

heap address: 0x00000000c1600000, size: 1002 MB, Compressed Oops mode: 32-bit
Narrow klass base: 0x0000000000000000, Narrow klass shift: 3
Compressed class space size: 1073741824 Address: 0x0000000100000000

Heap:
 PSYoungGen      total 35328K, used 29175K [0x00000000eb200000, 0x00000000ed700000, 0x0000000100000000)
  eden space 32768K, 81% used [0x00000000eb200000,0x00000000ecc01d20,0x00000000ed200000)
  from space 2560K, 99% used [0x00000000ed480000,0x00000000ed6fc010,0x00000000ed700000)
  to   space 2560K, 0% used [0x00000000ed200000,0x00000000ed200000,0x00000000ed480000)
 ParOldGen       total 44032K, used 5741K [0x00000000c1600000, 0x00000000c4100000, 0x00000000eb200000)
  object space 44032K, 13% used [0x00000000c1600000,0x00000000c1b9b5e0,0x00000000c4100000)
 Metaspace       used 12156K, capacity 12340K, committed 12416K, reserved 1060864K
  class space    used 1851K, capacity 1916K, committed 1920K, reserved 1048576K

Card table byte_map: [0x00000000119c0000,0x0000000011bc0000] byte_map_base: 0x00000000113b5000

Marking Bits: (ParMarkBitMap*) 0x0000000050cbaf90
 Begin Bits: [0x0000000012110000, 0x00000000130b8000)
 End Bits:   [0x00000000130b8000, 0x0000000014060000)

Polling page: 0x0000000000770000

CodeCache: size=245760Kb used=4691Kb max_used=4703Kb free=241068Kb
 bounds [0x0000000002600000, 0x0000000002aa0000, 0x0000000011600000]
 total_blobs=1481 nmethods=1168 adapters=225
 compilation: enabled

Compilation events (10 events):
Event: 1.977 Thread 0x0000000014c5a800 nmethod 1164 0x0000000002a8d690 code [0x0000000002a8d7e0, 0x0000000002a8d990]
Event: 1.990 Thread 0x0000000014c12800 1165   !   4       java.util.zip.ZipFile$ZipFileInputStream::close (110 bytes)
Event: 1.997 Thread 0x0000000014c12800 nmethod 1165 0x0000000002a98f90 code [0x0000000002a99120, 0x0000000002a999c8]
Event: 2.006 Thread 0x0000000014c12800 1166       4       java.util.HashMap::putVal (300 bytes)
Event: 2.018 Thread 0x0000000014c12800 nmethod 1166 0x0000000002a99f10 code [0x0000000002a9a0e0, 0x0000000002a9aad0]
Event: 2.048 Thread 0x0000000014c5a800 1167       1       java.lang.Integer::intValue (5 bytes)
Event: 2.049 Thread 0x0000000014c5a800 nmethod 1167 0x0000000002a8fc50 code [0x0000000002a8fda0, 0x0000000002a8feb0]
Event: 2.049 Thread 0x0000000014c12800 1168       4       java.util.HashMap$HashIterator::hasNext (13 bytes)
Event: 2.050 Thread 0x0000000014c12800 nmethod 1168 0x0000000002a8e550 code [0x0000000002a8e680, 0x0000000002a8e6f8]
Event: 2.052 Thread 0x0000000014c12800 1169       4       java.io.File::isInvalid (47 bytes)

GC Heap History (10 events):
Event: 0.924 GC heap before
{Heap before GC invocations=2 (full 0):
 PSYoungGen      total 18944K, used 18939K [0x00000000eb200000, 0x00000000ec700000, 0x0000000100000000)
  eden space 16384K, 100% used [0x00000000eb200000,0x00000000ec200000,0x00000000ec200000)
  from space 2560K, 99% used [0x00000000ec200000,0x00000000ec47ee50,0x00000000ec480000)
  to   space 2560K, 0% used [0x00000000ec480000,0x00000000ec480000,0x00000000ec700000)
 ParOldGen       total 44032K, used 705K [0x00000000c1600000, 0x00000000c4100000, 0x00000000eb200000)
  object space 44032K, 1% used [0x00000000c1600000,0x00000000c16b06d8,0x00000000c4100000)
 Metaspace       used 6806K, capacity 7218K, committed 7296K, reserved 1056768K
  class space    used 775K, capacity 857K, committed 896K, reserved 1048576K
Event: 0.929 GC heap after
Heap after GC invocations=2 (full 0):
 PSYoungGen      total 18944K, used 2528K [0x00000000eb200000, 0x00000000ed700000, 0x0000000100000000)
  eden space 16384K, 0% used [0x00000000eb200000,0x00000000eb200000,0x00000000ec200000)
  from space 2560K, 98% used [0x00000000ec480000,0x00000000ec6f8020,0x00000000ec700000)
  to   space 2560K, 0% used [0x00000000ec200000,0x00000000ec200000,0x00000000ec480000)
 ParOldGen       total 44032K, used 1125K [0x00000000c1600000, 0x00000000c4100000, 0x00000000eb200000)
  object space 44032K, 2% used [0x00000000c1600000,0x00000000c1719468,0x00000000c4100000)
 Metaspace       used 6806K, capacity 7218K, committed 7296K, reserved 1056768K
  class space    used 775K, capacity 857K, committed 896K, reserved 1048576K
}
Event: 1.069 GC heap before
{Heap before GC invocations=3 (full 0):
 PSYoungGen      total 18944K, used 18912K [0x00000000eb200000, 0x00000000ed700000, 0x0000000100000000)
  eden space 16384K, 100% used [0x00000000eb200000,0x00000000ec200000,0x00000000ec200000)
  from space 2560K, 98% used [0x00000000ec480000,0x00000000ec6f8020,0x00000000ec700000)
  to   space 2560K, 0% used [0x00000000ec200000,0x00000000ec200000,0x00000000ec480000)
 ParOldGen       total 44032K, used 1125K [0x00000000c1600000, 0x00000000c4100000, 0x00000000eb200000)
  object space 44032K, 2% used [0x00000000c1600000,0x00000000c1719468,0x00000000c4100000)
 Metaspace       used 7452K, capacity 7678K, committed 7936K, reserved 1056768K
  class space    used 876K, capacity 923K, committed 1024K, reserved 1048576K
Event: 1.073 GC heap after
Heap after GC invocations=3 (full 0):
 PSYoungGen      total 18944K, used 2528K [0x00000000eb200000, 0x00000000ed700000, 0x0000000100000000)
  eden space 16384K, 0% used [0x00000000eb200000,0x00000000eb200000,0x00000000ec200000)
  from space 2560K, 98% used [0x00000000ec200000,0x00000000ec478020,0x00000000ec480000)
  to   space 2560K, 0% used [0x00000000ed480000,0x00000000ed480000,0x00000000ed700000)
 ParOldGen       total 44032K, used 1554K [0x00000000c1600000, 0x00000000c4100000, 0x00000000eb200000)
  object space 44032K, 3% used [0x00000000c1600000,0x00000000c17848f0,0x00000000c4100000)
 Metaspace       used 7452K, capacity 7678K, committed 7936K, reserved 1056768K
  class space    used 876K, capacity 923K, committed 1024K, reserved 1048576K
}
Event: 1.264 GC heap before
{Heap before GC invocations=4 (full 0):
 PSYoungGen      total 18944K, used 18912K [0x00000000eb200000, 0x00000000ed700000, 0x0000000100000000)
  eden space 16384K, 100% used [0x00000000eb200000,0x00000000ec200000,0x00000000ec200000)
  from space 2560K, 98% used [0x00000000ec200000,0x00000000ec478020,0x00000000ec480000)
  to   space 2560K, 0% used [0x00000000ed480000,0x00000000ed480000,0x00000000ed700000)
 ParOldGen       total 44032K, used 1554K [0x00000000c1600000, 0x00000000c4100000, 0x00000000eb200000)
  object space 44032K, 3% used [0x00000000c1600000,0x00000000c17848f0,0x00000000c4100000)
 Metaspace       used 8096K, capacity 8286K, committed 8448K, reserved 1056768K
  class space    used 984K, capacity 1019K, committed 1024K, reserved 1048576K
Event: 1.270 GC heap after
Heap after GC invocations=4 (full 0):
 PSYoungGen      total 35328K, used 2528K [0x00000000eb200000, 0x00000000ed700000, 0x0000000100000000)
  eden space 32768K, 0% used [0x00000000eb200000,0x00000000eb200000,0x00000000ed200000)
  from space 2560K, 98% used [0x00000000ed480000,0x00000000ed6f8020,0x00000000ed700000)
  to   space 2560K, 0% used [0x00000000ed200000,0x00000000ed200000,0x00000000ed480000)
 ParOldGen       total 44032K, used 2384K [0x00000000c1600000, 0x00000000c4100000, 0x00000000eb200000)
  object space 44032K, 5% used [0x00000000c1600000,0x00000000c1854280,0x00000000c4100000)
 Metaspace       used 8096K, capacity 8286K, committed 8448K, reserved 1056768K
  class space    used 984K, capacity 1019K, committed 1024K, reserved 1048576K
}
Event: 1.576 GC heap before
{Heap before GC invocations=5 (full 0):
 PSYoungGen      total 35328K, used 35296K [0x00000000eb200000, 0x00000000ed700000, 0x0000000100000000)
  eden space 32768K, 100% used [0x00000000eb200000,0x00000000ed200000,0x00000000ed200000)
  from space 2560K, 98% used [0x00000000ed480000,0x00000000ed6f8020,0x00000000ed700000)
  to   space 2560K, 0% used [0x00000000ed200000,0x00000000ed200000,0x00000000ed480000)
 ParOldGen       total 44032K, used 2384K [0x00000000c1600000, 0x00000000c4100000, 0x00000000eb200000)
  object space 44032K, 5% used [0x00000000c1600000,0x00000000c1854280,0x00000000c4100000)
 Metaspace       used 9552K, capacity 9700K, committed 9728K, reserved 1058816K
  class space    used 1267K, capacity 1276K, committed 1280K, reserved 1048576K
Event: 1.583 GC heap after
Heap after GC invocations=5 (full 0):
 PSYoungGen      total 35328K, used 2528K [0x00000000eb200000, 0x00000000ed700000, 0x0000000100000000)
  eden space 32768K, 0% used [0x00000000eb200000,0x00000000eb200000,0x00000000ed200000)
  from space 2560K, 98% used [0x00000000ed200000,0x00000000ed478020,0x00000000ed480000)
  to   space 2560K, 0% used [0x00000000ed480000,0x00000000ed480000,0x00000000ed700000)
 ParOldGen       total 44032K, used 4081K [0x00000000c1600000, 0x00000000c4100000, 0x00000000eb200000)
  object space 44032K, 9% used [0x00000000c1600000,0x00000000c19fc6e8,0x00000000c4100000)
 Metaspace       used 9552K, capacity 9700K, committed 9728K, reserved 1058816K
  class space    used 1267K, capacity 1276K, committed 1280K, reserved 1048576K
}
Event: 1.851 GC heap before
{Heap before GC invocations=6 (full 0):
 PSYoungGen      total 35328K, used 35296K [0x00000000eb200000, 0x00000000ed700000, 0x0000000100000000)
  eden space 32768K, 100% used [0x00000000eb200000,0x00000000ed200000,0x00000000ed200000)
  from space 2560K, 98% used [0x00000000ed200000,0x00000000ed478020,0x00000000ed480000)
  to   space 2560K, 0% used [0x00000000ed480000,0x00000000ed480000,0x00000000ed700000)
 ParOldGen       total 44032K, used 4081K [0x00000000c1600000, 0x00000000c4100000, 0x00000000eb200000)
  object space 44032K, 9% used [0x00000000c1600000,0x00000000c19fc6e8,0x00000000c4100000)
 Metaspace       used 10945K, capacity 11060K, committed 11136K, reserved 1058816K
  class space    used 1535K, capacity 1596K, committed 1664K, reserved 1048576K
Event: 1.859 GC heap after
Heap after GC invocations=6 (full 0):
 PSYoungGen      total 35328K, used 2544K [0x00000000eb200000, 0x00000000ed700000, 0x0000000100000000)
  eden space 32768K, 0% used [0x00000000eb200000,0x00000000eb200000,0x00000000ed200000)
  from space 2560K, 99% used [0x00000000ed480000,0x00000000ed6fc010,0x00000000ed700000)
  to   space 2560K, 0% used [0x00000000ed200000,0x00000000ed200000,0x00000000ed480000)
 ParOldGen       total 44032K, used 5741K [0x00000000c1600000, 0x00000000c4100000, 0x00000000eb200000)
  object space 44032K, 13% used [0x00000000c1600000,0x00000000c1b9b5e0,0x00000000c4100000)
 Metaspace       used 10945K, capacity 11060K, committed 11136K, reserved 1058816K
  class space    used 1535K, capacity 1596K, committed 1664K, reserved 1048576K
}

Deoptimization events (10 events):
Event: 0.259 Thread 0x0000000002505800 Uncommon trap: reason=unstable_if action=reinterpret pc=0x000000000271acf8 method=java.lang.String.hashCode()I @ 14
Event: 0.588 Thread 0x0000000002505800 Uncommon trap: reason=unstable_if action=reinterpret pc=0x00000000027da520 method=sun.misc.MetaIndex.mayContain(Ljava/lang/String;)Z @ 38
Event: 0.611 Thread 0x0000000002505800 Uncommon trap: reason=unstable_if action=reinterpret pc=0x000000000280a010 method=java.util.HashMap.getNode(ILjava/lang/Object;)Ljava/util/HashMap$Node; @ 84
Event: 0.672 Thread 0x0000000002505800 Uncommon trap: reason=unstable_if action=reinterpret pc=0x0000000002724cc0 method=java.lang.CharacterData.of(I)Ljava/lang/CharacterData; @ 4
Event: 0.741 Thread 0x0000000002505800 Uncommon trap: reason=unstable_if action=reinterpret pc=0x0000000002890be0 method=javassist.bytecode.LongVector.elementAt(I)Ljavassist/bytecode/ConstInfo; @ 9
Event: 1.729 Thread 0x0000000002505800 Uncommon trap: reason=bimorphic action=maybe_recompile pc=0x0000000002990d4c method=java.util.HashMap.putVal(ILjava/lang/Object;Ljava/lang/Object;ZZ)Ljava/lang/Object; @ 203
Event: 1.729 Thread 0x0000000002505800 Uncommon trap: reason=bimorphic action=maybe_recompile pc=0x0000000002990d4c method=java.util.HashMap.putVal(ILjava/lang/Object;Ljava/lang/Object;ZZ)Ljava/lang/Object; @ 203
Event: 1.729 Thread 0x0000000002505800 Uncommon trap: reason=bimorphic action=maybe_recompile pc=0x0000000002990d4c method=java.util.HashMap.putVal(ILjava/lang/Object;Ljava/lang/Object;ZZ)Ljava/lang/Object; @ 203
Event: 1.729 Thread 0x0000000002505800 Uncommon trap: reason=bimorphic action=maybe_recompile pc=0x0000000002990d4c method=java.util.HashMap.putVal(ILjava/lang/Object;Ljava/lang/Object;ZZ)Ljava/lang/Object; @ 203
Event: 1.731 Thread 0x0000000002505800 Uncommon trap: reason=unstable_if action=reinterpret pc=0x0000000002a88654 method=sun.misc.URLClassPath$FileLoader.findResource(Ljava/lang/String;Z)Ljava/net/URL; @ 8

Classes redefined (0 events):
No events

Internal exceptions (10 events):
Event: 1.057 Thread 0x0000000002505800 Exception <a 'java/lang/ClassNotFoundException': org/powermock/configuration/MockitoConfigurationBeanInfo> (0x00000000ebff1e08) thrown at [C:\jenkins\workspace\8-2-build-windows-amd64-cygwin\jdk8u251\737\hotspot\src\share\vm\classfile\systemDictionary.cpp
Event: 1.058 Thread 0x0000000002505800 Exception <a 'java/lang/ClassNotFoundException': org/powermock/configuration/MockitoConfigurationCustomizer> (0x00000000ec01e9c0) thrown at [C:\jenkins\workspace\8-2-build-windows-amd64-cygwin\jdk8u251\737\hotspot\src\share\vm\classfile\systemDictionary.c
Event: 1.058 Thread 0x0000000002505800 Exception <a 'java/lang/ArrayIndexOutOfBoundsException'> (0x00000000ec020c40) thrown at [C:\jenkins\workspace\8-2-build-windows-amd64-cygwin\jdk8u251\737\hotspot\src\share\vm\runtime\sharedRuntime.cpp, line 605]
Event: 1.068 Thread 0x0000000002505800 Exception <a 'java/lang/ClassNotFoundException': org/powermock/configuration/MockitoConfigurationBeanInfo> (0x00000000ec1d4610) thrown at [C:\jenkins\workspace\8-2-build-windows-amd64-cygwin\jdk8u251\737\hotspot\src\share\vm\classfile\systemDictionary.cpp
Event: 1.073 Thread 0x0000000002505800 Exception <a 'java/lang/ClassNotFoundException': org/powermock/configuration/MockitoConfigurationCustomizer> (0x00000000eb201288) thrown at [C:\jenkins\workspace\8-2-build-windows-amd64-cygwin\jdk8u251\737\hotspot\src\share\vm\classfile\systemDictionary.c
Event: 1.075 Thread 0x0000000002505800 Exception <a 'java/lang/ClassNotFoundException': org/powermock/configuration/PowerMockConfigurationBeanInfo> (0x00000000eb248390) thrown at [C:\jenkins\workspace\8-2-build-windows-amd64-cygwin\jdk8u251\737\hotspot\src\share\vm\classfile\systemDictionary.c
Event: 1.076 Thread 0x0000000002505800 Exception <a 'java/lang/ClassNotFoundException': org/powermock/configuration/PowerMockConfigurationCustomizer> (0x00000000eb2769b8) thrown at [C:\jenkins\workspace\8-2-build-windows-amd64-cygwin\jdk8u251\737\hotspot\src\share\vm\classfile\systemDictionary
Event: 1.076 Thread 0x0000000002505800 Exception <a 'java/lang/ArrayIndexOutOfBoundsException'> (0x00000000eb27fa88) thrown at [C:\jenkins\workspace\8-2-build-windows-amd64-cygwin\jdk8u251\737\hotspot\src\share\vm\runtime\sharedRuntime.cpp, line 605]
Event: 1.078 Thread 0x0000000002505800 Exception <a 'java/lang/ClassNotFoundException': org/powermock/configuration/PowerMockConfigurationBeanInfo> (0x00000000eb2cbe68) thrown at [C:\jenkins\workspace\8-2-build-windows-amd64-cygwin\jdk8u251\737\hotspot\src\share\vm\classfile\systemDictionary.c
Event: 1.079 Thread 0x0000000002505800 Exception <a 'java/lang/ClassNotFoundException': org/powermock/configuration/PowerMockConfigurationCustomizer> (0x00000000eb2fa518) thrown at [C:\jenkins\workspace\8-2-build-windows-amd64-cygwin\jdk8u251\737\hotspot\src\share\vm\classfile\systemDictionary

Events (10 events):
Event: 2.049 loading class net/bytebuddy/description/annotation/AnnotationValue$ForConstant
Event: 2.049 loading class net/bytebuddy/description/annotation/AnnotationValue$ForConstant done
Event: 2.049 loading class net/bytebuddy/description/annotation/AnnotationValue$AbstractBase
Event: 2.049 loading class net/bytebuddy/description/annotation/AnnotationValue$AbstractBase done
Event: 2.051 loading class net/bytebuddy/description/annotation/AnnotationValue$ForConstant$PropertyDelegate
Event: 2.051 loading class net/bytebuddy/description/annotation/AnnotationValue$ForConstant$PropertyDelegate done
Event: 2.051 loading class net/bytebuddy/description/annotation/AnnotationValue$Loaded
Event: 2.051 loading class net/bytebuddy/description/annotation/AnnotationValue$Loaded done
Event: 2.052 loading class net/bytebuddy/description/annotation/AnnotationValue$ForConstant$PropertyDelegate$ForNonArrayType
Event: 2.052 loading class net/bytebuddy/description/annotation/AnnotationValue$ForConstant$PropertyDelegate$ForNonArrayType done


Dynamic libraries:
0x00007ff6a4b90000 - 0x00007ff6a4bc7000 	C:\Program Files\Java\jre1.8.0_251\bin\javaw.exe
0x00007ff9e2660000 - 0x00007ff9e2850000 	C:\WINDOWS\SYSTEM32\ntdll.dll
0x00007ff9e1c60000 - 0x00007ff9e1d12000 	C:\WINDOWS\System32\KERNEL32.DLL
0x00007ff9e03c0000 - 0x00007ff9e0664000 	C:\WINDOWS\System32\KERNELBASE.dll
0x00007ff9e1b20000 - 0x00007ff9e1bc3000 	C:\WINDOWS\System32\ADVAPI32.dll
0x00007ff9e23e0000 - 0x00007ff9e247e000 	C:\WINDOWS\System32\msvcrt.dll
0x00007ff9e1900000 - 0x00007ff9e1997000 	C:\WINDOWS\System32\sechost.dll
0x00007ff9e21b0000 - 0x00007ff9e22d0000 	C:\WINDOWS\System32\RPCRT4.dll
0x00007ff9e2480000 - 0x00007ff9e2614000 	C:\WINDOWS\System32\USER32.dll
0x00007ff9e0390000 - 0x00007ff9e03b1000 	C:\WINDOWS\System32\win32u.dll
0x00007ff9e1790000 - 0x00007ff9e17b6000 	C:\WINDOWS\System32\GDI32.dll
0x00007ff9df650000 - 0x00007ff9df7e5000 	C:\WINDOWS\System32\gdi32full.dll
0x00007ff9e0670000 - 0x00007ff9e070e000 	C:\WINDOWS\System32\msvcp_win.dll
0x00007ff9e0290000 - 0x00007ff9e038a000 	C:\WINDOWS\System32\ucrtbase.dll
0x00007ff9d22d0000 - 0x00007ff9d2554000 	C:\WINDOWS\WinSxS\amd64_microsoft.windows.common-controls_6595b64144ccf1df_6.0.18362.900_none_e6beb9d913147d17\COMCTL32.dll
0x00007ff9e1140000 - 0x00007ff9e1475000 	C:\WINDOWS\System32\combase.dll
0x00007ff9dff70000 - 0x00007ff9dfff0000 	C:\WINDOWS\System32\bcryptPrimitives.dll
0x00007ff9e19a0000 - 0x00007ff9e19ce000 	C:\WINDOWS\System32\IMM32.DLL
0x00000000503b0000 - 0x0000000050482000 	C:\Program Files\Java\jre1.8.0_251\bin\msvcr100.dll
0x0000000050490000 - 0x0000000050d3b000 	C:\Program Files\Java\jre1.8.0_251\bin\server\jvm.dll
0x00007ff9e1c50000 - 0x00007ff9e1c58000 	C:\WINDOWS\System32\PSAPI.DLL
0x00007ff9cd8f0000 - 0x00007ff9cd8f9000 	C:\WINDOWS\SYSTEM32\WSOCK32.dll
0x00007ff9e1aa0000 - 0x00007ff9e1b0f000 	C:\WINDOWS\System32\WS2_32.dll
0x00007ff9db9f0000 - 0x00007ff9dba14000 	C:\WINDOWS\SYSTEM32\WINMM.dll
0x00007ff9d74d0000 - 0x00007ff9d74da000 	C:\WINDOWS\SYSTEM32\VERSION.dll
0x00007ff9db9c0000 - 0x00007ff9db9ed000 	C:\WINDOWS\SYSTEM32\WINMMBASE.dll
0x00007ff9e0170000 - 0x00007ff9e01ba000 	C:\WINDOWS\System32\cfgmgr32.dll
0x00007ff9cd850000 - 0x00007ff9cd85f000 	C:\Program Files\Java\jre1.8.0_251\bin\verify.dll
0x00007ff9a25e0000 - 0x00007ff9a2609000 	C:\Program Files\Java\jre1.8.0_251\bin\java.dll
0x00007ff9ccea0000 - 0x00007ff9cceb6000 	C:\Program Files\Java\jre1.8.0_251\bin\zip.dll
0x00007ff9e08c0000 - 0x00007ff9e0fa6000 	C:\WINDOWS\System32\SHELL32.dll
0x00007ff9e2330000 - 0x00007ff9e23d9000 	C:\WINDOWS\System32\shcore.dll
0x00007ff9df7f0000 - 0x00007ff9dff70000 	C:\WINDOWS\System32\windows.storage.dll
0x00007ff9df5c0000 - 0x00007ff9df5e3000 	C:\WINDOWS\System32\profapi.dll
0x00007ff9df570000 - 0x00007ff9df5ba000 	C:\WINDOWS\System32\powrprof.dll
0x00007ff9df520000 - 0x00007ff9df530000 	C:\WINDOWS\System32\UMPDC.dll
0x00007ff9e0860000 - 0x00007ff9e08b2000 	C:\WINDOWS\System32\shlwapi.dll
0x00007ff9df550000 - 0x00007ff9df561000 	C:\WINDOWS\System32\kernel.appcore.dll
0x00007ff9e0270000 - 0x00007ff9e0287000 	C:\WINDOWS\System32\cryptsp.dll
0x00007ff9a25c0000 - 0x00007ff9a25da000 	C:\Program Files\Java\jre1.8.0_251\bin\net.dll
0x00007ff9ded90000 - 0x00007ff9dedf7000 	C:\WINDOWS\system32\mswsock.dll

VM Arguments:
jvm_args: -ea -Dfile.encoding=UTF-8 
java_command: org.eclipse.jdt.internal.junit.runner.RemoteTestRunner -version 3 -port 51028 -testLoaderClass org.eclipse.jdt.internal.junit4.runner.JUnit4TestLoader -loaderpluginname org.eclipse.jdt.junit4.runtime -classNames JUnitTestDAO.ChuyenDeDAOTest
java_class_path (initial): D:\fpoly\Summer_2020\Testing_Advance\WorkSpace\03134_DuyLe_Assignment\target\test-classes;D:\fpoly\Summer_2020\Testing_Advance\WorkSpace\03134_DuyLe_Assignment\target\classes;D:\fpoly\Summer_2020\Testing_Advance\WorkSpace\PolyPro\dist\lib\mssql-jdbc-6.2.2.jre8 - Copy.jar;D:\Dev_Program\sts-4.5.0.RELEASE\plugins\org.testng_7.2.0.r202003151902.jar;D:\Dev_Program\sts-4.5.0.RELEASE\plugins\com.beust.jcommander_1.72.0.jar;D:\Dev_Program\sts-4.5.0.RELEASE\plugins\org.apache-extras.beanshell.bsh_2.0.0.b6.jar;D:\Dev_Program\sts-4.5.0.RELEASE\plugins\org.yaml.snakeyaml_1.21.0.jar;C:\Users\ASDZ\.m2\repository\com\microsoft\sqlserver\mssql-jdbc\8.2.0.jre8\mssql-jdbc-8.2.0.jre8.jar;C:\Users\ASDZ\.m2\repository\junit\junit\4.11\junit-4.11.jar;C:\Users\ASDZ\.m2\repository\org\hamcrest\hamcrest-core\1.3\hamcrest-core-1.3.jar;C:\Users\ASDZ\.m2\repository\org\mockito\mockito-core\2.28.2\mockito-core-2.28.2.jar;C:\Users\ASDZ\.m2\repository\net\bytebuddy\byte-buddy\1.9.10\byte-buddy-1.9.10.jar;C:\Users\ASDZ\.m2\repository\net\bytebuddy\byte-buddy-agent\1.9.10\byte-buddy-agent-1.9.10.jar;C:\Users\ASDZ\.m2\repository\org\powermock\powermock-core\2.0.2\powermock-core-2.0.2.jar;C:\Users\ASDZ\.m2\repository\org\javassist\javassist\3.24.0-GA\javassist-3.24.0-GA.jar;C:\Users\ASDZ\.m2\repository\org\powermock\powermock-api-mockito2\2.0.2\powermock-api-mockito2-2.0.2.jar;C:\Users\ASDZ\.m2\repository\org\powermock\powermock-module-junit4-common\2.0.2\powermock-module-junit4-common-2.0.2.jar;C:\Users\ASDZ\.m2\repository\org\powermock\powermock-module-junit4\2.0.2\powermock-module-junit4-2.0.2.jar;C:\Users\ASDZ\.m2\repository\org\powermock\powermock-api-support\2.0.2\powermock-api-support-2.0.2.jar;C:\Users\ASDZ\.m2\repository\org\powermock\powermock-module-testng\2.0.2\powermock-module-testng-2.0.2.jar;C:\Users\ASDZ\.m2\repository\org\powermock\powermock-module-testng-common\2.0.2\powermock-module-testng-common-2.0.2.jar;C:\Users\ASDZ\.m2\repository\org\powermock\pow
Launcher Type: SUN_STANDARD

Environment Variables:
JAVA_HOME=C:\Program Files\Java\jdk1.8.0_111
CLASSPATH=C:\Program Files\Java\jdk1.8.0_111
PATH=C:/Program Files/Java/jre1.8.0_251/bin/server;C:/Program Files/Java/jre1.8.0_251/bin;C:/Program Files/Java/jre1.8.0_251/lib/amd64;D:\Dev_Program\Python\Scripts\;D:\Dev_Program\Python\;C:\Program Files (x86)\Common Files\Oracle\Java\javapath;C:\ProgramData\Oracle\Java\javapath;C:\Windows\system32;C:\Windows;C:\Windows\System32\Wbem;C:\Windows\System32\WindowsPowerShell\v1.0\;C:\Windows\System32\OpenSSH\;C:\Program Files (x86)\NVIDIA Corporation\PhysX\Common;C:\Program Files\Microsoft SQL Server\110\Tools\Binn\;C:\Program Files (x86)\Microsoft SQL Server\110\Tools\Binn\;C:\Program Files\Microsoft SQL Server\110\DTS\Binn\;C:\Program Files (x86)\Microsoft SQL Server\110\Tools\Binn\ManagementStudio\;C:\Program Files (x86)\Microsoft Visual Studio 10.0\Common7\IDE\PrivateAssemblies\;C:\Program Files (x86)\Microsoft SQL Server\110\DTS\Binn\;C:\WINDOWS\system32;C:\WINDOWS;C:\WINDOWS\System32\Wbem;C:\WINDOWS\System32\WindowsPowerShell\v1.0\;C:\WINDOWS\System32\OpenSSH\;D:\Dev_Program\Git\cmd;C:\Program Files\Java\jdk1.8.0_111\bin;D:\Dev_Program\VisualCode\Microsoft VS Code\bin;D:\Dev_Program\sts-4.5.0.RELEASE;
USERNAME=Lee_Duy
OS=Windows_NT
PROCESSOR_IDENTIFIER=Intel64 Family 6 Model 69 Stepping 1, GenuineIntel



---------------  S Y S T E M  ---------------

OS: Windows 10.0 , 64 bit Build 18362 (10.0.18362.900)

CPU:total 4 (initial active 4) (2 cores per cpu, 2 threads per core) family 6 model 69 stepping 1, cmov, cx8, fxsr, mmx, sse, sse2, sse3, ssse3, sse4.1, sse4.2, popcnt, avx, avx2, aes, clmul, erms, lzcnt, ht, tsc, tscinvbit, bmi1, bmi2

Memory: 4k page, physical 4097340k(422872k free), swap 5526844k(5132k free)

vm_info: Java HotSpot(TM) 64-Bit Server VM (25.251-b08) for windows-amd64 JRE (1.8.0_251-b08), built on Mar 12 2020 06:31:49 by "" with MS VC++ 10.0 (VS2010)

time: Mon Jun 29 16:13:59 2020
timezone: SE Asia Standard Time
elapsed time: 2 seconds (0d 0h 0m 2s)

