#
# There is insufficient memory for the Java Runtime Environment to continue.
# Native memory allocation (malloc) failed to allocate 1433296 bytes for Chunk::new
# Possible reasons:
#   The system is out of physical RAM or swap space
#   The process is running with CompressedOops enabled, and the Java Heap may be blocking the growth of the native heap
# Possible solutions:
#   Reduce memory load on the system
#   Increase physical memory or swap space
#   Check if swap backing store is full
#   Decrease Java heap size (-Xmx/-Xms)
#   Decrease number of Java threads
#   Decrease Java thread stack sizes (-Xss)
#   Set larger code cache with -XX:ReservedCodeCacheSize=
#   JVM is running with Unscaled Compressed Oops mode in which the Java heap is
#     placed in the first 4GB address space. The Java Heap base address is the
#     maximum limit for the native heap growth. Please use -XX:HeapBaseMinAddress
#     to set the Java Heap base and to place the Java Heap above 4GB virtual address.
# This output file may be truncated or incomplete.
#
#  Out of Memory Error (allocation.cpp:389), pid=10060, tid=0x0000000000000c74
#
# JRE version: Java(TM) SE Runtime Environment (8.0_251-b08) (build 1.8.0_251-b08)
# Java VM: Java HotSpot(TM) 64-Bit Server VM (25.251-b08 mixed mode windows-amd64 compressed oops)
# Failed to write core dump. Minidumps are not enabled by default on client versions of Windows
#

---------------  T H R E A D  ---------------

Current thread (0x0000000014942800):  JavaThread "C2 CompilerThread0" daemon [_thread_in_native, id=3188, stack(0x0000000015f90000,0x0000000016090000)]

Stack: [0x0000000015f90000,0x0000000016090000]
[error occurred during error reporting (printing stack bounds), id 0xc0000005]

Native frames: (J=compiled Java code, j=interpreted, Vv=VM code, C=native code)


Current CompileTask:
C2:   1797  953       4       javassist.bytecode.stackmap.TypeData$TypeVar::dfs (230 bytes)


---------------  P R O C E S S  ---------------

Java Threads: ( => current thread )
  0x0000000016a9a800 JavaThread "ReaderThread" [_thread_in_native, id=348, stack(0x0000000017190000,0x0000000017290000)]
  0x00000000162c8800 JavaThread "Service Thread" daemon [_thread_blocked, id=2080, stack(0x0000000016690000,0x0000000016790000)]
  0x0000000014957800 JavaThread "C1 CompilerThread2" daemon [_thread_blocked, id=4776, stack(0x0000000016190000,0x0000000016290000)]
  0x000000001494f800 JavaThread "C2 CompilerThread1" daemon [_thread_in_native, id=3128, stack(0x0000000016090000,0x0000000016190000)]
=>0x0000000014942800 JavaThread "C2 CompilerThread0" daemon [_thread_in_native, id=3188, stack(0x0000000015f90000,0x0000000016090000)]
  0x0000000014940000 JavaThread "Attach Listener" daemon [_thread_blocked, id=9908, stack(0x0000000015e90000,0x0000000015f90000)]
  0x000000001494a800 JavaThread "Signal Dispatcher" daemon [_thread_blocked, id=3312, stack(0x0000000015d90000,0x0000000015e90000)]
  0x000000001492c000 JavaThread "Finalizer" daemon [_thread_blocked, id=2232, stack(0x0000000015b90000,0x0000000015c90000)]
  0x0000000002335000 JavaThread "Reference Handler" daemon [_thread_blocked, id=2708, stack(0x0000000015a90000,0x0000000015b90000)]
  0x0000000002245800 JavaThread "main" [_thread_in_vm, id=12304, stack(0x0000000002140000,0x0000000002240000)]

Other Threads:
  0x0000000014908000 VMThread [stack: 0x0000000015990000,0x0000000015a90000] [id=1276]
  0x000000001499e000 WatcherThread [stack: 0x0000000016790000,0x0000000016890000] [id=10152]

VM state:not at safepoint (normal execution)

VM Mutex/Monitor currently owned by a thread: None

heap address: 0x00000000c1600000, size: 1002 MB, Compressed Oops mode: 32-bit
Narrow klass base: 0x0000000000000000, Narrow klass shift: 3
Compressed class space size: 1073741824 Address: 0x0000000100000000

Heap:
 PSYoungGen      total 35328K, used 27330K [0x00000000eb200000, 0x00000000ed700000, 0x0000000100000000)
  eden space 32768K, 75% used [0x00000000eb200000,0x00000000eca34b10,0x00000000ed200000)
  from space 2560K, 99% used [0x00000000ed200000,0x00000000ed47c010,0x00000000ed480000)
  to   space 2560K, 0% used [0x00000000ed480000,0x00000000ed480000,0x00000000ed700000)
 ParOldGen       total 44032K, used 3910K [0x00000000c1600000, 0x00000000c4100000, 0x00000000eb200000)
  object space 44032K, 8% used [0x00000000c1600000,0x00000000c19d1b40,0x00000000c4100000)
 Metaspace       used 10487K, capacity 10644K, committed 10752K, reserved 1058816K
  class space    used 1439K, capacity 1500K, committed 1536K, reserved 1048576K

Card table byte_map: [0x0000000011700000,0x0000000011900000] byte_map_base: 0x00000000110f5000

Marking Bits: (ParMarkBitMap*) 0x0000000050cbaf90
 Begin Bits: [0x0000000011e50000, 0x0000000012df8000)
 End Bits:   [0x0000000012df8000, 0x0000000013da0000)

Polling page: 0x00000000004f0000

CodeCache: size=245760Kb used=4761Kb max_used=4761Kb free=240998Kb
 bounds [0x0000000002340000, 0x00000000027f0000, 0x0000000011340000]
 total_blobs=1496 nmethods=1190 adapters=218
 compilation: enabled

Compilation events (10 events):
Event: 1.672 Thread 0x0000000014957800 1199       2       java.net.URLConnection::setUseCaches (23 bytes)
Event: 1.672 Thread 0x0000000014957800 nmethod 1199 0x00000000027e7590 code [0x00000000027e7700, 0x00000000027e7928]
Event: 1.672 Thread 0x0000000014957800 1200       2       sun.net.www.protocol.jar.URLJarFile::getEntry (69 bytes)
Event: 1.673 Thread 0x0000000014957800 nmethod 1200 0x00000000027e7a10 code [0x00000000027e7c20, 0x00000000027e8378]
Event: 1.739 Thread 0x0000000014957800 1201       2       java.lang.Class::cast (27 bytes)
Event: 1.740 Thread 0x0000000014957800 nmethod 1201 0x00000000027e8890 code [0x00000000027e8a00, 0x00000000027e8c58]
Event: 1.748 Thread 0x0000000014957800 1202       1       java.util.LinkedHashMap::removeEldestEntry (2 bytes)
Event: 1.748 Thread 0x0000000014957800 nmethod 1202 0x00000000027e8d50 code [0x00000000027e8ea0, 0x00000000027e8fb0]
Event: 1.750 Thread 0x0000000014957800 1203       2       java.util.LinkedHashMap$LinkedKeyIterator::next (8 bytes)
Event: 1.750 Thread 0x0000000014957800 nmethod 1203 0x00000000027e9010 code [0x00000000027e9180, 0x00000000027e9308]

GC Heap History (10 events):
Event: 0.554 GC heap before
{Heap before GC invocations=1 (full 0):
 PSYoungGen      total 18944K, used 16384K [0x00000000eb200000, 0x00000000ec700000, 0x0000000100000000)
  eden space 16384K, 100% used [0x00000000eb200000,0x00000000ec200000,0x00000000ec200000)
  from space 2560K, 0% used [0x00000000ec480000,0x00000000ec480000,0x00000000ec700000)
  to   space 2560K, 0% used [0x00000000ec200000,0x00000000ec200000,0x00000000ec480000)
 ParOldGen       total 44032K, used 0K [0x00000000c1600000, 0x00000000c4100000, 0x00000000eb200000)
  object space 44032K, 0% used [0x00000000c1600000,0x00000000c1600000,0x00000000c4100000)
 Metaspace       used 5905K, capacity 6356K, committed 6656K, reserved 1056768K
  class space    used 695K, capacity 720K, committed 768K, reserved 1048576K
Event: 0.559 GC heap after
Heap after GC invocations=1 (full 0):
 PSYoungGen      total 18944K, used 2555K [0x00000000eb200000, 0x00000000ec700000, 0x0000000100000000)
  eden space 16384K, 0% used [0x00000000eb200000,0x00000000eb200000,0x00000000ec200000)
  from space 2560K, 99% used [0x00000000ec200000,0x00000000ec47ee50,0x00000000ec480000)
  to   space 2560K, 0% used [0x00000000ec480000,0x00000000ec480000,0x00000000ec700000)
 ParOldGen       total 44032K, used 669K [0x00000000c1600000, 0x00000000c4100000, 0x00000000eb200000)
  object space 44032K, 1% used [0x00000000c1600000,0x00000000c16a75c0,0x00000000c4100000)
 Metaspace       used 5905K, capacity 6356K, committed 6656K, reserved 1056768K
  class space    used 695K, capacity 720K, committed 768K, reserved 1048576K
}
Event: 0.876 GC heap before
{Heap before GC invocations=2 (full 0):
 PSYoungGen      total 18944K, used 18939K [0x00000000eb200000, 0x00000000ec700000, 0x0000000100000000)
  eden space 16384K, 100% used [0x00000000eb200000,0x00000000ec200000,0x00000000ec200000)
  from space 2560K, 99% used [0x00000000ec200000,0x00000000ec47ee50,0x00000000ec480000)
  to   space 2560K, 0% used [0x00000000ec480000,0x00000000ec480000,0x00000000ec700000)
 ParOldGen       total 44032K, used 669K [0x00000000c1600000, 0x00000000c4100000, 0x00000000eb200000)
  object space 44032K, 1% used [0x00000000c1600000,0x00000000c16a75c0,0x00000000c4100000)
 Metaspace       used 6817K, capacity 7218K, committed 7296K, reserved 1056768K
  class space    used 775K, capacity 857K, committed 896K, reserved 1048576K
Event: 0.881 GC heap after
Heap after GC invocations=2 (full 0):
 PSYoungGen      total 18944K, used 2551K [0x00000000eb200000, 0x00000000ed700000, 0x0000000100000000)
  eden space 16384K, 0% used [0x00000000eb200000,0x00000000eb200000,0x00000000ec200000)
  from space 2560K, 99% used [0x00000000ec480000,0x00000000ec6fdeb8,0x00000000ec700000)
  to   space 2560K, 0% used [0x00000000ec200000,0x00000000ec200000,0x00000000ec480000)
 ParOldGen       total 44032K, used 1013K [0x00000000c1600000, 0x00000000c4100000, 0x00000000eb200000)
  object space 44032K, 2% used [0x00000000c1600000,0x00000000c16fd780,0x00000000c4100000)
 Metaspace       used 6817K, capacity 7218K, committed 7296K, reserved 1056768K
  class space    used 775K, capacity 857K, committed 896K, reserved 1048576K
}
Event: 1.066 GC heap before
{Heap before GC invocations=3 (full 0):
 PSYoungGen      total 18944K, used 18935K [0x00000000eb200000, 0x00000000ed700000, 0x0000000100000000)
  eden space 16384K, 100% used [0x00000000eb200000,0x00000000ec200000,0x00000000ec200000)
  from space 2560K, 99% used [0x00000000ec480000,0x00000000ec6fdeb8,0x00000000ec700000)
  to   space 2560K, 0% used [0x00000000ec200000,0x00000000ec200000,0x00000000ec480000)
 ParOldGen       total 44032K, used 1013K [0x00000000c1600000, 0x00000000c4100000, 0x00000000eb200000)
  object space 44032K, 2% used [0x00000000c1600000,0x00000000c16fd780,0x00000000c4100000)
 Metaspace       used 7437K, capacity 7678K, committed 7936K, reserved 1056768K
  class space    used 866K, capacity 923K, committed 1024K, reserved 1048576K
Event: 1.073 GC heap after
Heap after GC invocations=3 (full 0):
 PSYoungGen      total 18944K, used 2528K [0x00000000eb200000, 0x00000000ed700000, 0x0000000100000000)
  eden space 16384K, 0% used [0x00000000eb200000,0x00000000eb200000,0x00000000ec200000)
  from space 2560K, 98% used [0x00000000ec200000,0x00000000ec478020,0x00000000ec480000)
  to   space 2560K, 0% used [0x00000000ed480000,0x00000000ed480000,0x00000000ed700000)
 ParOldGen       total 44032K, used 1422K [0x00000000c1600000, 0x00000000c4100000, 0x00000000eb200000)
  object space 44032K, 3% used [0x00000000c1600000,0x00000000c17639a0,0x00000000c4100000)
 Metaspace       used 7437K, capacity 7678K, committed 7936K, reserved 1056768K
  class space    used 866K, capacity 923K, committed 1024K, reserved 1048576K
}
Event: 1.184 GC heap before
{Heap before GC invocations=4 (full 0):
 PSYoungGen      total 18944K, used 18912K [0x00000000eb200000, 0x00000000ed700000, 0x0000000100000000)
  eden space 16384K, 100% used [0x00000000eb200000,0x00000000ec200000,0x00000000ec200000)
  from space 2560K, 98% used [0x00000000ec200000,0x00000000ec478020,0x00000000ec480000)
  to   space 2560K, 0% used [0x00000000ed480000,0x00000000ed480000,0x00000000ed700000)
 ParOldGen       total 44032K, used 1422K [0x00000000c1600000, 0x00000000c4100000, 0x00000000eb200000)
  object space 44032K, 3% used [0x00000000c1600000,0x00000000c17639a0,0x00000000c4100000)
 Metaspace       used 8040K, capacity 8254K, committed 8448K, reserved 1056768K
  class space    used 962K, capacity 987K, committed 1024K, reserved 1048576K
Event: 1.190 GC heap after
Heap after GC invocations=4 (full 0):
 PSYoungGen      total 35328K, used 2528K [0x00000000eb200000, 0x00000000ed700000, 0x0000000100000000)
  eden space 32768K, 0% used [0x00000000eb200000,0x00000000eb200000,0x00000000ed200000)
  from space 2560K, 98% used [0x00000000ed480000,0x00000000ed6f8020,0x00000000ed700000)
  to   space 2560K, 0% used [0x00000000ed200000,0x00000000ed200000,0x00000000ed480000)
 ParOldGen       total 44032K, used 2214K [0x00000000c1600000, 0x00000000c4100000, 0x00000000eb200000)
  object space 44032K, 5% used [0x00000000c1600000,0x00000000c1829950,0x00000000c4100000)
 Metaspace       used 8040K, capacity 8254K, committed 8448K, reserved 1056768K
  class space    used 962K, capacity 987K, committed 1024K, reserved 1048576K
}
Event: 1.505 GC heap before
{Heap before GC invocations=5 (full 0):
 PSYoungGen      total 35328K, used 35296K [0x00000000eb200000, 0x00000000ed700000, 0x0000000100000000)
  eden space 32768K, 100% used [0x00000000eb200000,0x00000000ed200000,0x00000000ed200000)
  from space 2560K, 98% used [0x00000000ed480000,0x00000000ed6f8020,0x00000000ed700000)
  to   space 2560K, 0% used [0x00000000ed200000,0x00000000ed200000,0x00000000ed480000)
 ParOldGen       total 44032K, used 2214K [0x00000000c1600000, 0x00000000c4100000, 0x00000000eb200000)
  object space 44032K, 5% used [0x00000000c1600000,0x00000000c1829950,0x00000000c4100000)
 Metaspace       used 9493K, capacity 9630K, committed 9728K, reserved 1058816K
  class space    used 1243K, capacity 1275K, committed 1280K, reserved 1048576K
Event: 1.524 GC heap after
Heap after GC invocations=5 (full 0):
 PSYoungGen      total 35328K, used 2544K [0x00000000eb200000, 0x00000000ed700000, 0x0000000100000000)
  eden space 32768K, 0% used [0x00000000eb200000,0x00000000eb200000,0x00000000ed200000)
  from space 2560K, 99% used [0x00000000ed200000,0x00000000ed47c010,0x00000000ed480000)
  to   space 2560K, 0% used [0x00000000ed480000,0x00000000ed480000,0x00000000ed700000)
 ParOldGen       total 44032K, used 3910K [0x00000000c1600000, 0x00000000c4100000, 0x00000000eb200000)
  object space 44032K, 8% used [0x00000000c1600000,0x00000000c19d1b40,0x00000000c4100000)
 Metaspace       used 9493K, capacity 9630K, committed 9728K, reserved 1058816K
  class space    used 1243K, capacity 1275K, committed 1280K, reserved 1048576K
}

Deoptimization events (10 events):
Event: 0.875 Thread 0x0000000002245800 Uncommon trap: reason=bimorphic action=maybe_recompile pc=0x000000000270361c method=javassist.bytecode.stackmap.TypeData$TypeVar.isNullType()Z @ 20
Event: 0.886 Thread 0x0000000002245800 Uncommon trap: reason=bimorphic action=maybe_recompile pc=0x000000000270361c method=javassist.bytecode.stackmap.TypeData$TypeVar.isNullType()Z @ 20
Event: 0.901 Thread 0x0000000002245800 Uncommon trap: reason=bimorphic action=maybe_recompile pc=0x000000000270361c method=javassist.bytecode.stackmap.TypeData$TypeVar.isNullType()Z @ 20
Event: 1.750 Thread 0x0000000002245800 Uncommon trap: reason=bimorphic action=maybe_recompile pc=0x00000000026e2170 method=java.util.HashMap.putVal(ILjava/lang/Object;Ljava/lang/Object;ZZ)Ljava/lang/Object; @ 203
Event: 1.750 Thread 0x0000000002245800 Uncommon trap: reason=bimorphic action=maybe_recompile pc=0x00000000026e2170 method=java.util.HashMap.putVal(ILjava/lang/Object;Ljava/lang/Object;ZZ)Ljava/lang/Object; @ 203
Event: 1.750 Thread 0x0000000002245800 Uncommon trap: reason=bimorphic action=maybe_recompile pc=0x00000000026e2170 method=java.util.HashMap.putVal(ILjava/lang/Object;Ljava/lang/Object;ZZ)Ljava/lang/Object; @ 203
Event: 1.750 Thread 0x0000000002245800 Uncommon trap: reason=bimorphic action=maybe_recompile pc=0x00000000026e2170 method=java.util.HashMap.putVal(ILjava/lang/Object;Ljava/lang/Object;ZZ)Ljava/lang/Object; @ 203
Event: 1.750 Thread 0x0000000002245800 Uncommon trap: reason=class_check action=maybe_recompile pc=0x00000000026a9620 method=java.util.HashMap.putVal(ILjava/lang/Object;Ljava/lang/Object;ZZ)Ljava/lang/Object; @ 203
Event: 1.750 Thread 0x0000000002245800 Uncommon trap: reason=class_check action=maybe_recompile pc=0x00000000026a9620 method=java.util.HashMap.putVal(ILjava/lang/Object;Ljava/lang/Object;ZZ)Ljava/lang/Object; @ 203
Event: 1.750 Thread 0x0000000002245800 Uncommon trap: reason=class_check action=maybe_recompile pc=0x00000000026a9620 method=java.util.HashMap.putVal(ILjava/lang/Object;Ljava/lang/Object;ZZ)Ljava/lang/Object; @ 203

Classes redefined (0 events):
No events

Internal exceptions (10 events):
Event: 1.081 Thread 0x0000000002245800 Exception <a 'java/lang/ClassNotFoundException': org/powermock/configuration/MockitoConfigurationBeanInfo> (0x00000000eb3299c8) thrown at [C:\jenkins\workspace\8-2-build-windows-amd64-cygwin\jdk8u251\737\hotspot\src\share\vm\classfile\systemDictionary.cpp
Event: 1.082 Thread 0x0000000002245800 Exception <a 'java/lang/ClassNotFoundException': org/powermock/configuration/MockitoConfigurationCustomizer> (0x00000000eb356590) thrown at [C:\jenkins\workspace\8-2-build-windows-amd64-cygwin\jdk8u251\737\hotspot\src\share\vm\classfile\systemDictionary.c
Event: 1.082 Thread 0x0000000002245800 Exception <a 'java/lang/ArrayIndexOutOfBoundsException'> (0x00000000eb358810) thrown at [C:\jenkins\workspace\8-2-build-windows-amd64-cygwin\jdk8u251\737\hotspot\src\share\vm\runtime\sharedRuntime.cpp, line 605]
Event: 1.091 Thread 0x0000000002245800 Exception <a 'java/lang/ClassNotFoundException': org/powermock/configuration/MockitoConfigurationBeanInfo> (0x00000000eb51d610) thrown at [C:\jenkins\workspace\8-2-build-windows-amd64-cygwin\jdk8u251\737\hotspot\src\share\vm\classfile\systemDictionary.cpp
Event: 1.091 Thread 0x0000000002245800 Exception <a 'java/lang/ClassNotFoundException': org/powermock/configuration/MockitoConfigurationCustomizer> (0x00000000eb54a1b0) thrown at [C:\jenkins\workspace\8-2-build-windows-amd64-cygwin\jdk8u251\737\hotspot\src\share\vm\classfile\systemDictionary.c
Event: 1.093 Thread 0x0000000002245800 Exception <a 'java/lang/ClassNotFoundException': org/powermock/configuration/PowerMockConfigurationBeanInfo> (0x00000000eb590ca8) thrown at [C:\jenkins\workspace\8-2-build-windows-amd64-cygwin\jdk8u251\737\hotspot\src\share\vm\classfile\systemDictionary.c
Event: 1.094 Thread 0x0000000002245800 Exception <a 'java/lang/ClassNotFoundException': org/powermock/configuration/PowerMockConfigurationCustomizer> (0x00000000eb5bf2a8) thrown at [C:\jenkins\workspace\8-2-build-windows-amd64-cygwin\jdk8u251\737\hotspot\src\share\vm\classfile\systemDictionary
Event: 1.094 Thread 0x0000000002245800 Exception <a 'java/lang/ArrayIndexOutOfBoundsException'> (0x00000000eb5c7cd8) thrown at [C:\jenkins\workspace\8-2-build-windows-amd64-cygwin\jdk8u251\737\hotspot\src\share\vm\runtime\sharedRuntime.cpp, line 605]
Event: 1.096 Thread 0x0000000002245800 Exception <a 'java/lang/ClassNotFoundException': org/powermock/configuration/PowerMockConfigurationBeanInfo> (0x00000000eb6140f0) thrown at [C:\jenkins\workspace\8-2-build-windows-amd64-cygwin\jdk8u251\737\hotspot\src\share\vm\classfile\systemDictionary.c
Event: 1.097 Thread 0x0000000002245800 Exception <a 'java/lang/ClassNotFoundException': org/powermock/configuration/PowerMockConfigurationCustomizer> (0x00000000eb642710) thrown at [C:\jenkins\workspace\8-2-build-windows-amd64-cygwin\jdk8u251\737\hotspot\src\share\vm\classfile\systemDictionary

Events (10 events):
Event: 1.750 loading class org/powermock/reflect/internal/ParameterTypesMatcher
Event: 1.750 loading class org/powermock/reflect/internal/ParameterTypesMatcher done
Event: 1.779 loading class java/sql/SQLException
Event: 1.779 loading class java/sql/SQLException done
Event: 1.780 loading class java/util/Date
Event: 1.781 loading class java/util/Date done
Event: 1.781 loading class java/sql/Date
Event: 1.789 loading class java/sql/Date done
Event: 1.789 loading class Model/NguoiHoc
Event: 1.789 loading class Model/NguoiHoc done


Dynamic libraries:
0x00007ff6a4b90000 - 0x00007ff6a4bc7000 	C:\Program Files\Java\jre1.8.0_251\bin\javaw.exe
0x00007ff9e2660000 - 0x00007ff9e2850000 	C:\WINDOWS\SYSTEM32\ntdll.dll
0x00007ff9e1c60000 - 0x00007ff9e1d12000 	C:\WINDOWS\System32\KERNEL32.DLL
0x00007ff9e03c0000 - 0x00007ff9e0664000 	C:\WINDOWS\System32\KERNELBASE.dll
0x00007ff9e1b20000 - 0x00007ff9e1bc3000 	C:\WINDOWS\System32\ADVAPI32.dll
0x00007ff9e23e0000 - 0x00007ff9e247e000 	C:\WINDOWS\System32\msvcrt.dll
0x00007ff9e1900000 - 0x00007ff9e1997000 	C:\WINDOWS\System32\sechost.dll
0x00007ff9e21b0000 - 0x00007ff9e22d0000 	C:\WINDOWS\System32\RPCRT4.dll
0x00007ff9e2480000 - 0x00007ff9e2614000 	C:\WINDOWS\System32\USER32.dll
0x00007ff9e0390000 - 0x00007ff9e03b1000 	C:\WINDOWS\System32\win32u.dll
0x00007ff9e1790000 - 0x00007ff9e17b6000 	C:\WINDOWS\System32\GDI32.dll
0x00007ff9df650000 - 0x00007ff9df7e5000 	C:\WINDOWS\System32\gdi32full.dll
0x00007ff9e0670000 - 0x00007ff9e070e000 	C:\WINDOWS\System32\msvcp_win.dll
0x00007ff9e0290000 - 0x00007ff9e038a000 	C:\WINDOWS\System32\ucrtbase.dll
0x00007ff9d22d0000 - 0x00007ff9d2554000 	C:\WINDOWS\WinSxS\amd64_microsoft.windows.common-controls_6595b64144ccf1df_6.0.18362.900_none_e6beb9d913147d17\COMCTL32.dll
0x00007ff9e1140000 - 0x00007ff9e1475000 	C:\WINDOWS\System32\combase.dll
0x00007ff9dff70000 - 0x00007ff9dfff0000 	C:\WINDOWS\System32\bcryptPrimitives.dll
0x00007ff9e19a0000 - 0x00007ff9e19ce000 	C:\WINDOWS\System32\IMM32.DLL
0x00000000503b0000 - 0x0000000050482000 	C:\Program Files\Java\jre1.8.0_251\bin\msvcr100.dll
0x0000000050490000 - 0x0000000050d3b000 	C:\Program Files\Java\jre1.8.0_251\bin\server\jvm.dll
0x00007ff9e1c50000 - 0x00007ff9e1c58000 	C:\WINDOWS\System32\PSAPI.DLL
0x00007ff9db9f0000 - 0x00007ff9dba14000 	C:\WINDOWS\SYSTEM32\WINMM.dll
0x00007ff9cd8f0000 - 0x00007ff9cd8f9000 	C:\WINDOWS\SYSTEM32\WSOCK32.dll
0x00007ff9e1aa0000 - 0x00007ff9e1b0f000 	C:\WINDOWS\System32\WS2_32.dll
0x00007ff9d74d0000 - 0x00007ff9d74da000 	C:\WINDOWS\SYSTEM32\VERSION.dll
0x00007ff9db9c0000 - 0x00007ff9db9ed000 	C:\WINDOWS\SYSTEM32\WINMMBASE.dll
0x00007ff9e0170000 - 0x00007ff9e01ba000 	C:\WINDOWS\System32\cfgmgr32.dll
0x00007ff9cd850000 - 0x00007ff9cd85f000 	C:\Program Files\Java\jre1.8.0_251\bin\verify.dll
0x00007ff9a25e0000 - 0x00007ff9a2609000 	C:\Program Files\Java\jre1.8.0_251\bin\java.dll
0x00007ff9ccea0000 - 0x00007ff9cceb6000 	C:\Program Files\Java\jre1.8.0_251\bin\zip.dll
0x00007ff9e08c0000 - 0x00007ff9e0fa6000 	C:\WINDOWS\System32\SHELL32.dll
0x00007ff9e2330000 - 0x00007ff9e23d9000 	C:\WINDOWS\System32\shcore.dll
0x00007ff9df7f0000 - 0x00007ff9dff70000 	C:\WINDOWS\System32\windows.storage.dll
0x00007ff9df5c0000 - 0x00007ff9df5e3000 	C:\WINDOWS\System32\profapi.dll
0x00007ff9df570000 - 0x00007ff9df5ba000 	C:\WINDOWS\System32\powrprof.dll
0x00007ff9df520000 - 0x00007ff9df530000 	C:\WINDOWS\System32\UMPDC.dll
0x00007ff9e0860000 - 0x00007ff9e08b2000 	C:\WINDOWS\System32\shlwapi.dll
0x00007ff9df550000 - 0x00007ff9df561000 	C:\WINDOWS\System32\kernel.appcore.dll
0x00007ff9e0270000 - 0x00007ff9e0287000 	C:\WINDOWS\System32\cryptsp.dll
0x00007ff9a25c0000 - 0x00007ff9a25da000 	C:\Program Files\Java\jre1.8.0_251\bin\net.dll
0x00007ff9ded90000 - 0x00007ff9dedf7000 	C:\WINDOWS\system32\mswsock.dll

VM Arguments:
jvm_args: -ea -Dfile.encoding=UTF-8 
java_command: org.eclipse.jdt.internal.junit.runner.RemoteTestRunner -version 3 -port 51126 -testLoaderClass org.eclipse.jdt.internal.junit4.runner.JUnit4TestLoader -loaderpluginname org.eclipse.jdt.junit4.runtime -classNames JUnitTestDAO.NguoiHocDAOTest
java_class_path (initial): D:\fpoly\Summer_2020\Testing_Advance\WorkSpace\03134_DuyLe_Assignment\target\test-classes;D:\fpoly\Summer_2020\Testing_Advance\WorkSpace\03134_DuyLe_Assignment\target\classes;D:\fpoly\Summer_2020\Testing_Advance\WorkSpace\PolyPro\dist\lib\mssql-jdbc-6.2.2.jre8 - Copy.jar;D:\Dev_Program\sts-4.5.0.RELEASE\plugins\org.testng_7.2.0.r202003151902.jar;D:\Dev_Program\sts-4.5.0.RELEASE\plugins\com.beust.jcommander_1.72.0.jar;D:\Dev_Program\sts-4.5.0.RELEASE\plugins\org.apache-extras.beanshell.bsh_2.0.0.b6.jar;D:\Dev_Program\sts-4.5.0.RELEASE\plugins\org.yaml.snakeyaml_1.21.0.jar;C:\Users\ASDZ\.m2\repository\com\microsoft\sqlserver\mssql-jdbc\8.2.0.jre8\mssql-jdbc-8.2.0.jre8.jar;C:\Users\ASDZ\.m2\repository\junit\junit\4.11\junit-4.11.jar;C:\Users\ASDZ\.m2\repository\org\hamcrest\hamcrest-core\1.3\hamcrest-core-1.3.jar;C:\Users\ASDZ\.m2\repository\org\mockito\mockito-core\2.28.2\mockito-core-2.28.2.jar;C:\Users\ASDZ\.m2\repository\net\bytebuddy\byte-buddy\1.9.10\byte-buddy-1.9.10.jar;C:\Users\ASDZ\.m2\repository\net\bytebuddy\byte-buddy-agent\1.9.10\byte-buddy-agent-1.9.10.jar;C:\Users\ASDZ\.m2\repository\org\powermock\powermock-core\2.0.2\powermock-core-2.0.2.jar;C:\Users\ASDZ\.m2\repository\org\javassist\javassist\3.24.0-GA\javassist-3.24.0-GA.jar;C:\Users\ASDZ\.m2\repository\org\powermock\powermock-api-mockito2\2.0.2\powermock-api-mockito2-2.0.2.jar;C:\Users\ASDZ\.m2\repository\org\powermock\powermock-module-junit4-common\2.0.2\powermock-module-junit4-common-2.0.2.jar;C:\Users\ASDZ\.m2\repository\org\powermock\powermock-module-junit4\2.0.2\powermock-module-junit4-2.0.2.jar;C:\Users\ASDZ\.m2\repository\org\powermock\powermock-api-support\2.0.2\powermock-api-support-2.0.2.jar;C:\Users\ASDZ\.m2\repository\org\powermock\powermock-module-testng\2.0.2\powermock-module-testng-2.0.2.jar;C:\Users\ASDZ\.m2\repository\org\powermock\powermock-module-testng-common\2.0.2\powermock-module-testng-common-2.0.2.jar;C:\Users\ASDZ\.m2\repository\org\powermock\pow
Launcher Type: SUN_STANDARD

Environment Variables:
JAVA_HOME=C:\Program Files\Java\jdk1.8.0_111
CLASSPATH=C:\Program Files\Java\jdk1.8.0_111
PATH=C:/Program Files/Java/jre1.8.0_251/bin/server;C:/Program Files/Java/jre1.8.0_251/bin;C:/Program Files/Java/jre1.8.0_251/lib/amd64;D:\Dev_Program\Python\Scripts\;D:\Dev_Program\Python\;C:\Program Files (x86)\Common Files\Oracle\Java\javapath;C:\ProgramData\Oracle\Java\javapath;C:\Windows\system32;C:\Windows;C:\Windows\System32\Wbem;C:\Windows\System32\WindowsPowerShell\v1.0\;C:\Windows\System32\OpenSSH\;C:\Program Files (x86)\NVIDIA Corporation\PhysX\Common;C:\Program Files\Microsoft SQL Server\110\Tools\Binn\;C:\Program Files (x86)\Microsoft SQL Server\110\Tools\Binn\;C:\Program Files\Microsoft SQL Server\110\DTS\Binn\;C:\Program Files (x86)\Microsoft SQL Server\110\Tools\Binn\ManagementStudio\;C:\Program Files (x86)\Microsoft Visual Studio 10.0\Common7\IDE\PrivateAssemblies\;C:\Program Files (x86)\Microsoft SQL Server\110\DTS\Binn\;C:\WINDOWS\system32;C:\WINDOWS;C:\WINDOWS\System32\Wbem;C:\WINDOWS\System32\WindowsPowerShell\v1.0\;C:\WINDOWS\System32\OpenSSH\;D:\Dev_Program\Git\cmd;C:\Program Files\Java\jdk1.8.0_111\bin;D:\Dev_Program\VisualCode\Microsoft VS Code\bin;D:\Dev_Program\sts-4.5.0.RELEASE;
USERNAME=Lee_Duy
OS=Windows_NT
PROCESSOR_IDENTIFIER=Intel64 Family 6 Model 69 Stepping 1, GenuineIntel



---------------  S Y S T E M  ---------------

OS: Windows 10.0 , 64 bit Build 18362 (10.0.18362.900)

CPU:total 4 (initial active 4) (2 cores per cpu, 2 threads per core) family 6 model 69 stepping 1, cmov, cx8, fxsr, mmx, sse, sse2, sse3, ssse3, sse4.1, sse4.2, popcnt, avx, avx2, aes, clmul, erms, lzcnt, ht, tsc, tscinvbit, bmi1, bmi2

Memory: 4k page, physical 4097340k(397916k free), swap 5526844k(5628k free)

vm_info: Java HotSpot(TM) 64-Bit Server VM (25.251-b08) for windows-amd64 JRE (1.8.0_251-b08), built on Mar 12 2020 06:31:49 by "" with MS VC++ 10.0 (VS2010)

time: Mon Jun 29 16:24:00 2020
timezone: SE Asia Standard Time
elapsed time: 1 seconds (0d 0h 0m 1s)

