#
# There is insufficient memory for the Java Runtime Environment to continue.
# Native memory allocation (malloc) failed to allocate 41264 bytes for Chunk::new
# Possible reasons:
#   The system is out of physical RAM or swap space
#   The process is running with CompressedOops enabled, and the Java Heap may be blocking the growth of the native heap
# Possible solutions:
#   Reduce memory load on the system
#   Increase physical memory or swap space
#   Check if swap backing store is full
#   Decrease Java heap size (-Xmx/-Xms)
#   Decrease number of Java threads
#   Decrease Java thread stack sizes (-Xss)
#   Set larger code cache with -XX:ReservedCodeCacheSize=
#   JVM is running with Unscaled Compressed Oops mode in which the Java heap is
#     placed in the first 4GB address space. The Java Heap base address is the
#     maximum limit for the native heap growth. Please use -XX:HeapBaseMinAddress
#     to set the Java Heap base and to place the Java Heap above 4GB virtual address.
# This output file may be truncated or incomplete.
#
#  Out of Memory Error (allocation.cpp:389), pid=7712, tid=0x0000000000002e8c
#
# JRE version: Java(TM) SE Runtime Environment (8.0_251-b08) (build 1.8.0_251-b08)
# Java VM: Java HotSpot(TM) 64-Bit Server VM (25.251-b08 mixed mode windows-amd64 compressed oops)
# Failed to write core dump. Minidumps are not enabled by default on client versions of Windows
#

---------------  T H R E A D  ---------------

Current thread (0x000000000205e000):  JavaThread "main" [_thread_in_native, id=11916, stack(0x00000000020c0000,0x00000000021c0000)]

Stack: [0x00000000020c0000,0x00000000021c0000]
[error occurred during error reporting (printing stack bounds), id 0xc0000005]

Native frames: (J=compiled Java code, j=interpreted, Vv=VM code, C=native code)

Java frames: (J=compiled Java code, j=interpreted, Vv=VM code)
j  javax.swing.UIManager.setLookAndFeel(Ljava/lang/String;)V+9
j  javax.swing.UIManager.initializeDefaultLAF(Ljava/util/Properties;)V+55
j  javax.swing.UIManager.initialize()V+9
j  javax.swing.UIManager.maybeInitialize()V+22
j  javax.swing.UIManager.getInstalledLookAndFeels()[Ljavax/swing/UIManager$LookAndFeelInfo;+0
j  leeduy.Assignment.src.polypro.FrMain.main([Ljava/lang/String;)V+0
v  ~StubRoutines::call_stub

---------------  P R O C E S S  ---------------

Java Threads: ( => current thread )
  0x000000001640e000 JavaThread "AWT-Windows" daemon [_thread_in_native, id=13768, stack(0x0000000017360000,0x0000000017460000)]
  0x000000001640d000 JavaThread "AWT-Shutdown" [_thread_blocked, id=13480, stack(0x0000000017260000,0x0000000017360000)]
  0x00000000169b7000 JavaThread "Java2D Disposer" daemon [_thread_blocked, id=10552, stack(0x0000000017160000,0x0000000017260000)]
  0x0000000016031000 JavaThread "Service Thread" daemon [_thread_blocked, id=14288, stack(0x0000000016620000,0x0000000016720000)]
  0x000000001491a800 JavaThread "C1 CompilerThread2" daemon [_thread_blocked, id=9512, stack(0x0000000016520000,0x0000000016620000)]
  0x0000000016028800 JavaThread "C2 CompilerThread1" daemon [_thread_blocked, id=1988, stack(0x0000000016420000,0x0000000016520000)]
  0x00000000148c0000 JavaThread "C2 CompilerThread0" daemon [_thread_blocked, id=12308, stack(0x0000000015f20000,0x0000000016020000)]
  0x00000000148be000 JavaThread "Attach Listener" daemon [_thread_blocked, id=13940, stack(0x0000000015e20000,0x0000000015f20000)]
  0x00000000148bc800 JavaThread "Signal Dispatcher" daemon [_thread_blocked, id=11928, stack(0x0000000015d20000,0x0000000015e20000)]
  0x00000000148aa800 JavaThread "Finalizer" daemon [_thread_blocked, id=11608, stack(0x0000000015b20000,0x0000000015c20000)]
  0x0000000014889000 JavaThread "Reference Handler" daemon [_thread_blocked, id=7280, stack(0x0000000015a20000,0x0000000015b20000)]
=>0x000000000205e000 JavaThread "main" [_thread_in_native, id=11916, stack(0x00000000020c0000,0x00000000021c0000)]

Other Threads:
  0x0000000014887800 VMThread [stack: 0x0000000015920000,0x0000000015a20000] [id=4748]
  0x0000000016033000 WatcherThread [stack: 0x0000000016720000,0x0000000016820000] [id=6296]

VM state:not at safepoint (normal execution)

VM Mutex/Monitor currently owned by a thread: None

heap address: 0x00000000c1600000, size: 1002 MB, Compressed Oops mode: 32-bit
Narrow klass base: 0x0000000000000000, Narrow klass shift: 3
Compressed class space size: 1073741824 Address: 0x0000000100000000

Heap:
 PSYoungGen      total 18944K, used 2949K [0x00000000eb200000, 0x00000000ec700000, 0x0000000100000000)
  eden space 16384K, 18% used [0x00000000eb200000,0x00000000eb4e16e0,0x00000000ec200000)
  from space 2560K, 0% used [0x00000000ec480000,0x00000000ec480000,0x00000000ec700000)
  to   space 2560K, 0% used [0x00000000ec200000,0x00000000ec200000,0x00000000ec480000)
 ParOldGen       total 44032K, used 0K [0x00000000c1600000, 0x00000000c4100000, 0x00000000eb200000)
  object space 44032K, 0% used [0x00000000c1600000,0x00000000c1600000,0x00000000c4100000)
 Metaspace       used 5577K, capacity 5798K, committed 5888K, reserved 1056768K
  class space    used 666K, capacity 762K, committed 768K, reserved 1048576K

Card table byte_map: [0x0000000011680000,0x0000000011880000] byte_map_base: 0x0000000011075000

Marking Bits: (ParMarkBitMap*) 0x0000000070c8af90
 Begin Bits: [0x0000000011dd0000, 0x0000000012d78000)
 End Bits:   [0x0000000012d78000, 0x0000000013d20000)

Polling page: 0x0000000000440000

CodeCache: size=245760Kb used=1569Kb max_used=1569Kb free=244190Kb
 bounds [0x00000000022c0000, 0x0000000002530000, 0x00000000112c0000]
 total_blobs=575 nmethods=244 adapters=244
 compilation: enabled

Compilation events (10 events):
Event: 0.395 Thread 0x000000001491a800  240       3       java.util.AbstractCollection::<init> (5 bytes)
Event: 0.395 Thread 0x000000001491a800 nmethod 240 0x0000000002446c50 code [0x0000000002446da0, 0x0000000002446f50]
Event: 0.395 Thread 0x000000001491a800  241       3       java.util.HashMap::get (23 bytes)
Event: 0.395 Thread 0x000000001491a800 nmethod 241 0x0000000002447010 code [0x00000000024471a0, 0x0000000002447598]
Event: 0.395 Thread 0x000000001491a800  244       3       java.util.IdentityHashMap$IdentityHashMapIterator::hasNext (50 bytes)
Event: 0.395 Thread 0x000000001491a800 nmethod 244 0x0000000002447710 code [0x0000000002447880, 0x0000000002447b10]
Event: 0.395 Thread 0x000000001491a800  243       3       java.util.HashMap$KeyIterator::next (8 bytes)
Event: 0.395 Thread 0x000000001491a800 nmethod 243 0x0000000002447c10 code [0x0000000002447d80, 0x0000000002447f88]
Event: 0.395 Thread 0x000000001491a800  242       1       java.util.concurrent.atomic.AtomicInteger::get (5 bytes)
Event: 0.396 Thread 0x000000001491a800 nmethod 242 0x0000000002448050 code [0x00000000024481a0, 0x00000000024482b0]

GC Heap History (0 events):
No events

Deoptimization events (0 events):
No events

Classes redefined (0 events):
No events

Internal exceptions (9 events):
Event: 0.065 Thread 0x000000000205e000 Exception <a 'java/lang/NoSuchMethodError': Method sun.misc.Unsafe.defineClass(Ljava/lang/String;[BII)Ljava/lang/Class; name or signature does not match> (0x00000000eb207cc0) thrown at [C:\jenkins\workspace\8-2-build-windows-amd64-cygwin\jdk8u251\737\hots
Event: 0.065 Thread 0x000000000205e000 Exception <a 'java/lang/NoSuchMethodError': Method sun.misc.Unsafe.prefetchRead(Ljava/lang/Object;J)V name or signature does not match> (0x00000000eb207fa8) thrown at [C:\jenkins\workspace\8-2-build-windows-amd64-cygwin\jdk8u251\737\hotspot\src\share\vm\p
Event: 0.189 Thread 0x000000000205e000 Exception <a 'java/security/PrivilegedActionException'> (0x00000000eb28eb88) thrown at [C:\jenkins\workspace\8-2-build-windows-amd64-cygwin\jdk8u251\737\hotspot\src\share\vm\prims\jvm.cpp, line 1502]
Event: 0.189 Thread 0x000000000205e000 Exception <a 'java/security/PrivilegedActionException'> (0x00000000eb28ed98) thrown at [C:\jenkins\workspace\8-2-build-windows-amd64-cygwin\jdk8u251\737\hotspot\src\share\vm\prims\jvm.cpp, line 1502]
Event: 0.190 Thread 0x000000000205e000 Exception <a 'java/security/PrivilegedActionException'> (0x00000000eb292a08) thrown at [C:\jenkins\workspace\8-2-build-windows-amd64-cygwin\jdk8u251\737\hotspot\src\share\vm\prims\jvm.cpp, line 1502]
Event: 0.191 Thread 0x000000000205e000 Exception <a 'java/security/PrivilegedActionException'> (0x00000000eb292c18) thrown at [C:\jenkins\workspace\8-2-build-windows-amd64-cygwin\jdk8u251\737\hotspot\src\share\vm\prims\jvm.cpp, line 1502]
Event: 0.198 Thread 0x000000000205e000 Exception <a 'java/io/FileNotFoundException'> (0x00000000eb294de8) thrown at [C:\jenkins\workspace\8-2-build-windows-amd64-cygwin\jdk8u251\737\hotspot\src\share\vm\prims\jni.cpp, line 710]
Event: 0.261 Thread 0x000000000205e000 Exception <a 'java/lang/NoSuchFieldError': method resolution failed> (0x00000000eb3b80d8) thrown at [C:\jenkins\workspace\8-2-build-windows-amd64-cygwin\jdk8u251\737\hotspot\src\share\vm\prims\methodHandles.cpp, line 1167]
Event: 0.270 Thread 0x000000000205e000 Exception <a 'java/lang/NoSuchFieldError': method resolution failed> (0x00000000eb3c5700) thrown at [C:\jenkins\workspace\8-2-build-windows-amd64-cygwin\jdk8u251\737\hotspot\src\share\vm\prims\methodHandles.cpp, line 1167]

Events (10 events):
Event: 0.397 loading class javax/swing/SwingUtilities done
Event: 0.397 loading class javax/swing/UIManager$LAFState
Event: 0.397 loading class javax/swing/UIManager$LAFState done
Event: 0.397 loading class javax/swing/UIDefaults
Event: 0.397 loading class javax/swing/UIDefaults done
Event: 0.397 loading class javax/swing/MultiUIDefaults
Event: 0.397 loading class javax/swing/MultiUIDefaults done
Event: 0.398 loading class javax/swing/UIManager$1
Event: 0.398 loading class javax/swing/UIManager$1 done
Event: 0.398 loading class javax/swing/plaf/metal/MetalLookAndFeel


Dynamic libraries:
0x00007ff6c1380000 - 0x00007ff6c13b7000 	C:\Program Files\Java\jre1.8.0_251\bin\javaw.exe
0x00007ff803aa0000 - 0x00007ff803c90000 	C:\WINDOWS\SYSTEM32\ntdll.dll
0x00007ff802bc0000 - 0x00007ff802c72000 	C:\WINDOWS\System32\KERNEL32.DLL
0x00007ff800c30000 - 0x00007ff800ed4000 	C:\WINDOWS\System32\KERNELBASE.dll
0x00007ff801fd0000 - 0x00007ff802073000 	C:\WINDOWS\System32\ADVAPI32.dll
0x00007ff801b50000 - 0x00007ff801bee000 	C:\WINDOWS\System32\msvcrt.dll
0x00007ff802d60000 - 0x00007ff802df7000 	C:\WINDOWS\System32\sechost.dll
0x00007ff8027c0000 - 0x00007ff8028e0000 	C:\WINDOWS\System32\RPCRT4.dll
0x00007ff8038c0000 - 0x00007ff803a54000 	C:\WINDOWS\System32\USER32.dll
0x00007ff801080000 - 0x00007ff8010a1000 	C:\WINDOWS\System32\win32u.dll
0x00007ff8036b0000 - 0x00007ff8036d6000 	C:\WINDOWS\System32\GDI32.dll
0x00007ff801890000 - 0x00007ff801a25000 	C:\WINDOWS\System32\gdi32full.dll
0x00007ff801a30000 - 0x00007ff801ace000 	C:\WINDOWS\System32\msvcp_win.dll
0x00007ff800b30000 - 0x00007ff800c2a000 	C:\WINDOWS\System32\ucrtbase.dll
0x00007ffff34d0000 - 0x00007ffff3754000 	C:\WINDOWS\WinSxS\amd64_microsoft.windows.common-controls_6595b64144ccf1df_6.0.18362.900_none_e6beb9d913147d17\COMCTL32.dll
0x00007ff801c70000 - 0x00007ff801fa5000 	C:\WINDOWS\System32\combase.dll
0x00007ff801ad0000 - 0x00007ff801b50000 	C:\WINDOWS\System32\bcryptPrimitives.dll
0x00007ff8025d0000 - 0x00007ff8025fe000 	C:\WINDOWS\System32\IMM32.DLL
0x0000000070380000 - 0x0000000070452000 	C:\Program Files\Java\jre1.8.0_251\bin\msvcr100.dll
0x0000000070460000 - 0x0000000070d0b000 	C:\Program Files\Java\jre1.8.0_251\bin\server\jvm.dll
0x00007ff8025c0000 - 0x00007ff8025c8000 	C:\WINDOWS\System32\PSAPI.DLL
0x00007ffffd010000 - 0x00007ffffd019000 	C:\WINDOWS\SYSTEM32\WSOCK32.dll
0x00007ff802600000 - 0x00007ff80266f000 	C:\WINDOWS\System32\WS2_32.dll
0x00007ffffce20000 - 0x00007ffffce44000 	C:\WINDOWS\SYSTEM32\WINMM.dll
0x00007ffff64d0000 - 0x00007ffff64da000 	C:\WINDOWS\SYSTEM32\VERSION.dll
0x00007ffffcdf0000 - 0x00007ffffce1d000 	C:\WINDOWS\SYSTEM32\WINMMBASE.dll
0x00007ff800ae0000 - 0x00007ff800b2a000 	C:\WINDOWS\System32\cfgmgr32.dll
0x00007ffffd000000 - 0x00007ffffd00f000 	C:\Program Files\Java\jre1.8.0_251\bin\verify.dll
0x00007ffffc2b0000 - 0x00007ffffc2d9000 	C:\Program Files\Java\jre1.8.0_251\bin\java.dll
0x00007ffffa240000 - 0x00007ffffa256000 	C:\Program Files\Java\jre1.8.0_251\bin\zip.dll
0x00007ff802e00000 - 0x00007ff8034e6000 	C:\WINDOWS\System32\SHELL32.dll
0x00007ff803600000 - 0x00007ff8036a9000 	C:\WINDOWS\System32\shcore.dll
0x00007ff8010b0000 - 0x00007ff801830000 	C:\WINDOWS\System32\windows.storage.dll
0x00007ff800970000 - 0x00007ff800993000 	C:\WINDOWS\System32\profapi.dll
0x00007ff8009c0000 - 0x00007ff800a0a000 	C:\WINDOWS\System32\powrprof.dll
0x00007ff800960000 - 0x00007ff800970000 	C:\WINDOWS\System32\UMPDC.dll
0x00007ff8029b0000 - 0x00007ff802a02000 	C:\WINDOWS\System32\shlwapi.dll
0x00007ff800a10000 - 0x00007ff800a21000 	C:\WINDOWS\System32\kernel.appcore.dll
0x00007ff800f10000 - 0x00007ff800f27000 	C:\WINDOWS\System32\cryptsp.dll
0x00007fffef2c0000 - 0x00007fffef45a000 	C:\Program Files\Java\jre1.8.0_251\bin\awt.dll
0x00007ff802080000 - 0x00007ff802145000 	C:\WINDOWS\System32\OLEAUT32.dll
0x00007ffffe470000 - 0x00007ffffe4ff000 	C:\WINDOWS\SYSTEM32\apphelp.dll
0x00007ffffe5b0000 - 0x00007ffffe649000 	C:\WINDOWS\system32\uxtheme.dll
0x00007ff802670000 - 0x00007ff8027a5000 	C:\WINDOWS\System32\MSCTF.dll
0x00007ff8036e0000 - 0x00007ff803837000 	C:\WINDOWS\System32\ole32.dll

VM Arguments:
jvm_args: -Dfile.encoding=UTF-8 
java_command: leeduy.Assignment.src.polypro.FrMain
java_class_path (initial): D:\fpoly\Summer_2020\Testing_Advance\WorkSpace\03134_DuyLe_Assignment\target\classes
Launcher Type: SUN_STANDARD

Environment Variables:
JAVA_HOME=C:\Program Files\Java\jdk1.8.0_111
CLASSPATH=C:\Program Files\Java\jdk1.8.0_111
PATH=C:/Program Files/Java/jre1.8.0_251/bin/server;C:/Program Files/Java/jre1.8.0_251/bin;C:/Program Files/Java/jre1.8.0_251/lib/amd64;D:\Dev_Program\Python\Scripts\;D:\Dev_Program\Python\;C:\Program Files (x86)\Common Files\Oracle\Java\javapath;C:\ProgramData\Oracle\Java\javapath;C:\Windows\system32;C:\Windows;C:\Windows\System32\Wbem;C:\Windows\System32\WindowsPowerShell\v1.0\;C:\Windows\System32\OpenSSH\;C:\Program Files (x86)\NVIDIA Corporation\PhysX\Common;C:\Program Files\Microsoft SQL Server\110\Tools\Binn\;C:\Program Files (x86)\Microsoft SQL Server\110\Tools\Binn\;C:\Program Files\Microsoft SQL Server\110\DTS\Binn\;C:\Program Files (x86)\Microsoft SQL Server\110\Tools\Binn\ManagementStudio\;C:\Program Files (x86)\Microsoft Visual Studio 10.0\Common7\IDE\PrivateAssemblies\;C:\Program Files (x86)\Microsoft SQL Server\110\DTS\Binn\;C:\WINDOWS\system32;C:\WINDOWS;C:\WINDOWS\System32\Wbem;C:\WINDOWS\System32\WindowsPowerShell\v1.0\;C:\WINDOWS\System32\OpenSSH\;D:\Dev_Program\Git\cmd;C:\Program Files\Java\jdk1.8.0_111\bin;D:\Dev_Program\VisualCode\Microsoft VS Code\bin;D:\Dev_Program\sts-4.5.0.RELEASE;
USERNAME=Lee_Duy
OS=Windows_NT
PROCESSOR_IDENTIFIER=Intel64 Family 6 Model 69 Stepping 1, GenuineIntel



---------------  S Y S T E M  ---------------

OS: Windows 10.0 , 64 bit Build 18362 (10.0.18362.900)

CPU:total 4 (initial active 4) (2 cores per cpu, 2 threads per core) family 6 model 69 stepping 1, cmov, cx8, fxsr, mmx, sse, sse2, sse3, ssse3, sse4.1, sse4.2, popcnt, avx, avx2, aes, clmul, erms, lzcnt, ht, tsc, tscinvbit, bmi1, bmi2

Memory: 4k page, physical 4097340k(438456k free), swap 5526844k(5120k free)

vm_info: Java HotSpot(TM) 64-Bit Server VM (25.251-b08) for windows-amd64 JRE (1.8.0_251-b08), built on Mar 12 2020 06:31:49 by "" with MS VC++ 10.0 (VS2010)

time: Thu Jun 18 00:31:57 2020
timezone: SE Asia Standard Time
elapsed time: 0 seconds (0d 0h 0m 0s)

