#
# There is insufficient memory for the Java Runtime Environment to continue.
# Native memory allocation (malloc) failed to allocate 919696 bytes for Chunk::new
# Possible reasons:
#   The system is out of physical RAM or swap space
#   The process is running with CompressedOops enabled, and the Java Heap may be blocking the growth of the native heap
# Possible solutions:
#   Reduce memory load on the system
#   Increase physical memory or swap space
#   Check if swap backing store is full
#   Decrease Java heap size (-Xmx/-Xms)
#   Decrease number of Java threads
#   Decrease Java thread stack sizes (-Xss)
#   Set larger code cache with -XX:ReservedCodeCacheSize=
#   JVM is running with Unscaled Compressed Oops mode in which the Java heap is
#     placed in the first 4GB address space. The Java Heap base address is the
#     maximum limit for the native heap growth. Please use -XX:HeapBaseMinAddress
#     to set the Java Heap base and to place the Java Heap above 4GB virtual address.
# This output file may be truncated or incomplete.
#
#  Out of Memory Error (allocation.cpp:389), pid=12880, tid=0x0000000000000534
#
# JRE version: Java(TM) SE Runtime Environment (8.0_251-b08) (build 1.8.0_251-b08)
# Java VM: Java HotSpot(TM) 64-Bit Server VM (25.251-b08 mixed mode windows-amd64 compressed oops)
# Failed to write core dump. Minidumps are not enabled by default on client versions of Windows
#

---------------  T H R E A D  ---------------

Current thread (0x000000001565a800):  JavaThread "C2 CompilerThread1" daemon [_thread_in_native, id=1332, stack(0x0000000016ec0000,0x0000000016fc0000)]

Stack: [0x0000000016ec0000,0x0000000016fc0000]
[error occurred during error reporting (printing stack bounds), id 0xc0000005]

Native frames: (J=compiled Java code, j=interpreted, Vv=VM code, C=native code)


Current CompileTask:
C2:   2112 1424       4       javassist.bytecode.stackmap.TypeData$TypeVar::dfs (230 bytes)


---------------  P R O C E S S  ---------------

Java Threads: ( => current thread )
  0x0000000017ae4000 JavaThread "ReaderThread" [_thread_in_native, id=12312, stack(0x0000000018300000,0x0000000018400000)]
  0x00000000156ad800 JavaThread "Service Thread" daemon [_thread_blocked, id=7400, stack(0x00000000174c0000,0x00000000175c0000)]
  0x000000001565f000 JavaThread "C1 CompilerThread2" daemon [_thread_blocked, id=12760, stack(0x0000000016fc0000,0x00000000170c0000)]
=>0x000000001565a800 JavaThread "C2 CompilerThread1" daemon [_thread_in_native, id=1332, stack(0x0000000016ec0000,0x0000000016fc0000)]
  0x0000000015653800 JavaThread "C2 CompilerThread0" daemon [_thread_in_native, id=8196, stack(0x0000000016dc0000,0x0000000016ec0000)]
  0x0000000015651800 JavaThread "Attach Listener" daemon [_thread_blocked, id=13064, stack(0x0000000016cc0000,0x0000000016dc0000)]
  0x0000000015650800 JavaThread "Signal Dispatcher" daemon [_thread_blocked, id=9172, stack(0x0000000016bc0000,0x0000000016cc0000)]
  0x000000001563c000 JavaThread "Finalizer" daemon [_thread_blocked, id=5112, stack(0x00000000168c0000,0x00000000169c0000)]
  0x0000000015619000 JavaThread "Reference Handler" daemon [_thread_blocked, id=13856, stack(0x00000000167c0000,0x00000000168c0000)]
  0x0000000002f54800 JavaThread "main" [_thread_in_vm, id=3532, stack(0x0000000002d60000,0x0000000002e60000)]

Other Threads:
  0x0000000015617800 VMThread [stack: 0x00000000166c0000,0x00000000167c0000] [id=14188]
  0x0000000017101000 WatcherThread [stack: 0x00000000175c0000,0x00000000176c0000] [id=4664]

VM state:not at safepoint (normal execution)

VM Mutex/Monitor currently owned by a thread: None

heap address: 0x00000000c1600000, size: 1002 MB, Compressed Oops mode: 32-bit
Narrow klass base: 0x0000000000000000, Narrow klass shift: 3
Compressed class space size: 1073741824 Address: 0x0000000100000000

Heap:
 PSYoungGen      total 35328K, used 15582K [0x00000000eb200000, 0x00000000ed700000, 0x0000000100000000)
  eden space 32768K, 39% used [0x00000000eb200000,0x00000000ebebba70,0x00000000ed200000)
  from space 2560K, 99% used [0x00000000ed480000,0x00000000ed6fc010,0x00000000ed700000)
  to   space 2560K, 0% used [0x00000000ed200000,0x00000000ed200000,0x00000000ed480000)
 ParOldGen       total 44032K, used 4836K [0x00000000c1600000, 0x00000000c4100000, 0x00000000eb200000)
  object space 44032K, 10% used [0x00000000c1600000,0x00000000c1ab9180,0x00000000c4100000)
 Metaspace       used 12846K, capacity 13246K, committed 13568K, reserved 1060864K
  class space    used 1551K, capacity 1683K, committed 1792K, reserved 1048576K

Card table byte_map: [0x0000000012410000,0x0000000012610000] byte_map_base: 0x0000000011e05000

Marking Bits: (ParMarkBitMap*) 0x000000006c5caf90
 Begin Bits: [0x0000000012b60000, 0x0000000013b08000)
 End Bits:   [0x0000000013b08000, 0x0000000014ab0000)

Polling page: 0x0000000001130000

CodeCache: size=245760Kb used=5467Kb max_used=5467Kb free=240292Kb
 bounds [0x0000000003050000, 0x00000000035b0000, 0x0000000012050000]
 total_blobs=1912 nmethods=1557 adapters=267
 compilation: enabled

Compilation events (10 events):
Event: 2.068 Thread 0x000000001565f000 1556       3       java.lang.reflect.Method::hasGenericInformation (13 bytes)
Event: 2.068 Thread 0x000000001565f000 nmethod 1556 0x00000000035a65d0 code [0x00000000035a6720, 0x00000000035a68f0]
Event: 2.081 Thread 0x000000001565f000 1557       3       org.powermock.core.classloader.MockClassLoaderConfiguration::shouldIgnore (41 bytes)
Event: 2.082 Thread 0x000000001565f000 nmethod 1557 0x00000000035a6950 code [0x00000000035a6ac0, 0x00000000035a6d88]
Event: 2.083 Thread 0x000000001565f000 1558  s    3       java.io.ExpiringCache::get (39 bytes)
Event: 2.083 Thread 0x000000001565f000 nmethod 1558 0x00000000035a6ed0 code [0x00000000035a7060, 0x00000000035a7498]
Event: 2.104 Thread 0x000000001565f000 1559       1       org.powermock.core.classloader.DeferSupportingClassLoader::getConfiguration (5 bytes)
Event: 2.105 Thread 0x000000001565f000 nmethod 1559 0x00000000035a75d0 code [0x00000000035a7720, 0x00000000035a7830]
Event: 2.105 Thread 0x000000001565f000 1560       1       javassist.CtClassType::isModified (5 bytes)
Event: 2.105 Thread 0x000000001565f000 nmethod 1560 0x00000000035a7890 code [0x00000000035a79e0, 0x00000000035a7af0]

GC Heap History (8 events):
Event: 1.127 GC heap before
{Heap before GC invocations=1 (full 0):
 PSYoungGen      total 18944K, used 16384K [0x00000000eb200000, 0x00000000ec700000, 0x0000000100000000)
  eden space 16384K, 100% used [0x00000000eb200000,0x00000000ec200000,0x00000000ec200000)
  from space 2560K, 0% used [0x00000000ec480000,0x00000000ec480000,0x00000000ec700000)
  to   space 2560K, 0% used [0x00000000ec200000,0x00000000ec200000,0x00000000ec480000)
 ParOldGen       total 44032K, used 0K [0x00000000c1600000, 0x00000000c4100000, 0x00000000eb200000)
  object space 44032K, 0% used [0x00000000c1600000,0x00000000c1600000,0x00000000c4100000)
 Metaspace       used 7399K, capacity 7592K, committed 7680K, reserved 1056768K
  class space    used 890K, capacity 958K, committed 1024K, reserved 1048576K
Event: 1.132 GC heap after
Heap after GC invocations=1 (full 0):
 PSYoungGen      total 18944K, used 2538K [0x00000000eb200000, 0x00000000ec700000, 0x0000000100000000)
  eden space 16384K, 0% used [0x00000000eb200000,0x00000000eb200000,0x00000000ec200000)
  from space 2560K, 99% used [0x00000000ec200000,0x00000000ec47ab60,0x00000000ec480000)
  to   space 2560K, 0% used [0x00000000ec480000,0x00000000ec480000,0x00000000ec700000)
 ParOldGen       total 44032K, used 799K [0x00000000c1600000, 0x00000000c4100000, 0x00000000eb200000)
  object space 44032K, 1% used [0x00000000c1600000,0x00000000c16c7c78,0x00000000c4100000)
 Metaspace       used 7399K, capacity 7592K, committed 7680K, reserved 1056768K
  class space    used 890K, capacity 958K, committed 1024K, reserved 1048576K
}
Event: 1.455 GC heap before
{Heap before GC invocations=2 (full 0):
 PSYoungGen      total 18944K, used 18922K [0x00000000eb200000, 0x00000000ec700000, 0x0000000100000000)
  eden space 16384K, 100% used [0x00000000eb200000,0x00000000ec200000,0x00000000ec200000)
  from space 2560K, 99% used [0x00000000ec200000,0x00000000ec47ab60,0x00000000ec480000)
  to   space 2560K, 0% used [0x00000000ec480000,0x00000000ec480000,0x00000000ec700000)
 ParOldGen       total 44032K, used 799K [0x00000000c1600000, 0x00000000c4100000, 0x00000000eb200000)
  object space 44032K, 1% used [0x00000000c1600000,0x00000000c16c7c78,0x00000000c4100000)
 Metaspace       used 10608K, capacity 10852K, committed 10880K, reserved 1058816K
  class space    used 1281K, capacity 1382K, committed 1408K, reserved 1048576K
Event: 1.465 GC heap after
Heap after GC invocations=2 (full 0):
 PSYoungGen      total 18944K, used 2551K [0x00000000eb200000, 0x00000000ed700000, 0x0000000100000000)
  eden space 16384K, 0% used [0x00000000eb200000,0x00000000eb200000,0x00000000ec200000)
  from space 2560K, 99% used [0x00000000ec480000,0x00000000ec6fddb0,0x00000000ec700000)
  to   space 2560K, 0% used [0x00000000ec200000,0x00000000ec200000,0x00000000ec480000)
 ParOldGen       total 44032K, used 2482K [0x00000000c1600000, 0x00000000c4100000, 0x00000000eb200000)
  object space 44032K, 5% used [0x00000000c1600000,0x00000000c186caa8,0x00000000c4100000)
 Metaspace       used 10608K, capacity 10852K, committed 10880K, reserved 1058816K
  class space    used 1281K, capacity 1382K, committed 1408K, reserved 1048576K
}
Event: 1.787 GC heap before
{Heap before GC invocations=3 (full 0):
 PSYoungGen      total 18944K, used 18935K [0x00000000eb200000, 0x00000000ed700000, 0x0000000100000000)
  eden space 16384K, 100% used [0x00000000eb200000,0x00000000ec200000,0x00000000ec200000)
  from space 2560K, 99% used [0x00000000ec480000,0x00000000ec6fddb0,0x00000000ec700000)
  to   space 2560K, 0% used [0x00000000ec200000,0x00000000ec200000,0x00000000ec480000)
 ParOldGen       total 44032K, used 2482K [0x00000000c1600000, 0x00000000c4100000, 0x00000000eb200000)
  object space 44032K, 5% used [0x00000000c1600000,0x00000000c186caa8,0x00000000c4100000)
 Metaspace       used 11504K, capacity 11740K, committed 12032K, reserved 1060864K
  class space    used 1362K, capacity 1464K, committed 1536K, reserved 1048576K
Event: 1.792 GC heap after
Heap after GC invocations=3 (full 0):
 PSYoungGen      total 18944K, used 2560K [0x00000000eb200000, 0x00000000ed700000, 0x0000000100000000)
  eden space 16384K, 0% used [0x00000000eb200000,0x00000000eb200000,0x00000000ec200000)
  from space 2560K, 100% used [0x00000000ec200000,0x00000000ec480000,0x00000000ec480000)
  to   space 2560K, 0% used [0x00000000ed480000,0x00000000ed480000,0x00000000ed700000)
 ParOldGen       total 44032K, used 3580K [0x00000000c1600000, 0x00000000c4100000, 0x00000000eb200000)
  object space 44032K, 8% used [0x00000000c1600000,0x00000000c197f100,0x00000000c4100000)
 Metaspace       used 11504K, capacity 11740K, committed 12032K, reserved 1060864K
  class space    used 1362K, capacity 1464K, committed 1536K, reserved 1048576K
}
Event: 2.022 GC heap before
{Heap before GC invocations=4 (full 0):
 PSYoungGen      total 18944K, used 18944K [0x00000000eb200000, 0x00000000ed700000, 0x0000000100000000)
  eden space 16384K, 100% used [0x00000000eb200000,0x00000000ec200000,0x00000000ec200000)
  from space 2560K, 100% used [0x00000000ec200000,0x00000000ec480000,0x00000000ec480000)
  to   space 2560K, 0% used [0x00000000ed480000,0x00000000ed480000,0x00000000ed700000)
 ParOldGen       total 44032K, used 3580K [0x00000000c1600000, 0x00000000c4100000, 0x00000000eb200000)
  object space 44032K, 8% used [0x00000000c1600000,0x00000000c197f100,0x00000000c4100000)
 Metaspace       used 12516K, capacity 12862K, committed 12928K, reserved 1060864K
  class space    used 1491K, capacity 1619K, committed 1664K, reserved 1048576K
Event: 2.032 GC heap after
Heap after GC invocations=4 (full 0):
 PSYoungGen      total 35328K, used 2544K [0x00000000eb200000, 0x00000000ed700000, 0x0000000100000000)
  eden space 32768K, 0% used [0x00000000eb200000,0x00000000eb200000,0x00000000ed200000)
  from space 2560K, 99% used [0x00000000ed480000,0x00000000ed6fc010,0x00000000ed700000)
  to   space 2560K, 0% used [0x00000000ed200000,0x00000000ed200000,0x00000000ed480000)
 ParOldGen       total 44032K, used 4836K [0x00000000c1600000, 0x00000000c4100000, 0x00000000eb200000)
  object space 44032K, 10% used [0x00000000c1600000,0x00000000c1ab9180,0x00000000c4100000)
 Metaspace       used 12516K, capacity 12862K, committed 12928K, reserved 1060864K
  class space    used 1491K, capacity 1619K, committed 1664K, reserved 1048576K
}

Deoptimization events (10 events):
Event: 1.071 Thread 0x0000000002f54800 Uncommon trap: reason=unstable_if action=reinterpret pc=0x000000000329ade4 method=java.io.WinNTFileSystem.normalize(Ljava/lang/String;)Ljava/lang/String; @ 128
Event: 1.301 Thread 0x0000000002f54800 Uncommon trap: reason=range_check action=make_not_entrant pc=0x00000000033635e0 method=sun.reflect.generics.parser.SignatureParser.current()C @ 34
Event: 1.422 Thread 0x0000000002f54800 Uncommon trap: reason=unstable_if action=reinterpret pc=0x00000000033259bc method=sun.misc.MetaIndex.mayContain(Ljava/lang/String;)Z @ 38
Event: 1.423 Thread 0x0000000002f54800 Uncommon trap: reason=unstable_if action=reinterpret pc=0x0000000003324ce0 method=sun.misc.MetaIndex.mayContain(Ljava/lang/String;)Z @ 38
Event: 1.487 Thread 0x0000000002f54800 Uncommon trap: reason=unstable_if action=reinterpret pc=0x00000000033a800c method=java.util.HashMap.putVal(ILjava/lang/Object;Ljava/lang/Object;ZZ)Ljava/lang/Object; @ 162
Event: 1.488 Thread 0x0000000002f54800 Uncommon trap: reason=unstable_if action=reinterpret pc=0x000000000318cb40 method=java.lang.CharacterData.of(I)Ljava/lang/CharacterData; @ 4
Event: 1.497 Thread 0x0000000002f54800 Uncommon trap: reason=unstable_if action=reinterpret pc=0x00000000033349a4 method=java.util.HashMap.getNode(ILjava/lang/Object;)Ljava/util/HashMap$Node; @ 84
Event: 1.511 Thread 0x0000000002f54800 Uncommon trap: reason=unstable_if action=reinterpret pc=0x00000000032e96d0 method=java.util.HashMap.getNode(ILjava/lang/Object;)Ljava/util/HashMap$Node; @ 84
Event: 1.655 Thread 0x0000000002f54800 Uncommon trap: reason=unstable_if action=reinterpret pc=0x00000000034b1054 method=javassist.bytecode.ConstPool.addItem(Ljavassist/bytecode/ConstInfo;)I @ 4
Event: 1.806 Thread 0x0000000002f54800 Uncommon trap: reason=bimorphic action=maybe_recompile pc=0x0000000003478e54 method=java.util.HashMap.putVal(ILjava/lang/Object;Ljava/lang/Object;ZZ)Ljava/lang/Object; @ 203

Classes redefined (0 events):
No events

Internal exceptions (10 events):
Event: 1.312 Thread 0x0000000002f54800 Exception <a 'java/lang/ClassNotFoundException': org/powermock/configuration/PowerMockConfigurationCustomizer> (0x00000000ebbde9b0) thrown at [C:\jenkins\workspace\8-2-build-windows-amd64-cygwin\jdk8u251\737\hotspot\src\share\vm\classfile\systemDictionary
Event: 1.655 Thread 0x0000000002f54800 Implicit null exception at 0x00000000034b0c59 to 0x00000000034b1041
Event: 2.047 Thread 0x0000000002f54800 Exception <a 'java/lang/ClassNotFoundException': org/powermock/configuration/MockitoConfigurationBeanInfo> (0x00000000eb4b1b20) thrown at [C:\jenkins\workspace\8-2-build-windows-amd64-cygwin\jdk8u251\737\hotspot\src\share\vm\classfile\systemDictionary.cpp
Event: 2.048 Thread 0x0000000002f54800 Exception <a 'java/lang/ClassNotFoundException': org/powermock/configuration/MockitoConfigurationCustomizer> (0x00000000eb4e1aa0) thrown at [C:\jenkins\workspace\8-2-build-windows-amd64-cygwin\jdk8u251\737\hotspot\src\share\vm\classfile\systemDictionary.c
Event: 2.059 Thread 0x0000000002f54800 Exception <a 'java/lang/ClassNotFoundException': org/powermock/configuration/MockitoConfigurationBeanInfo> (0x00000000eb6e52f8) thrown at [C:\jenkins\workspace\8-2-build-windows-amd64-cygwin\jdk8u251\737\hotspot\src\share\vm\classfile\systemDictionary.cpp
Event: 2.060 Thread 0x0000000002f54800 Exception <a 'java/lang/ClassNotFoundException': org/powermock/configuration/MockitoConfigurationCustomizer> (0x00000000eb715258) thrown at [C:\jenkins\workspace\8-2-build-windows-amd64-cygwin\jdk8u251\737\hotspot\src\share\vm\classfile\systemDictionary.c
Event: 2.063 Thread 0x0000000002f54800 Exception <a 'java/lang/ClassNotFoundException': org/powermock/configuration/PowerMockConfigurationBeanInfo> (0x00000000eb762ce0) thrown at [C:\jenkins\workspace\8-2-build-windows-amd64-cygwin\jdk8u251\737\hotspot\src\share\vm\classfile\systemDictionary.c
Event: 2.064 Thread 0x0000000002f54800 Exception <a 'java/lang/ClassNotFoundException': org/powermock/configuration/PowerMockConfigurationCustomizer> (0x00000000eb794988) thrown at [C:\jenkins\workspace\8-2-build-windows-amd64-cygwin\jdk8u251\737\hotspot\src\share\vm\classfile\systemDictionary
Event: 2.067 Thread 0x0000000002f54800 Exception <a 'java/lang/ClassNotFoundException': org/powermock/configuration/PowerMockConfigurationBeanInfo> (0x00000000eb7e96c8) thrown at [C:\jenkins\workspace\8-2-build-windows-amd64-cygwin\jdk8u251\737\hotspot\src\share\vm\classfile\systemDictionary.c
Event: 2.067 Thread 0x0000000002f54800 Exception <a 'java/lang/ClassNotFoundException': org/powermock/configuration/PowerMockConfigurationCustomizer> (0x00000000eb81b350) thrown at [C:\jenkins\workspace\8-2-build-windows-amd64-cygwin\jdk8u251\737\hotspot\src\share\vm\classfile\systemDictionary

Events (10 events):
Event: 2.104 loading class org/mockito/internal/stubbing/defaultanswers/TriesToReturnSelf
Event: 2.104 loading class org/mockito/internal/stubbing/defaultanswers/TriesToReturnSelf done
Event: 2.105 loading class org/mockito/internal/framework/DefaultMockitoFramework
Event: 2.105 loading class org/mockito/internal/framework/DefaultMockitoFramework done
Event: 2.106 loading class org/mockito/invocation/InvocationFactory
Event: 2.106 loading class org/mockito/invocation/InvocationFactory done
Event: 2.107 loading class org/mockito/internal/creation/bytebuddy/ByteBuddyMockMaker
Event: 2.107 loading class org/mockito/internal/creation/bytebuddy/ByteBuddyMockMaker done
Event: 2.107 loading class org/mockito/internal/creation/bytebuddy/ClassCreatingMockMaker
Event: 2.107 loading class org/mockito/internal/creation/bytebuddy/ClassCreatingMockMaker done


Dynamic libraries:
0x00007ff7cab60000 - 0x00007ff7cab97000 	C:\Program Files\Java\jre1.8.0_251\bin\javaw.exe
0x00007ff8ba4e0000 - 0x00007ff8ba6d0000 	C:\WINDOWS\SYSTEM32\ntdll.dll
0x00007ff8ba240000 - 0x00007ff8ba2f2000 	C:\WINDOWS\System32\KERNEL32.DLL
0x00007ff8b7bf0000 - 0x00007ff8b7e94000 	C:\WINDOWS\System32\KERNELBASE.dll
0x00007ff8b8590000 - 0x00007ff8b8633000 	C:\WINDOWS\System32\ADVAPI32.dll
0x00007ff8b9ec0000 - 0x00007ff8b9f5e000 	C:\WINDOWS\System32\msvcrt.dll
0x00007ff8b9e20000 - 0x00007ff8b9eb7000 	C:\WINDOWS\System32\sechost.dll
0x00007ff8ba320000 - 0x00007ff8ba440000 	C:\WINDOWS\System32\RPCRT4.dll
0x00007ff8b9820000 - 0x00007ff8b99b4000 	C:\WINDOWS\System32\USER32.dll
0x00007ff8b7fd0000 - 0x00007ff8b7ff1000 	C:\WINDOWS\System32\win32u.dll
0x00007ff8b8640000 - 0x00007ff8b8666000 	C:\WINDOWS\System32\GDI32.dll
0x00007ff8b8390000 - 0x00007ff8b8525000 	C:\WINDOWS\System32\gdi32full.dll
0x00007ff8b8180000 - 0x00007ff8b821e000 	C:\WINDOWS\System32\msvcp_win.dll
0x00007ff8b8000000 - 0x00007ff8b80fa000 	C:\WINDOWS\System32\ucrtbase.dll
0x00007ff8a9ee0000 - 0x00007ff8aa164000 	C:\WINDOWS\WinSxS\amd64_microsoft.windows.common-controls_6595b64144ccf1df_6.0.18362.900_none_e6beb9d913147d17\COMCTL32.dll
0x00007ff8b8740000 - 0x00007ff8b8a75000 	C:\WINDOWS\System32\combase.dll
0x00007ff8b8100000 - 0x00007ff8b8180000 	C:\WINDOWS\System32\bcryptPrimitives.dll
0x00007ff8b8a90000 - 0x00007ff8b8abe000 	C:\WINDOWS\System32\IMM32.DLL
0x000000006bcc0000 - 0x000000006bd92000 	C:\Program Files\Java\jre1.8.0_251\bin\msvcr100.dll
0x000000006bda0000 - 0x000000006c64b000 	C:\Program Files\Java\jre1.8.0_251\bin\server\jvm.dll
0x00007ff8b8a80000 - 0x00007ff8b8a88000 	C:\WINDOWS\System32\PSAPI.DLL
0x00007ff8b2d10000 - 0x00007ff8b2d19000 	C:\WINDOWS\SYSTEM32\WSOCK32.dll
0x00007ff8b9b10000 - 0x00007ff8b9b7f000 	C:\WINDOWS\System32\WS2_32.dll
0x00007ff8b36f0000 - 0x00007ff8b3714000 	C:\WINDOWS\SYSTEM32\WINMM.dll
0x00007ff8acf20000 - 0x00007ff8acf2a000 	C:\WINDOWS\SYSTEM32\VERSION.dll
0x00007ff8b36c0000 - 0x00007ff8b36ed000 	C:\WINDOWS\SYSTEM32\WINMMBASE.dll
0x00007ff8b7ed0000 - 0x00007ff8b7f1a000 	C:\WINDOWS\System32\cfgmgr32.dll
0x00007ff8b2d00000 - 0x00007ff8b2d0f000 	C:\Program Files\Java\jre1.8.0_251\bin\verify.dll
0x00007ff8b2620000 - 0x00007ff8b2649000 	C:\Program Files\Java\jre1.8.0_251\bin\java.dll
0x00007ff8b2600000 - 0x00007ff8b2616000 	C:\Program Files\Java\jre1.8.0_251\bin\zip.dll
0x00007ff8b9130000 - 0x00007ff8b9816000 	C:\WINDOWS\System32\SHELL32.dll
0x00007ff8ba190000 - 0x00007ff8ba239000 	C:\WINDOWS\System32\shcore.dll
0x00007ff8b7470000 - 0x00007ff8b7bf0000 	C:\WINDOWS\System32\windows.storage.dll
0x00007ff8b73d0000 - 0x00007ff8b73f3000 	C:\WINDOWS\System32\profapi.dll
0x00007ff8b7400000 - 0x00007ff8b744a000 	C:\WINDOWS\System32\powrprof.dll
0x00007ff8b73a0000 - 0x00007ff8b73b0000 	C:\WINDOWS\System32\UMPDC.dll
0x00007ff8b86e0000 - 0x00007ff8b8732000 	C:\WINDOWS\System32\shlwapi.dll
0x00007ff8b73b0000 - 0x00007ff8b73c1000 	C:\WINDOWS\System32\kernel.appcore.dll
0x00007ff8b8220000 - 0x00007ff8b8237000 	C:\WINDOWS\System32\cryptsp.dll
0x00007ff8b0e40000 - 0x00007ff8b0e5a000 	C:\Program Files\Java\jre1.8.0_251\bin\net.dll
0x00007ff8b6c10000 - 0x00007ff8b6c77000 	C:\WINDOWS\system32\mswsock.dll
0x00007ff8b6960000 - 0x00007ff8b6a2b000 	C:\WINDOWS\SYSTEM32\DNSAPI.dll
0x00007ff8b9120000 - 0x00007ff8b9128000 	C:\WINDOWS\System32\NSI.dll
0x00007ff8b6920000 - 0x00007ff8b695a000 	C:\WINDOWS\SYSTEM32\IPHLPAPI.DLL
0x00007ff8a51d0000 - 0x00007ff8a51da000 	C:\Windows\System32\rasadhlp.dll
0x00007ff8acad0000 - 0x00007ff8acb47000 	C:\WINDOWS\System32\fwpuclnt.dll
0x00007ff8b7ea0000 - 0x00007ff8b7ec6000 	C:\WINDOWS\System32\bcrypt.dll
0x00007ff8b6780000 - 0x00007ff8b67b3000 	C:\WINDOWS\system32\rsaenh.dll
0x00007ff8b72c0000 - 0x00007ff8b72e5000 	C:\WINDOWS\SYSTEM32\USERENV.dll
0x00007ff8b6de0000 - 0x00007ff8b6dec000 	C:\WINDOWS\SYSTEM32\CRYPTBASE.dll
0x00007ff8acf30000 - 0x00007ff8acf46000 	C:\WINDOWS\SYSTEM32\dhcpcsvc6.DLL
0x00007ff8af400000 - 0x00007ff8af41c000 	C:\WINDOWS\SYSTEM32\dhcpcsvc.DLL
0x00007ff8b0e20000 - 0x00007ff8b0e32000 	C:\Program Files\Java\jre1.8.0_251\bin\nio.dll

VM Arguments:
jvm_args: -ea -Dfile.encoding=Cp1252 
java_command: org.testng.remote.RemoteTestNG -serport 51571 -protocol json -d D:\fpoly\Summer_2020\Testing_Advance\WorkSpace\03134_DuyLe_Assignment\test-output C:\Users\ASDZ\AppData\Local\Temp\testng-eclipse--1674822070\testng-customsuite.xml
java_class_path (initial): D:\Dev_Program\sts-4.5.0.RELEASE\configuration\org.eclipse.osgi\659\0\.cp\lib\testng-remote.jar;D:\fpoly\Summer_2020\Testing_Advance\WorkSpace\03134_DuyLe_Assignment\target\test-classes;D:\fpoly\Summer_2020\Testing_Advance\WorkSpace\03134_DuyLe_Assignment\target\classes;D:\fpoly\Summer_2020\Testing_Advance\WorkSpace\PolyPro\dist\lib\mssql-jdbc-6.2.2.jre8 - Copy.jar;D:\Dev_Program\sts-4.5.0.RELEASE\plugins\org.testng_7.2.0.r202003151902.jar;D:\Dev_Program\sts-4.5.0.RELEASE\plugins\com.beust.jcommander_1.72.0.jar;D:\Dev_Program\sts-4.5.0.RELEASE\plugins\org.apache-extras.beanshell.bsh_2.0.0.b6.jar;D:\Dev_Program\sts-4.5.0.RELEASE\plugins\org.yaml.snakeyaml_1.21.0.jar;C:\Users\ASDZ\.m2\repository\junit\junit\4.11\junit-4.11.jar;C:\Users\ASDZ\.m2\repository\org\hamcrest\hamcrest-core\1.3\hamcrest-core-1.3.jar;C:\Users\ASDZ\.m2\repository\org\mockito\mockito-core\2.28.2\mockito-core-2.28.2.jar;C:\Users\ASDZ\.m2\repository\net\bytebuddy\byte-buddy\1.9.10\byte-buddy-1.9.10.jar;C:\Users\ASDZ\.m2\repository\net\bytebuddy\byte-buddy-agent\1.9.10\byte-buddy-agent-1.9.10.jar;C:\Users\ASDZ\.m2\repository\org\powermock\powermock-core\2.0.2\powermock-core-2.0.2.jar;C:\Users\ASDZ\.m2\repository\org\javassist\javassist\3.24.0-GA\javassist-3.24.0-GA.jar;C:\Users\ASDZ\.m2\repository\org\powermock\powermock-api-mockito2\2.0.2\powermock-api-mockito2-2.0.2.jar;C:\Users\ASDZ\.m2\repository\org\powermock\powermock-module-junit4-common\2.0.2\powermock-module-junit4-common-2.0.2.jar;C:\Users\ASDZ\.m2\repository\org\powermock\powermock-module-junit4\2.0.2\powermock-module-junit4-2.0.2.jar;C:\Users\ASDZ\.m2\repository\org\powermock\powermock-api-support\2.0.2\powermock-api-support-2.0.2.jar;C:\Users\ASDZ\.m2\repository\org\powermock\powermock-module-testng\2.0.2\powermock-module-testng-2.0.2.jar;C:\Users\ASDZ\.m2\repository\org\powermock\powermock-module-testng-common\2.0.2\powermock-module-testng-common-2.0.2.jar;C:\Users\ASDZ\.m2\repository\org\powermock\powermoc
Launcher Type: SUN_STANDARD

Environment Variables:
JAVA_HOME=C:\Program Files\Java\jdk1.8.0_111
CLASSPATH=C:\Program Files\Java\jdk1.8.0_111
PATH=C:/Program Files/Java/jre1.8.0_251/bin/server;C:/Program Files/Java/jre1.8.0_251/bin;C:/Program Files/Java/jre1.8.0_251/lib/amd64;D:\Dev_Program\Python\Scripts\;D:\Dev_Program\Python\;C:\Program Files (x86)\Common Files\Oracle\Java\javapath;C:\ProgramData\Oracle\Java\javapath;C:\Windows\system32;C:\Windows;C:\Windows\System32\Wbem;C:\Windows\System32\WindowsPowerShell\v1.0\;C:\Windows\System32\OpenSSH\;C:\Program Files (x86)\NVIDIA Corporation\PhysX\Common;C:\Program Files\Microsoft SQL Server\110\Tools\Binn\;C:\Program Files (x86)\Microsoft SQL Server\110\Tools\Binn\;C:\Program Files\Microsoft SQL Server\110\DTS\Binn\;C:\Program Files (x86)\Microsoft SQL Server\110\Tools\Binn\ManagementStudio\;C:\Program Files (x86)\Microsoft Visual Studio 10.0\Common7\IDE\PrivateAssemblies\;C:\Program Files (x86)\Microsoft SQL Server\110\DTS\Binn\;C:\WINDOWS\system32;C:\WINDOWS;C:\WINDOWS\System32\Wbem;C:\WINDOWS\System32\WindowsPowerShell\v1.0\;C:\WINDOWS\System32\OpenSSH\;D:\Dev_Program\Git\cmd;C:\Program Files\Java\jdk1.8.0_111\bin;D:\Dev_Program\VisualCode\Microsoft VS Code\bin;D:\Dev_Program\sts-4.5.0.RELEASE;
USERNAME=Lee_Duy
OS=Windows_NT
PROCESSOR_IDENTIFIER=Intel64 Family 6 Model 69 Stepping 1, GenuineIntel



---------------  S Y S T E M  ---------------

OS: Windows 10.0 , 64 bit Build 18362 (10.0.18362.900)

CPU:total 4 (initial active 4) (2 cores per cpu, 2 threads per core) family 6 model 69 stepping 1, cmov, cx8, fxsr, mmx, sse, sse2, sse3, ssse3, sse4.1, sse4.2, popcnt, avx, avx2, aes, clmul, erms, lzcnt, ht, tsc, tscinvbit, bmi1, bmi2

Memory: 4k page, physical 4097340k(383820k free), swap 5526844k(5196k free)

vm_info: Java HotSpot(TM) 64-Bit Server VM (25.251-b08) for windows-amd64 JRE (1.8.0_251-b08), built on Mar 12 2020 06:31:49 by "" with MS VC++ 10.0 (VS2010)

time: Sun Jun 28 21:18:21 2020
timezone: SE Asia Standard Time
elapsed time: 2 seconds (0d 0h 0m 2s)

