#
# There is insufficient memory for the Java Runtime Environment to continue.
# Native memory allocation (malloc) failed to allocate 32744 bytes for ChunkPool::allocate
# Possible reasons:
#   The system is out of physical RAM or swap space
#   The process is running with CompressedOops enabled, and the Java Heap may be blocking the growth of the native heap
# Possible solutions:
#   Reduce memory load on the system
#   Increase physical memory or swap space
#   Check if swap backing store is full
#   Decrease Java heap size (-Xmx/-Xms)
#   Decrease number of Java threads
#   Decrease Java thread stack sizes (-Xss)
#   Set larger code cache with -XX:ReservedCodeCacheSize=
#   JVM is running with Unscaled Compressed Oops mode in which the Java heap is
#     placed in the first 4GB address space. The Java Heap base address is the
#     maximum limit for the native heap growth. Please use -XX:HeapBaseMinAddress
#     to set the Java Heap base and to place the Java Heap above 4GB virtual address.
# This output file may be truncated or incomplete.
#
#  Out of Memory Error (allocation.cpp:272), pid=8640, tid=0x00000000000026b8
#
# JRE version: Java(TM) SE Runtime Environment (8.0_251-b08) (build 1.8.0_251-b08)
# Java VM: Java HotSpot(TM) 64-Bit Server VM (25.251-b08 mixed mode windows-amd64 compressed oops)
# Failed to write core dump. Minidumps are not enabled by default on client versions of Windows
#

---------------  T H R E A D  ---------------

Current thread (0x0000000002614800):  JavaThread "main" [_thread_in_vm, id=9912, stack(0x0000000002510000,0x0000000002610000)]

Stack: [0x0000000002510000,0x0000000002610000]
[error occurred during error reporting (printing stack bounds), id 0xc0000005]

Native frames: (J=compiled Java code, j=interpreted, Vv=VM code, C=native code)

Java frames: (J=compiled Java code, j=interpreted, Vv=VM code)
J 753  java.lang.ClassLoader.defineClass1(Ljava/lang/String;[BIILjava/security/ProtectionDomain;Ljava/lang/String;)Ljava/lang/Class; (0 bytes) @ 0x0000000002a13adf [0x0000000002a13a40+0x9f]
J 707 C1 java.lang.ClassLoader.defineClass(Ljava/lang/String;[BIILjava/security/ProtectionDomain;)Ljava/lang/Class; (43 bytes) @ 0x00000000029fa2a4 [0x00000000029f9cc0+0x5e4]
J 1653 C1 org.powermock.core.classloader.javassist.JavassistMockClassLoader.loadUnmockedClass(Ljava/lang/String;Ljava/security/ProtectionDomain;)Ljava/lang/Class; (112 bytes) @ 0x0000000002cc1e94 [0x0000000002cc1540+0x954]
J 1639 C1 org.powermock.core.classloader.MockClassLoader.loadClassByThisClassLoader(Ljava/lang/String;)Ljava/lang/Class; (45 bytes) @ 0x0000000002cbaf24 [0x0000000002cba5e0+0x944]
J 1641 C1 org.powermock.core.classloader.DeferSupportingClassLoader.loadClass1(Ljava/lang/String;Z)Ljava/lang/Class; (53 bytes) @ 0x0000000002cbbe8c [0x0000000002cbba60+0x42c]
J 1607 C1 org.powermock.core.classloader.DeferSupportingClassLoader.loadClass(Ljava/lang/String;Z)Ljava/lang/Class; (40 bytes) @ 0x0000000002c9cb54 [0x0000000002c9c8e0+0x274]
J 340 C1 java.lang.ClassLoader.loadClass(Ljava/lang/String;)Ljava/lang/Class; (7 bytes) @ 0x00000000028e0b8c [0x00000000028e0a80+0x10c]
v  ~StubRoutines::call_stub
j  net.bytebuddy.description.type.TypeDescription$ForLoadedType.<clinit>()V+28
v  ~StubRoutines::call_stub
j  net.bytebuddy.implementation.bind.annotation.Super$Binder.<clinit>()V+28
v  ~StubRoutines::call_stub
j  net.bytebuddy.implementation.bind.annotation.TargetMethodAnnotationDrivenBinder$ParameterBinder.<clinit>()V+31
v  ~StubRoutines::call_stub
j  net.bytebuddy.implementation.MethodDelegation.withDefaultConfiguration()Lnet/bytebuddy/implementation/MethodDelegation$WithCustomProperties;+7
j  net.bytebuddy.implementation.MethodDelegation.to(Ljava/lang/Class;)Lnet/bytebuddy/implementation/MethodDelegation;+0
j  org.mockito.internal.creation.bytebuddy.SubclassBytecodeGenerator.<init>(Lorg/mockito/internal/creation/bytebuddy/SubclassLoader;Lnet/bytebuddy/implementation/Implementation;Lnet/bytebuddy/matcher/ElementMatcher;)V+7
j  org.mockito.internal.creation.bytebuddy.SubclassBytecodeGenerator.<init>(Lorg/mockito/internal/creation/bytebuddy/SubclassLoader;)V+6
j  org.mockito.internal.creation.bytebuddy.SubclassByteBuddyMockMaker.<init>(Lorg/mockito/internal/creation/bytebuddy/SubclassLoader;)V+14
j  org.mockito.internal.creation.bytebuddy.SubclassByteBuddyMockMaker.<init>()V+8
j  org.mockito.internal.creation.bytebuddy.ByteBuddyMockMaker.<init>()V+9
v  ~StubRoutines::call_stub
j  sun.reflect.NativeConstructorAccessorImpl.newInstance0(Ljava/lang/reflect/Constructor;[Ljava/lang/Object;)Ljava/lang/Object;+0
j  sun.reflect.NativeConstructorAccessorImpl.newInstance([Ljava/lang/Object;)Ljava/lang/Object;+85
j  sun.reflect.DelegatingConstructorAccessorImpl.newInstance([Ljava/lang/Object;)Ljava/lang/Object;+5
j  java.lang.reflect.Constructor.newInstance([Ljava/lang/Object;)Ljava/lang/Object;+79
j  java.lang.Class.newInstance()Ljava/lang/Object;+138
j  org.mockito.internal.configuration.plugins.DefaultMockitoPlugins.create(Ljava/lang/Class;Ljava/lang/String;)Ljava/lang/Object;+44
j  org.mockito.internal.configuration.plugins.DefaultMockitoPlugins.getDefaultPlugin(Ljava/lang/Class;)Ljava/lang/Object;+64
j  org.powermock.api.mockito.mockmaker.MockMakerLoader.doLoad(Ljava/lang/ClassLoader;Ljava/lang/String;)Lorg/mockito/plugins/MockMaker;+14
j  org.powermock.api.mockito.mockmaker.MockMakerLoader.load(Lorg/powermock/configuration/MockitoConfiguration;)Lorg/mockito/plugins/MockMaker;+23
j  org.powermock.api.mockito.mockmaker.PowerMockMaker.<init>()V+15
v  ~StubRoutines::call_stub
j  sun.reflect.NativeConstructorAccessorImpl.newInstance0(Ljava/lang/reflect/Constructor;[Ljava/lang/Object;)Ljava/lang/Object;+0
j  sun.reflect.NativeConstructorAccessorImpl.newInstance([Ljava/lang/Object;)Ljava/lang/Object;+85
j  sun.reflect.DelegatingConstructorAccessorImpl.newInstance([Ljava/lang/Object;)Ljava/lang/Object;+5
j  java.lang.reflect.Constructor.newInstance([Ljava/lang/Object;)Ljava/lang/Object;+79
j  java.lang.Class.newInstance()Ljava/lang/Object;+138
j  org.mockito.internal.configuration.plugins.PluginInitializer.loadImpl(Ljava/lang/Class;)Ljava/lang/Object;+136
j  org.mockito.internal.configuration.plugins.PluginLoader.loadPlugin(Ljava/lang/Class;Ljava/lang/Class;)Ljava/lang/Object;+5
j  org.mockito.internal.configuration.plugins.PluginLoader.loadPlugin(Ljava/lang/Class;)Ljava/lang/Object;+3
j  org.mockito.internal.configuration.plugins.PluginRegistry.<init>()V+46
j  org.mockito.internal.configuration.plugins.Plugins.<clinit>()V+4
v  ~StubRoutines::call_stub
j  org.powermock.api.mockito.internal.configuration.PowerMockitoInjectingAnnotationEngine.preLoadPluginLoader()V+18
j  org.powermock.api.mockito.internal.configuration.PowerMockitoInjectingAnnotationEngine.process(Ljava/lang/Class;Ljava/lang/Object;)V+13
j  org.powermock.api.extension.listener.AnnotationEnabler.injectSpiesAndInjectToSetters(Ljava/lang/Object;)V+12
j  org.powermock.api.extension.listener.AnnotationEnabler.beforeTestMethod(Ljava/lang/Object;Ljava/lang/reflect/Method;[Ljava/lang/Object;)V+7
v  ~StubRoutines::call_stub
j  sun.reflect.NativeMethodAccessorImpl.invoke0(Ljava/lang/reflect/Method;Ljava/lang/Object;[Ljava/lang/Object;)Ljava/lang/Object;+0
j  sun.reflect.NativeMethodAccessorImpl.invoke(Ljava/lang/Object;[Ljava/lang/Object;)Ljava/lang/Object;+100
j  sun.reflect.DelegatingMethodAccessorImpl.invoke(Ljava/lang/Object;[Ljava/lang/Object;)Ljava/lang/Object;+6
j  java.lang.reflect.Method.invoke(Ljava/lang/Object;[Ljava/lang/Object;)Ljava/lang/Object;+56
j  org.powermock.reflect.internal.WhiteboxImpl.performMethodInvocation(Ljava/lang/Object;Ljava/lang/reflect/Method;[Ljava/lang/Object;)Ljava/lang/Object;+122
j  org.powermock.reflect.internal.WhiteboxImpl.invokeMethod(Ljava/lang/Object;Ljava/lang/String;[Ljava/lang/Class;[Ljava/lang/Object;)Ljava/lang/Object;+32
j  org.powermock.reflect.Whitebox.invokeMethod(Ljava/lang/Object;Ljava/lang/String;[Ljava/lang/Class;[Ljava/lang/Object;)Ljava/lang/Object;+4
j  org.powermock.modules.testng.internal.PowerMockTestNGMethodHandler.injectMocksUsingAnnotationEnabler(Ljava/lang/Object;)V+48
j  org.powermock.modules.testng.internal.PowerMockTestNGMethodHandler.invoke(Ljava/lang/Object;Ljava/lang/reflect/Method;Ljava/lang/reflect/Method;[Ljava/lang/Object;)Ljava/lang/Object;+2
j  TestDAO.ChuyenDeDAOTest_$$_jvst363_0.beforeSuite()V+21
v  ~StubRoutines::call_stub
j  sun.reflect.NativeMethodAccessorImpl.invoke0(Ljava/lang/reflect/Method;Ljava/lang/Object;[Ljava/lang/Object;)Ljava/lang/Object;+0
j  sun.reflect.NativeMethodAccessorImpl.invoke(Ljava/lang/Object;[Ljava/lang/Object;)Ljava/lang/Object;+100
j  sun.reflect.DelegatingMethodAccessorImpl.invoke(Ljava/lang/Object;[Ljava/lang/Object;)Ljava/lang/Object;+6
j  java.lang.reflect.Method.invoke(Ljava/lang/Object;[Ljava/lang/Object;)Ljava/lang/Object;+56
j  org.testng.internal.MethodInvocationHelper.invokeMethod(Ljava/lang/reflect/Method;Ljava/lang/Object;[Ljava/lang/Object;)Ljava/lang/Object;+258
j  org.testng.internal.MethodInvocationHelper.invokeMethodConsideringTimeout(Lorg/testng/ITestNGMethod;Lorg/testng/internal/ConstructorOrMethod;Ljava/lang/Object;[Ljava/lang/Object;Lorg/testng/ITestResult;)V+15
j  org.testng.internal.ConfigInvoker.invokeConfigurationMethod(Ljava/lang/Object;Lorg/testng/ITestNGMethod;[Ljava/lang/Object;Lorg/testng/ITestResult;)V+143
j  org.testng.internal.ConfigInvoker.invokeConfigurations(Lorg/testng/internal/ConfigMethodArguments;)V+577
j  org.testng.SuiteRunner.privateRun()V+232
j  org.testng.SuiteRunner.run()V+6
j  org.testng.SuiteRunnerWorker.runSuite(Lorg/testng/internal/SuiteRunnerMap;Lorg/testng/xml/XmlSuite;)V+87
j  org.testng.SuiteRunnerWorker.run()V+12
j  org.testng.TestNG.runSuitesSequentially(Lorg/testng/xml/XmlSuite;Lorg/testng/internal/SuiteRunnerMap;ILjava/lang/String;)V+66
j  org.testng.TestNG.runSuitesLocally()Ljava/util/List;+156
j  org.testng.TestNG.runSuites()Ljava/util/List;+1
j  org.testng.TestNG.run()V+25
j  org.testng.remote.AbstractRemoteTestNG.run()V+149
j  org.testng.remote.RemoteTestNG.initAndRun(Lorg/testng/remote/IRemoteTestNG;[Ljava/lang/String;Lorg/testng/CommandLineArgs;Lorg/testng/remote/RemoteArgs;)V+184
j  org.testng.remote.RemoteTestNG.main([Ljava/lang/String;)V+201
v  ~StubRoutines::call_stub

---------------  P R O C E S S  ---------------

Java Threads: ( => current thread )
  0x0000000017043800 JavaThread "ReaderThread" [_thread_in_native, id=852, stack(0x00000000178a0000,0x00000000179a0000)]
  0x000000001646b800 JavaThread "Service Thread" daemon [_thread_blocked, id=1900, stack(0x0000000016a60000,0x0000000016b60000)]
  0x0000000014d6c800 JavaThread "C1 CompilerThread2" daemon [_thread_in_native, id=4036, stack(0x0000000016960000,0x0000000016a60000)]
  0x0000000014d6a800 JavaThread "C2 CompilerThread1" daemon [_thread_in_native, id=2340, stack(0x0000000016860000,0x0000000016960000)]
  0x0000000014d12000 JavaThread "C2 CompilerThread0" daemon [_thread_in_native, id=2208, stack(0x0000000016360000,0x0000000016460000)]
  0x0000000014d10000 JavaThread "Attach Listener" daemon [_thread_blocked, id=7380, stack(0x0000000016260000,0x0000000016360000)]
  0x0000000014d0e800 JavaThread "Signal Dispatcher" daemon [_thread_blocked, id=4712, stack(0x0000000016160000,0x0000000016260000)]
  0x0000000014cfa800 JavaThread "Finalizer" daemon [_thread_blocked, id=5088, stack(0x0000000015f60000,0x0000000016060000)]
  0x0000000002704000 JavaThread "Reference Handler" daemon [_thread_blocked, id=9536, stack(0x0000000015e60000,0x0000000015f60000)]
=>0x0000000002614800 JavaThread "main" [_thread_in_vm, id=9912, stack(0x0000000002510000,0x0000000002610000)]

Other Threads:
  0x0000000014cd8000 VMThread [stack: 0x0000000015d60000,0x0000000015e60000] [id=11628]
  0x0000000016475000 WatcherThread [stack: 0x0000000016b60000,0x0000000016c60000] [id=12152]

VM state:not at safepoint (normal execution)

VM Mutex/Monitor currently owned by a thread: None

heap address: 0x00000000c1600000, size: 1002 MB, Compressed Oops mode: 32-bit
Narrow klass base: 0x0000000000000000, Narrow klass shift: 3
Compressed class space size: 1073741824 Address: 0x0000000100000000

Heap:
 PSYoungGen      total 35328K, used 15517K [0x00000000eb200000, 0x00000000ed700000, 0x0000000100000000)
  eden space 32768K, 39% used [0x00000000eb200000,0x00000000ebeaf610,0x00000000ed200000)
  from space 2560K, 98% used [0x00000000ed200000,0x00000000ed478010,0x00000000ed480000)
  to   space 2560K, 0% used [0x00000000ed480000,0x00000000ed480000,0x00000000ed700000)
 ParOldGen       total 44032K, used 6373K [0x00000000c1600000, 0x00000000c4100000, 0x00000000eb200000)
  object space 44032K, 14% used [0x00000000c1600000,0x00000000c1c39678,0x00000000c4100000)
 Metaspace       used 14233K, capacity 14506K, committed 14720K, reserved 1062912K
  class space    used 1739K, capacity 1853K, committed 1920K, reserved 1048576K

Card table byte_map: [0x0000000011ad0000,0x0000000011cd0000] byte_map_base: 0x00000000114c5000

Marking Bits: (ParMarkBitMap*) 0x000000006c5caf90
 Begin Bits: [0x0000000012220000, 0x00000000131c8000)
 End Bits:   [0x00000000131c8000, 0x0000000014170000)

Polling page: 0x00000000001f0000

CodeCache: size=245760Kb used=5846Kb max_used=5846Kb free=239913Kb
 bounds [0x0000000002710000, 0x0000000002cd0000, 0x0000000011710000]
 total_blobs=2008 nmethods=1650 adapters=270
 compilation: enabled

Compilation events (10 events):
Event: 2.455 Thread 0x0000000014d6c800 nmethod 1654 0x0000000002cc4190 code [0x0000000002cc4300, 0x0000000002cc4508]
Event: 2.455 Thread 0x0000000014d6c800 1655   !   3       javassist.ClassPoolTail::writeClassfile (41 bytes)
Event: 2.463 Thread 0x0000000014d6c800 nmethod 1655 0x0000000002cc45d0 code [0x0000000002cc4780, 0x0000000002cc4c88]
Event: 2.512 Thread 0x0000000014d6c800 1656       3       java.net.URL::isValidProtocol (78 bytes)
Event: 2.513 Thread 0x0000000014d6c800 nmethod 1656 0x0000000002cc4e90 code [0x0000000002cc50e0, 0x0000000002cc5eb8]
Event: 2.539 Thread 0x0000000014d6c800 1657       3       javassist.ClassPoolTail::find (38 bytes)
Event: 2.539 Thread 0x0000000014d6c800 nmethod 1657 0x0000000002cc6610 code [0x0000000002cc67a0, 0x0000000002cc6a88]
Event: 2.546 Thread 0x0000000014d6c800 1658       3       java.util.LinkedHashMap$LinkedKeyIterator::next (8 bytes)
Event: 2.547 Thread 0x0000000014d6c800 nmethod 1658 0x0000000002cc6c10 code [0x0000000002cc6d80, 0x0000000002cc7028]
Event: 2.556 Thread 0x0000000014d6c800 1660       3       javassist.CtClassType::<init> (78 bytes)

GC Heap History (10 events):
Event: 1.238 GC heap before
{Heap before GC invocations=1 (full 0):
 PSYoungGen      total 18944K, used 16384K [0x00000000eb200000, 0x00000000ec700000, 0x0000000100000000)
  eden space 16384K, 100% used [0x00000000eb200000,0x00000000ec200000,0x00000000ec200000)
  from space 2560K, 0% used [0x00000000ec480000,0x00000000ec480000,0x00000000ec700000)
  to   space 2560K, 0% used [0x00000000ec200000,0x00000000ec200000,0x00000000ec480000)
 ParOldGen       total 44032K, used 0K [0x00000000c1600000, 0x00000000c4100000, 0x00000000eb200000)
  object space 44032K, 0% used [0x00000000c1600000,0x00000000c1600000,0x00000000c4100000)
 Metaspace       used 7436K, capacity 7588K, committed 7680K, reserved 1056768K
  class space    used 895K, capacity 958K, committed 1024K, reserved 1048576K
Event: 1.243 GC heap after
Heap after GC invocations=1 (full 0):
 PSYoungGen      total 18944K, used 2533K [0x00000000eb200000, 0x00000000ec700000, 0x0000000100000000)
  eden space 16384K, 0% used [0x00000000eb200000,0x00000000eb200000,0x00000000ec200000)
  from space 2560K, 98% used [0x00000000ec200000,0x00000000ec479668,0x00000000ec480000)
  to   space 2560K, 0% used [0x00000000ec480000,0x00000000ec480000,0x00000000ec700000)
 ParOldGen       total 44032K, used 787K [0x00000000c1600000, 0x00000000c4100000, 0x00000000eb200000)
  object space 44032K, 1% used [0x00000000c1600000,0x00000000c16c4ee0,0x00000000c4100000)
 Metaspace       used 7436K, capacity 7588K, committed 7680K, reserved 1056768K
  class space    used 895K, capacity 958K, committed 1024K, reserved 1048576K
}
Event: 1.557 GC heap before
{Heap before GC invocations=2 (full 0):
 PSYoungGen      total 18944K, used 18917K [0x00000000eb200000, 0x00000000ec700000, 0x0000000100000000)
  eden space 16384K, 100% used [0x00000000eb200000,0x00000000ec200000,0x00000000ec200000)
  from space 2560K, 98% used [0x00000000ec200000,0x00000000ec479668,0x00000000ec480000)
  to   space 2560K, 0% used [0x00000000ec480000,0x00000000ec480000,0x00000000ec700000)
 ParOldGen       total 44032K, used 787K [0x00000000c1600000, 0x00000000c4100000, 0x00000000eb200000)
  object space 44032K, 1% used [0x00000000c1600000,0x00000000c16c4ee0,0x00000000c4100000)
 Metaspace       used 10718K, capacity 10970K, committed 11136K, reserved 1058816K
  class space    used 1283K, capacity 1381K, committed 1408K, reserved 1048576K
Event: 1.565 GC heap after
Heap after GC invocations=2 (full 0):
 PSYoungGen      total 18944K, used 2528K [0x00000000eb200000, 0x00000000ed700000, 0x0000000100000000)
  eden space 16384K, 0% used [0x00000000eb200000,0x00000000eb200000,0x00000000ec200000)
  from space 2560K, 98% used [0x00000000ec480000,0x00000000ec6f8030,0x00000000ec700000)
  to   space 2560K, 0% used [0x00000000ec200000,0x00000000ec200000,0x00000000ec480000)
 ParOldGen       total 44032K, used 2764K [0x00000000c1600000, 0x00000000c4100000, 0x00000000eb200000)
  object space 44032K, 6% used [0x00000000c1600000,0x00000000c18b33c8,0x00000000c4100000)
 Metaspace       used 10718K, capacity 10970K, committed 11136K, reserved 1058816K
  class space    used 1283K, capacity 1381K, committed 1408K, reserved 1048576K
}
Event: 1.816 GC heap before
{Heap before GC invocations=3 (full 0):
 PSYoungGen      total 18944K, used 18912K [0x00000000eb200000, 0x00000000ed700000, 0x0000000100000000)
  eden space 16384K, 100% used [0x00000000eb200000,0x00000000ec200000,0x00000000ec200000)
  from space 2560K, 98% used [0x00000000ec480000,0x00000000ec6f8030,0x00000000ec700000)
  to   space 2560K, 0% used [0x00000000ec200000,0x00000000ec200000,0x00000000ec480000)
 ParOldGen       total 44032K, used 2764K [0x00000000c1600000, 0x00000000c4100000, 0x00000000eb200000)
  object space 44032K, 6% used [0x00000000c1600000,0x00000000c18b33c8,0x00000000c4100000)
 Metaspace       used 11519K, capacity 11826K, committed 12032K, reserved 1060864K
  class space    used 1345K, capacity 1453K, committed 1536K, reserved 1048576K
Event: 1.823 GC heap after
Heap after GC invocations=3 (full 0):
 PSYoungGen      total 18944K, used 2528K [0x00000000eb200000, 0x00000000ed700000, 0x0000000100000000)
  eden space 16384K, 0% used [0x00000000eb200000,0x00000000eb200000,0x00000000ec200000)
  from space 2560K, 98% used [0x00000000ec200000,0x00000000ec478030,0x00000000ec480000)
  to   space 2560K, 0% used [0x00000000ed480000,0x00000000ed480000,0x00000000ed700000)
 ParOldGen       total 44032K, used 3823K [0x00000000c1600000, 0x00000000c4100000, 0x00000000eb200000)
  object space 44032K, 8% used [0x00000000c1600000,0x00000000c19bbd98,0x00000000c4100000)
 Metaspace       used 11519K, capacity 11826K, committed 12032K, reserved 1060864K
  class space    used 1345K, capacity 1453K, committed 1536K, reserved 1048576K
}
Event: 2.031 GC heap before
{Heap before GC invocations=4 (full 0):
 PSYoungGen      total 18944K, used 18912K [0x00000000eb200000, 0x00000000ed700000, 0x0000000100000000)
  eden space 16384K, 100% used [0x00000000eb200000,0x00000000ec200000,0x00000000ec200000)
  from space 2560K, 98% used [0x00000000ec200000,0x00000000ec478030,0x00000000ec480000)
  to   space 2560K, 0% used [0x00000000ed480000,0x00000000ed480000,0x00000000ed700000)
 ParOldGen       total 44032K, used 3823K [0x00000000c1600000, 0x00000000c4100000, 0x00000000eb200000)
  object space 44032K, 8% used [0x00000000c1600000,0x00000000c19bbd98,0x00000000c4100000)
 Metaspace       used 12293K, capacity 12564K, committed 12928K, reserved 1060864K
  class space    used 1446K, capacity 1552K, committed 1664K, reserved 1048576K
Event: 2.043 GC heap after
Heap after GC invocations=4 (full 0):
 PSYoungGen      total 35328K, used 2544K [0x00000000eb200000, 0x00000000ed700000, 0x0000000100000000)
  eden space 32768K, 0% used [0x00000000eb200000,0x00000000eb200000,0x00000000ed200000)
  from space 2560K, 99% used [0x00000000ed480000,0x00000000ed6fc040,0x00000000ed700000)
  to   space 2560K, 0% used [0x00000000ed200000,0x00000000ed200000,0x00000000ed480000)
 ParOldGen       total 44032K, used 4803K [0x00000000c1600000, 0x00000000c4100000, 0x00000000eb200000)
  object space 44032K, 10% used [0x00000000c1600000,0x00000000c1ab0e98,0x00000000c4100000)
 Metaspace       used 12293K, capacity 12564K, committed 12928K, reserved 1060864K
  class space    used 1446K, capacity 1552K, committed 1664K, reserved 1048576K
}
Event: 2.455 GC heap before
{Heap before GC invocations=5 (full 0):
 PSYoungGen      total 35328K, used 35312K [0x00000000eb200000, 0x00000000ed700000, 0x0000000100000000)
  eden space 32768K, 100% used [0x00000000eb200000,0x00000000ed200000,0x00000000ed200000)
  from space 2560K, 99% used [0x00000000ed480000,0x00000000ed6fc040,0x00000000ed700000)
  to   space 2560K, 0% used [0x00000000ed200000,0x00000000ed200000,0x00000000ed480000)
 ParOldGen       total 44032K, used 4803K [0x00000000c1600000, 0x00000000c4100000, 0x00000000eb200000)
  object space 44032K, 10% used [0x00000000c1600000,0x00000000c1ab0e98,0x00000000c4100000)
 Metaspace       used 13654K, capacity 13994K, committed 14080K, reserved 1060864K
  class space    used 1649K, capacity 1789K, committed 1792K, reserved 1048576K
Event: 2.463 GC heap after
Heap after GC invocations=5 (full 0):
 PSYoungGen      total 35328K, used 2528K [0x00000000eb200000, 0x00000000ed700000, 0x0000000100000000)
  eden space 32768K, 0% used [0x00000000eb200000,0x00000000eb200000,0x00000000ed200000)
  from space 2560K, 98% used [0x00000000ed200000,0x00000000ed478010,0x00000000ed480000)
  to   space 2560K, 0% used [0x00000000ed480000,0x00000000ed480000,0x00000000ed700000)
 ParOldGen       total 44032K, used 6373K [0x00000000c1600000, 0x00000000c4100000, 0x00000000eb200000)
  object space 44032K, 14% used [0x00000000c1600000,0x00000000c1c39678,0x00000000c4100000)
 Metaspace       used 13654K, capacity 13994K, committed 14080K, reserved 1060864K
  class space    used 1649K, capacity 1789K, committed 1792K, reserved 1048576K
}

Deoptimization events (10 events):
Event: 1.410 Thread 0x0000000002614800 Uncommon trap: reason=range_check action=make_not_entrant pc=0x0000000002a25320 method=sun.reflect.generics.parser.SignatureParser.current()C @ 34
Event: 1.415 Thread 0x0000000002614800 Uncommon trap: reason=unstable_if action=reinterpret pc=0x0000000002a58e28 method=java.util.HashMap.hash(Ljava/lang/Object;)I @ 1
Event: 1.522 Thread 0x0000000002614800 Uncommon trap: reason=unstable_if action=reinterpret pc=0x00000000029f12bc method=sun.misc.MetaIndex.mayContain(Ljava/lang/String;)Z @ 38
Event: 1.523 Thread 0x0000000002614800 Uncommon trap: reason=unstable_if action=reinterpret pc=0x00000000029dfaa0 method=sun.misc.MetaIndex.mayContain(Ljava/lang/String;)Z @ 38
Event: 1.534 Thread 0x0000000002614800 Uncommon trap: reason=unstable_if action=reinterpret pc=0x0000000002a7030c method=java.util.HashMap.putVal(ILjava/lang/Object;Ljava/lang/Object;ZZ)Ljava/lang/Object; @ 162
Event: 1.545 Thread 0x0000000002614800 Uncommon trap: reason=unstable_if action=reinterpret pc=0x0000000002a03564 method=java.util.HashMap.getNode(ILjava/lang/Object;)Ljava/util/HashMap$Node; @ 84
Event: 1.546 Thread 0x0000000002614800 Uncommon trap: reason=unstable_if action=reinterpret pc=0x00000000029b8990 method=java.util.HashMap.getNode(ILjava/lang/Object;)Ljava/util/HashMap$Node; @ 84
Event: 1.615 Thread 0x0000000002614800 Uncommon trap: reason=unstable_if action=reinterpret pc=0x0000000002853400 method=java.lang.CharacterData.of(I)Ljava/lang/CharacterData; @ 4
Event: 1.717 Thread 0x0000000002614800 Uncommon trap: reason=unstable_if action=reinterpret pc=0x0000000002b71240 method=javassist.bytecode.ConstPool.addItem(Ljavassist/bytecode/ConstInfo;)I @ 4
Event: 1.982 Thread 0x0000000002614800 Uncommon trap: reason=bimorphic action=maybe_recompile pc=0x0000000002b09ba4 method=java.util.HashMap.putVal(ILjava/lang/Object;Ljava/lang/Object;ZZ)Ljava/lang/Object; @ 203

Classes redefined (0 events):
No events

Internal exceptions (10 events):
Event: 1.424 Thread 0x0000000002614800 Exception <a 'java/lang/ClassNotFoundException': org/powermock/configuration/PowerMockConfigurationCustomizer> (0x00000000eba4fde8) thrown at [C:\jenkins\workspace\8-2-build-windows-amd64-cygwin\jdk8u251\737\hotspot\src\share\vm\classfile\systemDictionary
Event: 1.717 Thread 0x0000000002614800 Implicit null exception at 0x0000000002b70e19 to 0x0000000002b7122d
Event: 2.298 Thread 0x0000000002614800 Exception <a 'java/lang/ClassNotFoundException': org/powermock/configuration/MockitoConfigurationBeanInfo> (0x00000000ebfe9528) thrown at [C:\jenkins\workspace\8-2-build-windows-amd64-cygwin\jdk8u251\737\hotspot\src\share\vm\classfile\systemDictionary.cpp
Event: 2.299 Thread 0x0000000002614800 Exception <a 'java/lang/ClassNotFoundException': org/powermock/configuration/MockitoConfigurationCustomizer> (0x00000000ec0192c0) thrown at [C:\jenkins\workspace\8-2-build-windows-amd64-cygwin\jdk8u251\737\hotspot\src\share\vm\classfile\systemDictionary.c
Event: 2.314 Thread 0x0000000002614800 Exception <a 'java/lang/ClassNotFoundException': org/powermock/configuration/MockitoConfigurationBeanInfo> (0x00000000ec20cf00) thrown at [C:\jenkins\workspace\8-2-build-windows-amd64-cygwin\jdk8u251\737\hotspot\src\share\vm\classfile\systemDictionary.cpp
Event: 2.314 Thread 0x0000000002614800 Exception <a 'java/lang/ClassNotFoundException': org/powermock/configuration/MockitoConfigurationCustomizer> (0x00000000ec23cc90) thrown at [C:\jenkins\workspace\8-2-build-windows-amd64-cygwin\jdk8u251\737\hotspot\src\share\vm\classfile\systemDictionary.c
Event: 2.317 Thread 0x0000000002614800 Exception <a 'java/lang/ClassNotFoundException': org/powermock/configuration/PowerMockConfigurationBeanInfo> (0x00000000ec289780) thrown at [C:\jenkins\workspace\8-2-build-windows-amd64-cygwin\jdk8u251\737\hotspot\src\share\vm\classfile\systemDictionary.c
Event: 2.317 Thread 0x0000000002614800 Exception <a 'java/lang/ClassNotFoundException': org/powermock/configuration/PowerMockConfigurationCustomizer> (0x00000000ec2bb240) thrown at [C:\jenkins\workspace\8-2-build-windows-amd64-cygwin\jdk8u251\737\hotspot\src\share\vm\classfile\systemDictionary
Event: 2.322 Thread 0x0000000002614800 Exception <a 'java/lang/ClassNotFoundException': org/powermock/configuration/PowerMockConfigurationBeanInfo> (0x00000000ec30fa70) thrown at [C:\jenkins\workspace\8-2-build-windows-amd64-cygwin\jdk8u251\737\hotspot\src\share\vm\classfile\systemDictionary.c
Event: 2.323 Thread 0x0000000002614800 Exception <a 'java/lang/ClassNotFoundException': org/powermock/configuration/PowerMockConfigurationCustomizer> (0x00000000ec341510) thrown at [C:\jenkins\workspace\8-2-build-windows-amd64-cygwin\jdk8u251\737\hotspot\src\share\vm\classfile\systemDictionary

Events (10 events):
Event: 2.550 loading class net/bytebuddy/description/type/TypeDescription$ForLoadedType$Dispatcher
Event: 2.550 loading class net/bytebuddy/description/type/TypeDescription$ForLoadedType$Dispatcher done
Event: 2.551 loading class net/bytebuddy/description/type/TypeDescription$ForLoadedType$Dispatcher$ForJava11CapableVm
Event: 2.551 loading class net/bytebuddy/description/type/TypeDescription$ForLoadedType$Dispatcher$ForJava11CapableVm done
Event: 2.552 loading class java/lang/reflect/AnnotatedType
Event: 2.553 loading class java/lang/reflect/AnnotatedType done
Event: 2.553 loading class net/bytebuddy/description/type/TypeDescription$ForLoadedType$Dispatcher$ForLegacyVm
Event: 2.553 loading class net/bytebuddy/description/type/TypeDescription$ForLoadedType$Dispatcher$ForLegacyVm done
Event: 2.555 loading class net/bytebuddy/dynamic/TargetType
Event: 2.555 loading class net/bytebuddy/dynamic/TargetType done


Dynamic libraries:
0x00007ff7cab60000 - 0x00007ff7cab97000 	C:\Program Files\Java\jre1.8.0_251\bin\javaw.exe
0x00007ff8ba4e0000 - 0x00007ff8ba6d0000 	C:\WINDOWS\SYSTEM32\ntdll.dll
0x00007ff8ba240000 - 0x00007ff8ba2f2000 	C:\WINDOWS\System32\KERNEL32.DLL
0x00007ff8b7bf0000 - 0x00007ff8b7e94000 	C:\WINDOWS\System32\KERNELBASE.dll
0x00007ff8b8590000 - 0x00007ff8b8633000 	C:\WINDOWS\System32\ADVAPI32.dll
0x00007ff8b9ec0000 - 0x00007ff8b9f5e000 	C:\WINDOWS\System32\msvcrt.dll
0x00007ff8b9e20000 - 0x00007ff8b9eb7000 	C:\WINDOWS\System32\sechost.dll
0x00007ff8ba320000 - 0x00007ff8ba440000 	C:\WINDOWS\System32\RPCRT4.dll
0x00007ff8b9820000 - 0x00007ff8b99b4000 	C:\WINDOWS\System32\USER32.dll
0x00007ff8b7fd0000 - 0x00007ff8b7ff1000 	C:\WINDOWS\System32\win32u.dll
0x00007ff8b8640000 - 0x00007ff8b8666000 	C:\WINDOWS\System32\GDI32.dll
0x00007ff8b8390000 - 0x00007ff8b8525000 	C:\WINDOWS\System32\gdi32full.dll
0x00007ff8b8180000 - 0x00007ff8b821e000 	C:\WINDOWS\System32\msvcp_win.dll
0x00007ff8b8000000 - 0x00007ff8b80fa000 	C:\WINDOWS\System32\ucrtbase.dll
0x00007ff8a9ee0000 - 0x00007ff8aa164000 	C:\WINDOWS\WinSxS\amd64_microsoft.windows.common-controls_6595b64144ccf1df_6.0.18362.900_none_e6beb9d913147d17\COMCTL32.dll
0x00007ff8b8740000 - 0x00007ff8b8a75000 	C:\WINDOWS\System32\combase.dll
0x00007ff8b8100000 - 0x00007ff8b8180000 	C:\WINDOWS\System32\bcryptPrimitives.dll
0x00007ff8b8a90000 - 0x00007ff8b8abe000 	C:\WINDOWS\System32\IMM32.DLL
0x000000006bcc0000 - 0x000000006bd92000 	C:\Program Files\Java\jre1.8.0_251\bin\msvcr100.dll
0x000000006bda0000 - 0x000000006c64b000 	C:\Program Files\Java\jre1.8.0_251\bin\server\jvm.dll
0x00007ff8b8a80000 - 0x00007ff8b8a88000 	C:\WINDOWS\System32\PSAPI.DLL
0x00007ff8b2d10000 - 0x00007ff8b2d19000 	C:\WINDOWS\SYSTEM32\WSOCK32.dll
0x00007ff8b9b10000 - 0x00007ff8b9b7f000 	C:\WINDOWS\System32\WS2_32.dll
0x00007ff8acf20000 - 0x00007ff8acf2a000 	C:\WINDOWS\SYSTEM32\VERSION.dll
0x00007ff8b36f0000 - 0x00007ff8b3714000 	C:\WINDOWS\SYSTEM32\WINMM.dll
0x00007ff8b36c0000 - 0x00007ff8b36ed000 	C:\WINDOWS\SYSTEM32\WINMMBASE.dll
0x00007ff8b7ed0000 - 0x00007ff8b7f1a000 	C:\WINDOWS\System32\cfgmgr32.dll
0x00007ff8b2d00000 - 0x00007ff8b2d0f000 	C:\Program Files\Java\jre1.8.0_251\bin\verify.dll
0x00007ff8b2620000 - 0x00007ff8b2649000 	C:\Program Files\Java\jre1.8.0_251\bin\java.dll
0x00007ff8b2600000 - 0x00007ff8b2616000 	C:\Program Files\Java\jre1.8.0_251\bin\zip.dll
0x00007ff8b9130000 - 0x00007ff8b9816000 	C:\WINDOWS\System32\SHELL32.dll
0x00007ff8ba190000 - 0x00007ff8ba239000 	C:\WINDOWS\System32\shcore.dll
0x00007ff8b7470000 - 0x00007ff8b7bf0000 	C:\WINDOWS\System32\windows.storage.dll
0x00007ff8b73d0000 - 0x00007ff8b73f3000 	C:\WINDOWS\System32\profapi.dll
0x00007ff8b7400000 - 0x00007ff8b744a000 	C:\WINDOWS\System32\powrprof.dll
0x00007ff8b73a0000 - 0x00007ff8b73b0000 	C:\WINDOWS\System32\UMPDC.dll
0x00007ff8b86e0000 - 0x00007ff8b8732000 	C:\WINDOWS\System32\shlwapi.dll
0x00007ff8b73b0000 - 0x00007ff8b73c1000 	C:\WINDOWS\System32\kernel.appcore.dll
0x00007ff8b8220000 - 0x00007ff8b8237000 	C:\WINDOWS\System32\cryptsp.dll
0x00007ff8b0e40000 - 0x00007ff8b0e5a000 	C:\Program Files\Java\jre1.8.0_251\bin\net.dll
0x00007ff8b6c10000 - 0x00007ff8b6c77000 	C:\WINDOWS\system32\mswsock.dll
0x00007ff8b6960000 - 0x00007ff8b6a2b000 	C:\WINDOWS\SYSTEM32\DNSAPI.dll
0x00007ff8b9120000 - 0x00007ff8b9128000 	C:\WINDOWS\System32\NSI.dll
0x00007ff8b6920000 - 0x00007ff8b695a000 	C:\WINDOWS\SYSTEM32\IPHLPAPI.DLL
0x00007ff8a51d0000 - 0x00007ff8a51da000 	C:\Windows\System32\rasadhlp.dll
0x00007ff8acad0000 - 0x00007ff8acb47000 	C:\WINDOWS\System32\fwpuclnt.dll
0x00007ff8b7ea0000 - 0x00007ff8b7ec6000 	C:\WINDOWS\System32\bcrypt.dll
0x00007ff8b6780000 - 0x00007ff8b67b3000 	C:\WINDOWS\system32\rsaenh.dll
0x00007ff8b72c0000 - 0x00007ff8b72e5000 	C:\WINDOWS\SYSTEM32\USERENV.dll
0x00007ff8b6de0000 - 0x00007ff8b6dec000 	C:\WINDOWS\SYSTEM32\CRYPTBASE.dll
0x00007ff8acf30000 - 0x00007ff8acf46000 	C:\WINDOWS\SYSTEM32\dhcpcsvc6.DLL
0x00007ff8af400000 - 0x00007ff8af41c000 	C:\WINDOWS\SYSTEM32\dhcpcsvc.DLL
0x00007ff8b0e20000 - 0x00007ff8b0e32000 	C:\Program Files\Java\jre1.8.0_251\bin\nio.dll

VM Arguments:
jvm_args: -ea -Dfile.encoding=Cp1252 
java_command: org.testng.remote.RemoteTestNG -serport 54266 -protocol json -d D:\fpoly\Summer_2020\Testing_Advance\WorkSpace\03134_DuyLe_Assignment\test-output C:\Users\ASDZ\AppData\Local\Temp\testng-eclipse-2085090174\testng-customsuite.xml
java_class_path (initial): D:\Dev_Program\sts-4.5.0.RELEASE\configuration\org.eclipse.osgi\659\0\.cp\lib\testng-remote.jar;D:\fpoly\Summer_2020\Testing_Advance\WorkSpace\03134_DuyLe_Assignment\target\test-classes;D:\fpoly\Summer_2020\Testing_Advance\WorkSpace\03134_DuyLe_Assignment\target\classes;D:\fpoly\Summer_2020\Testing_Advance\WorkSpace\PolyPro\dist\lib\mssql-jdbc-6.2.2.jre8 - Copy.jar;D:\Dev_Program\sts-4.5.0.RELEASE\plugins\org.testng_7.2.0.r202003151902.jar;D:\Dev_Program\sts-4.5.0.RELEASE\plugins\com.beust.jcommander_1.72.0.jar;D:\Dev_Program\sts-4.5.0.RELEASE\plugins\org.apache-extras.beanshell.bsh_2.0.0.b6.jar;D:\Dev_Program\sts-4.5.0.RELEASE\plugins\org.yaml.snakeyaml_1.21.0.jar;C:\Users\ASDZ\.m2\repository\junit\junit\4.11\junit-4.11.jar;C:\Users\ASDZ\.m2\repository\org\hamcrest\hamcrest-core\1.3\hamcrest-core-1.3.jar;C:\Users\ASDZ\.m2\repository\org\mockito\mockito-core\2.28.2\mockito-core-2.28.2.jar;C:\Users\ASDZ\.m2\repository\net\bytebuddy\byte-buddy\1.9.10\byte-buddy-1.9.10.jar;C:\Users\ASDZ\.m2\repository\net\bytebuddy\byte-buddy-agent\1.9.10\byte-buddy-agent-1.9.10.jar;C:\Users\ASDZ\.m2\repository\org\powermock\powermock-core\2.0.2\powermock-core-2.0.2.jar;C:\Users\ASDZ\.m2\repository\org\javassist\javassist\3.24.0-GA\javassist-3.24.0-GA.jar;C:\Users\ASDZ\.m2\repository\org\powermock\powermock-api-mockito2\2.0.2\powermock-api-mockito2-2.0.2.jar;C:\Users\ASDZ\.m2\repository\org\powermock\powermock-module-junit4-common\2.0.2\powermock-module-junit4-common-2.0.2.jar;C:\Users\ASDZ\.m2\repository\org\powermock\powermock-module-junit4\2.0.2\powermock-module-junit4-2.0.2.jar;C:\Users\ASDZ\.m2\repository\org\powermock\powermock-api-support\2.0.2\powermock-api-support-2.0.2.jar;C:\Users\ASDZ\.m2\repository\org\powermock\powermock-module-testng\2.0.2\powermock-module-testng-2.0.2.jar;C:\Users\ASDZ\.m2\repository\org\powermock\powermock-module-testng-common\2.0.2\powermock-module-testng-common-2.0.2.jar;C:\Users\ASDZ\.m2\repository\org\powermock\powermoc
Launcher Type: SUN_STANDARD

Environment Variables:
JAVA_HOME=C:\Program Files\Java\jdk1.8.0_111
CLASSPATH=C:\Program Files\Java\jdk1.8.0_111
PATH=C:/Program Files/Java/jre1.8.0_251/bin/server;C:/Program Files/Java/jre1.8.0_251/bin;C:/Program Files/Java/jre1.8.0_251/lib/amd64;D:\Dev_Program\Python\Scripts\;D:\Dev_Program\Python\;C:\Program Files (x86)\Common Files\Oracle\Java\javapath;C:\ProgramData\Oracle\Java\javapath;C:\Windows\system32;C:\Windows;C:\Windows\System32\Wbem;C:\Windows\System32\WindowsPowerShell\v1.0\;C:\Windows\System32\OpenSSH\;C:\Program Files (x86)\NVIDIA Corporation\PhysX\Common;C:\Program Files\Microsoft SQL Server\110\Tools\Binn\;C:\Program Files (x86)\Microsoft SQL Server\110\Tools\Binn\;C:\Program Files\Microsoft SQL Server\110\DTS\Binn\;C:\Program Files (x86)\Microsoft SQL Server\110\Tools\Binn\ManagementStudio\;C:\Program Files (x86)\Microsoft Visual Studio 10.0\Common7\IDE\PrivateAssemblies\;C:\Program Files (x86)\Microsoft SQL Server\110\DTS\Binn\;C:\WINDOWS\system32;C:\WINDOWS;C:\WINDOWS\System32\Wbem;C:\WINDOWS\System32\WindowsPowerShell\v1.0\;C:\WINDOWS\System32\OpenSSH\;D:\Dev_Program\Git\cmd;C:\Program Files\Java\jdk1.8.0_111\bin;D:\Dev_Program\VisualCode\Microsoft VS Code\bin;D:\Dev_Program\sts-4.5.0.RELEASE;
USERNAME=Lee_Duy
OS=Windows_NT
PROCESSOR_IDENTIFIER=Intel64 Family 6 Model 69 Stepping 1, GenuineIntel



---------------  S Y S T E M  ---------------

OS: Windows 10.0 , 64 bit Build 18362 (10.0.18362.900)

CPU:total 4 (initial active 4) (2 cores per cpu, 2 threads per core) family 6 model 69 stepping 1, cmov, cx8, fxsr, mmx, sse, sse2, sse3, ssse3, sse4.1, sse4.2, popcnt, avx, avx2, aes, clmul, erms, lzcnt, ht, tsc, tscinvbit, bmi1, bmi2

Memory: 4k page, physical 4097340k(413872k free), swap 5526844k(4092k free)

vm_info: Java HotSpot(TM) 64-Bit Server VM (25.251-b08) for windows-amd64 JRE (1.8.0_251-b08), built on Mar 12 2020 06:31:49 by "" with MS VC++ 10.0 (VS2010)

time: Sun Jun 28 15:52:28 2020
timezone: SE Asia Standard Time
elapsed time: 2 seconds (0d 0h 0m 2s)

